     1 00000000                                 [FORMAT "WCOFF"]
     2 00000000                                 [INSTRSET "i486p"]
     3 00000000                                 [OPTIMIZE 1]
     4 00000000                                 [OPTION 1]
     5 00000000                                 [BITS 32]
     6 00000000                                 	EXTERN	_init_gdtidt
     7 00000000                                 	EXTERN	_init_pic
     8 00000000                                 	EXTERN	_io_sti
     9 00000000                                 	EXTERN	_fifo32_init
    10 00000000                                 	EXTERN	_init_pit
    11 00000000                                 	EXTERN	_init_keyboard
    12 00000000                                 	EXTERN	_enable_mouse
    13 00000000                                 	EXTERN	_io_out8
    14 00000000                                 	EXTERN	_memtest
    15 00000000                                 	EXTERN	_memman_init
    16 00000000                                 	EXTERN	_memman_free
    17 00000000                                 	EXTERN	_init_palette
    18 00000000                                 	EXTERN	_shtctl_init
    19 00000000                                 	EXTERN	_task_init
    20 00000000                                 	EXTERN	_task_run
    21 00000000                                 	EXTERN	_sheet_alloc
    22 00000000                                 	EXTERN	_memman_alloc_4k
    23 00000000                                 	EXTERN	_sheet_setbuf
    24 00000000                                 	EXTERN	_init_screen
    25 00000000                                 	EXTERN	_make_window
    26 00000000                                 	EXTERN	_make_textbox8
    27 00000000                                 	EXTERN	_task_alloc
    28 00000000                                 	EXTERN	_console_task
    29 00000000                                 	EXTERN	_init_mouse_cursor8
    30 00000000                                 	EXTERN	_sheet_slide
    31 00000000                                 	EXTERN	_sheet_updown
    32 00000000                                 	EXTERN	_fifo32_put
    33 00000000                                 	EXTERN	_fifo32_status
    34 00000000                                 	EXTERN	_io_cli
    35 00000000                                 	EXTERN	_fifo32_get
    36 00000000                                 	EXTERN	_mouse_decode
    37 00000000                                 	EXTERN	_cons_putstr0
    38 00000000                                 	EXTERN	_asm_end_app
    39 00000000                                 	EXTERN	_keytable0.0
    40 00000000                                 	EXTERN	_wait_KBC_sendready
    41 00000000                                 	EXTERN	_keytable1.1
    42 00000000                                 	EXTERN	_task_sleep
    43 00000000                                 	EXTERN	_change_wtitle8
    44 00000000                                 [FILE "bootpack.c"]
    45                                          [SECTION .data]
    46 00000000                                 _keytable0.0:
    47 00000000 00                              	DB	0
    48 00000001 00                              	DB	0
    49 00000002 31                              	DB	49
    50 00000003 32                              	DB	50
    51 00000004 33                              	DB	51
    52 00000005 34                              	DB	52
    53 00000006 35                              	DB	53
    54 00000007 36                              	DB	54
    55 00000008 37                              	DB	55
    56 00000009 38                              	DB	56
    57 0000000A 39                              	DB	57
    58 0000000B 30                              	DB	48
    59 0000000C 2D                              	DB	45
    60 0000000D 3D                              	DB	61
    61 0000000E 08                              	DB	8
    62 0000000F 00                              	DB	0
    63 00000010 51                              	DB	81
    64 00000011 57                              	DB	87
    65 00000012 45                              	DB	69
    66 00000013 52                              	DB	82
    67 00000014 54                              	DB	84
    68 00000015 59                              	DB	89
    69 00000016 55                              	DB	85
    70 00000017 49                              	DB	73
    71 00000018 4F                              	DB	79
    72 00000019 50                              	DB	80
    73 0000001A 5B                              	DB	91
    74 0000001B 5D                              	DB	93
    75 0000001C 0A                              	DB	10
    76 0000001D 00                              	DB	0
    77 0000001E 41                              	DB	65
    78 0000001F 53                              	DB	83
    79 00000020 44                              	DB	68
    80 00000021 46                              	DB	70
    81 00000022 47                              	DB	71
    82 00000023 48                              	DB	72
    83 00000024 4A                              	DB	74
    84 00000025 4B                              	DB	75
    85 00000026 4C                              	DB	76
    86 00000027 3B                              	DB	59
    87 00000028 27                              	DB	39
    88 00000029 60                              	DB	96
    89 0000002A 00                              	DB	0
    90 0000002B 5C                              	DB	92
    91 0000002C 5A                              	DB	90
    92 0000002D 58                              	DB	88
    93 0000002E 43                              	DB	67
    94 0000002F 56                              	DB	86
    95 00000030 42                              	DB	66
    96 00000031 4E                              	DB	78
    97 00000032 4D                              	DB	77
    98 00000033 2C                              	DB	44
    99 00000034 2E                              	DB	46
   100 00000035 2F                              	DB	47
   101 00000036 00                              	DB	0
   102 00000037 2A                              	DB	42
   103 00000038 00                              	DB	0
   104 00000039 20                              	DB	32
   105 0000003A 00                              	DB	0
   106 0000003B 00                              	DB	0
   107 0000003C 00                              	DB	0
   108 0000003D 00                              	DB	0
   109 0000003E 00                              	DB	0
   110 0000003F 00                              	DB	0
   111 00000040 00                              	DB	0
   112 00000041 00                              	DB	0
   113 00000042 00                              	DB	0
   114 00000043 00                              	DB	0
   115 00000044 00                              	DB	0
   116 00000045 00                              	DB	0
   117 00000046 00                              	DB	0
   118 00000047 37                              	DB	55
   119 00000048 38                              	DB	56
   120 00000049 39                              	DB	57
   121 0000004A 2D                              	DB	45
   122 0000004B 34                              	DB	52
   123 0000004C 35                              	DB	53
   124 0000004D 36                              	DB	54
   125 0000004E 2B                              	DB	43
   126 0000004F 31                              	DB	49
   127 00000050 32                              	DB	50
   128 00000051 33                              	DB	51
   129 00000052 30                              	DB	48
   130 00000053 2E                              	DB	46
   131 00000054 00                              	DB	0
   132 00000055 00                              	DB	0
   133 00000056 00                              	DB	0
   134 00000057 00                              	DB	0
   135 00000058 00                              	DB	0
   136 00000059 00                              	DB	0
   137 0000005A 00                              	DB	0
   138 0000005B 00                              	DB	0
   139 0000005C 00                              	DB	0
   140 0000005D 00                              	DB	0
   141 0000005E 00                              	DB	0
   142 0000005F 00                              	DB	0
   143 00000060 00                              	DB	0
   144 00000061 00                              	DB	0
   145 00000062 00                              	DB	0
   146 00000063 00                              	DB	0
   147 00000064 00                              	DB	0
   148 00000065 00                              	DB	0
   149 00000066 00                              	DB	0
   150 00000067 00                              	DB	0
   151 00000068 00                              	DB	0
   152 00000069 00                              	DB	0
   153 0000006A 00                              	DB	0
   154 0000006B 00                              	DB	0
   155 0000006C 00                              	DB	0
   156 0000006D 00                              	DB	0
   157 0000006E 00                              	DB	0
   158 0000006F 00                              	DB	0
   159 00000070 00                              	DB	0
   160 00000071 00                              	DB	0
   161 00000072 00                              	DB	0
   162 00000073 5C                              	DB	92
   163 00000074 00                              	DB	0
   164 00000075 00                              	DB	0
   165 00000076 00                              	DB	0
   166 00000077 00                              	DB	0
   167 00000078 00                              	DB	0
   168 00000079 00                              	DB	0
   169 0000007A 00                              	DB	0
   170 0000007B 00                              	DB	0
   171 0000007C 00                              	DB	0
   172 0000007D 5C                              	DB	92
   173 0000007E 00                              	DB	0
   174 0000007F 00                              	DB	0
   175 00000080                                 _keytable1.1:
   176 00000080 00                              	DB	0
   177 00000081 00                              	DB	0
   178 00000082 21                              	DB	33
   179 00000083 40                              	DB	64
   180 00000084 23                              	DB	35
   181 00000085 24                              	DB	36
   182 00000086 25                              	DB	37
   183 00000087 5E                              	DB	94
   184 00000088 26                              	DB	38
   185 00000089 2A                              	DB	42
   186 0000008A 28                              	DB	40
   187 0000008B 29                              	DB	41
   188 0000008C 5F                              	DB	95
   189 0000008D 2B                              	DB	43
   190 0000008E 08                              	DB	8
   191 0000008F 00                              	DB	0
   192 00000090 51                              	DB	81
   193 00000091 57                              	DB	87
   194 00000092 45                              	DB	69
   195 00000093 52                              	DB	82
   196 00000094 54                              	DB	84
   197 00000095 59                              	DB	89
   198 00000096 55                              	DB	85
   199 00000097 49                              	DB	73
   200 00000098 4F                              	DB	79
   201 00000099 50                              	DB	80
   202 0000009A 7B                              	DB	123
   203 0000009B 7D                              	DB	125
   204 0000009C 0A                              	DB	10
   205 0000009D 00                              	DB	0
   206 0000009E 41                              	DB	65
   207 0000009F 53                              	DB	83
   208 000000A0 44                              	DB	68
   209 000000A1 46                              	DB	70
   210 000000A2 47                              	DB	71
   211 000000A3 48                              	DB	72
   212 000000A4 4A                              	DB	74
   213 000000A5 4B                              	DB	75
   214 000000A6 4C                              	DB	76
   215 000000A7 3A                              	DB	58
   216 000000A8 22                              	DB	34
   217 000000A9 7E                              	DB	126
   218 000000AA 00                              	DB	0
   219 000000AB 7C                              	DB	124
   220 000000AC 5A                              	DB	90
   221 000000AD 58                              	DB	88
   222 000000AE 43                              	DB	67
   223 000000AF 56                              	DB	86
   224 000000B0 42                              	DB	66
   225 000000B1 4E                              	DB	78
   226 000000B2 4D                              	DB	77
   227 000000B3 3C                              	DB	60
   228 000000B4 3E                              	DB	62
   229 000000B5 3F                              	DB	63
   230 000000B6 00                              	DB	0
   231 000000B7 2A                              	DB	42
   232 000000B8 00                              	DB	0
   233 000000B9 20                              	DB	32
   234 000000BA 00                              	DB	0
   235 000000BB 00                              	DB	0
   236 000000BC 00                              	DB	0
   237 000000BD 00                              	DB	0
   238 000000BE 00                              	DB	0
   239 000000BF 00                              	DB	0
   240 000000C0 00                              	DB	0
   241 000000C1 00                              	DB	0
   242 000000C2 00                              	DB	0
   243 000000C3 00                              	DB	0
   244 000000C4 00                              	DB	0
   245 000000C5 00                              	DB	0
   246 000000C6 00                              	DB	0
   247 000000C7 37                              	DB	55
   248 000000C8 38                              	DB	56
   249 000000C9 39                              	DB	57
   250 000000CA 2D                              	DB	45
   251 000000CB 34                              	DB	52
   252 000000CC 35                              	DB	53
   253 000000CD 36                              	DB	54
   254 000000CE 2B                              	DB	43
   255 000000CF 31                              	DB	49
   256 000000D0 32                              	DB	50
   257 000000D1 33                              	DB	51
   258 000000D2 30                              	DB	48
   259 000000D3 2E                              	DB	46
   260 000000D4 00                              	DB	0
   261 000000D5 00                              	DB	0
   262 000000D6 00                              	DB	0
   263 000000D7 00                              	DB	0
   264 000000D8 00                              	DB	0
   265 000000D9 00                              	DB	0
   266 000000DA 00                              	DB	0
   267 000000DB 00                              	DB	0
   268 000000DC 00                              	DB	0
   269 000000DD 00                              	DB	0
   270 000000DE 00                              	DB	0
   271 000000DF 00                              	DB	0
   272 000000E0 00                              	DB	0
   273 000000E1 00                              	DB	0
   274 000000E2 00                              	DB	0
   275 000000E3 00                              	DB	0
   276 000000E4 00                              	DB	0
   277 000000E5 00                              	DB	0
   278 000000E6 00                              	DB	0
   279 000000E7 00                              	DB	0
   280 000000E8 00                              	DB	0
   281 000000E9 00                              	DB	0
   282 000000EA 00                              	DB	0
   283 000000EB 00                              	DB	0
   284 000000EC 00                              	DB	0
   285 000000ED 00                              	DB	0
   286 000000EE 00                              	DB	0
   287 000000EF 00                              	DB	0
   288 000000F0 00                              	DB	0
   289 000000F1 00                              	DB	0
   290 000000F2 00                              	DB	0
   291 000000F3 00                              	DB	0
   292 000000F4 00                              	DB	0
   293 000000F5 00                              	DB	0
   294 000000F6 00                              	DB	0
   295 000000F7 00                              	DB	0
   296 000000F8 00                              	DB	0
   297 000000F9 00                              	DB	0
   298 000000FA 00                              	DB	0
   299 000000FB 00                              	DB	0
   300 000000FC 00                              	DB	0
   301 000000FD 00                              	DB	0
   302 000000FE 00                              	DB	0
   303 000000FF 00                              	DB	0
   304 00000100                                 LC0:
   305 00000100 63 6F 6E 73 6F 6C 65 00         	DB	"console",0x00
   306 00000108                                 LC1:
   307 00000108 0A 42 72 65 61 6B 28 6D 6F 75   	DB	0x0A,"Break(mouse) :",0x0A,0x00
       00000112 73 65 29 20 3A 0A 00 
   308                                          [SECTION .text]
   309 00000000                                 	GLOBAL	_HariMain
   310 00000000                                 _HariMain:
   311 00000000 55                              	PUSH	EBP
   312 00000001 89 E5                           	MOV	EBP,ESP
   313 00000003 57                              	PUSH	EDI
   314 00000004 56                              	PUSH	ESI
   315 00000005 53                              	PUSH	EBX
   316 00000006 8D 5D A4                        	LEA	EBX,DWORD [-92+EBP]
   317 00000009 81 EC 00000474                  	SUB	ESP,1140
   318 0000000F C7 85 FFFFFBC0 FFFFFFFF         	MOV	DWORD [-1088+EBP],-1
   319 00000019 C7 85 FFFFFBBC 00000000         	MOV	DWORD [-1092+EBP],0
   320 00000023 C7 85 FFFFFBB8 7FFFFFFF         	MOV	DWORD [-1096+EBP],2147483647
   321 0000002D C7 85 FFFFFBB4 00000000         	MOV	DWORD [-1100+EBP],0
   322 00000037 C7 85 FFFFFBA0 00000000         	MOV	DWORD [-1120+EBP],0
   323 00000041 A0 00000FF1                     	MOV	AL,BYTE [4081]
   324 00000046 C0 F8 04                        	SAR	AL,4
   325 00000049 89 C2                           	MOV	EDX,EAX
   326 0000004B 83 E2 07                        	AND	EDX,7
   327 0000004E 89 95 FFFFFB9C                  	MOV	DWORD [-1124+EBP],EDX
   328 00000054 C7 85 FFFFFB98 FFFFFFFF         	MOV	DWORD [-1128+EBP],-1
   329 0000005E C7 85 FFFFFB94 FFFFFFFF         	MOV	DWORD [-1132+EBP],-1
   330 00000068 C7 85 FFFFFB90 FFFFFFFF         	MOV	DWORD [-1136+EBP],-1
   331 00000072 C7 85 FFFFFB8C 00000000         	MOV	DWORD [-1140+EBP],0
   332 0000007C C7 85 FFFFFB88 00000000         	MOV	DWORD [-1144+EBP],0
   333 00000086 E8 [00000000]                   	CALL	_init_gdtidt
   334 0000008B E8 [00000000]                   	CALL	_init_pic
   335 00000090 E8 [00000000]                   	CALL	_io_sti
   336 00000095 8D 85 FFFFFD84                  	LEA	EAX,DWORD [-636+EBP]
   337 0000009B 6A 00                           	PUSH	0
   338 0000009D 50                              	PUSH	EAX
   339 0000009E 68 00000080                     	PUSH	128
   340 000000A3 53                              	PUSH	EBX
   341 000000A4 E8 [00000000]                   	CALL	_fifo32_init
   342 000000A9 E8 [00000000]                   	CALL	_init_pit
   343 000000AE 68 00000100                     	PUSH	256
   344 000000B3 53                              	PUSH	EBX
   345 000000B4 E8 [00000000]                   	CALL	_init_keyboard
   346 000000B9 8D 85 FFFFFCF4                  	LEA	EAX,DWORD [-780+EBP]
   347 000000BF 50                              	PUSH	EAX
   348 000000C0 68 00000200                     	PUSH	512
   349 000000C5 53                              	PUSH	EBX
   350 000000C6 E8 [00000000]                   	CALL	_enable_mouse
   351 000000CB 83 C4 24                        	ADD	ESP,36
   352 000000CE 68 000000F8                     	PUSH	248
   353 000000D3 6A 21                           	PUSH	33
   354 000000D5 E8 [00000000]                   	CALL	_io_out8
   355 000000DA 68 000000EF                     	PUSH	239
   356 000000DF 68 000000A1                     	PUSH	161
   357 000000E4 E8 [00000000]                   	CALL	_io_out8
   358 000000E9 8D 85 FFFFFD04                  	LEA	EAX,DWORD [-764+EBP]
   359 000000EF 6A 00                           	PUSH	0
   360 000000F1 50                              	PUSH	EAX
   361 000000F2 8D 45 84                        	LEA	EAX,DWORD [-124+EBP]
   362 000000F5 6A 20                           	PUSH	32
   363 000000F7 50                              	PUSH	EAX
   364 000000F8 E8 [00000000]                   	CALL	_fifo32_init
   365 000000FD 83 C4 20                        	ADD	ESP,32
   366 00000100 68 BFFFFFFF                     	PUSH	-1073741825
   367 00000105 68 00400000                     	PUSH	4194304
   368 0000010A E8 [00000000]                   	CALL	_memtest
   369 0000010F 68 003C0000                     	PUSH	3932160
   370 00000114 89 85 FFFFFBB0                  	MOV	DWORD [-1104+EBP],EAX
   371 0000011A E8 [00000000]                   	CALL	_memman_init
   372 0000011F 68 0009E000                     	PUSH	647168
   373 00000124 68 00001000                     	PUSH	4096
   374 00000129 68 003C0000                     	PUSH	3932160
   375 0000012E E8 [00000000]                   	CALL	_memman_free
   376 00000133 8B 85 FFFFFBB0                  	MOV	EAX,DWORD [-1104+EBP]
   377 00000139 2D 00400000                     	SUB	EAX,4194304
   378 0000013E 50                              	PUSH	EAX
   379 0000013F 68 00400000                     	PUSH	4194304
   380 00000144 68 003C0000                     	PUSH	3932160
   381 00000149 E8 [00000000]                   	CALL	_memman_free
   382 0000014E 83 C4 24                        	ADD	ESP,36
   383 00000151 E8 [00000000]                   	CALL	_init_palette
   384 00000156 0F BF 05 00000FF6               	MOVSX	EAX,WORD [4086]
   385 0000015D 50                              	PUSH	EAX
   386 0000015E 0F BF 05 00000FF4               	MOVSX	EAX,WORD [4084]
   387 00000165 50                              	PUSH	EAX
   388 00000166 FF 35 00000FF8                  	PUSH	DWORD [4088]
   389 0000016C 68 003C0000                     	PUSH	3932160
   390 00000171 E8 [00000000]                   	CALL	_shtctl_init
   391 00000176 68 003C0000                     	PUSH	3932160
   392 0000017B 89 85 FFFFFBD0                  	MOV	DWORD [-1072+EBP],EAX
   393 00000181 E8 [00000000]                   	CALL	_task_init
   394 00000186 6A 02                           	PUSH	2
   395 00000188 6A 01                           	PUSH	1
   396 0000018A 89 85 FFFFFBA4                  	MOV	DWORD [-1116+EBP],EAX
   397 00000190 50                              	PUSH	EAX
   398 00000191 89 45 BC                        	MOV	DWORD [-68+EBP],EAX
   399 00000194 E8 [00000000]                   	CALL	_task_run
   400 00000199 83 C4 20                        	ADD	ESP,32
   401 0000019C 8B 8D FFFFFBD0                  	MOV	ECX,DWORD [-1072+EBP]
   402 000001A2 89 0D 00000FE4                  	MOV	DWORD [4068],ECX
   403 000001A8 51                              	PUSH	ECX
   404 000001A9 E8 [00000000]                   	CALL	_sheet_alloc
   405 000001AE 0F BF 15 00000FF6               	MOVSX	EDX,WORD [4086]
   406 000001B5 89 85 FFFFFBAC                  	MOV	DWORD [-1108+EBP],EAX
   407 000001BB 0F BF 05 00000FF4               	MOVSX	EAX,WORD [4084]
   408 000001C2 0F AF C2                        	IMUL	EAX,EDX
   409 000001C5 50                              	PUSH	EAX
   410 000001C6 68 003C0000                     	PUSH	3932160
   411 000001CB E8 [00000000]                   	CALL	_memman_alloc_4k
   412 000001D0 6A FF                           	PUSH	-1
   413 000001D2 89 C3                           	MOV	EBX,EAX
   414 000001D4 0F BF 05 00000FF6               	MOVSX	EAX,WORD [4086]
   415 000001DB 50                              	PUSH	EAX
   416 000001DC 0F BF 05 00000FF4               	MOVSX	EAX,WORD [4084]
   417 000001E3 50                              	PUSH	EAX
   418 000001E4 53                              	PUSH	EBX
   419 000001E5 FF B5 FFFFFBAC                  	PUSH	DWORD [-1108+EBP]
   420 000001EB E8 [00000000]                   	CALL	_sheet_setbuf
   421 000001F0 83 C4 20                        	ADD	ESP,32
   422 000001F3 0F BF 05 00000FF6               	MOVSX	EAX,WORD [4086]
   423 000001FA 50                              	PUSH	EAX
   424 000001FB 0F BF 05 00000FF4               	MOVSX	EAX,WORD [4084]
   425 00000202 50                              	PUSH	EAX
   426 00000203 53                              	PUSH	EBX
   427 00000204 E8 [00000000]                   	CALL	_init_screen
   428 00000209 83 C4 0C                        	ADD	ESP,12
   429 0000020C C7 85 FFFFFBC4 00000001         	MOV	DWORD [-1084+EBP],1
   430 00000216 31 FF                           	XOR	EDI,EDI
   431 00000218                                 L6:
   432 00000218 FF B5 FFFFFBD0                  	PUSH	DWORD [-1072+EBP]
   433 0000021E 8D 9D FFFFFBE4                  	LEA	EBX,DWORD [-1052+EBP]
   434 00000224 E8 [00000000]                   	CALL	_sheet_alloc
   435 00000229 68 0001FB94                     	PUSH	129940
   436 0000022E 8D B5 FFFFFBDC                  	LEA	ESI,DWORD [-1060+EBP]
   437 00000234 68 003C0000                     	PUSH	3932160
   438 00000239 89 84 3D FFFFFBEC               	MOV	DWORD [-1044+EBP+EDI*1],EAX
   439 00000240 E8 [00000000]                   	CALL	_memman_alloc_4k
   440 00000245 89 04 3B                        	MOV	DWORD [EBX+EDI*1],EAX
   441 00000248 6A FF                           	PUSH	-1
   442 0000024A 68 0000016D                     	PUSH	365
   443 0000024F 68 00000164                     	PUSH	356
   444 00000254 50                              	PUSH	EAX
   445 00000255 FF B4 3D FFFFFBEC               	PUSH	DWORD [-1044+EBP+EDI*1]
   446 0000025C E8 [00000000]                   	CALL	_sheet_setbuf
   447 00000261 83 C4 20                        	ADD	ESP,32
   448 00000264 6A 00                           	PUSH	0
   449 00000266 68 [00000100]                   	PUSH	LC0
   450 0000026B 68 0000016D                     	PUSH	365
   451 00000270 68 00000164                     	PUSH	356
   452 00000275 FF 34 3B                        	PUSH	DWORD [EBX+EDI*1]
   453 00000278 E8 [00000000]                   	CALL	_make_window
   454 0000027D 6A 00                           	PUSH	0
   455 0000027F 68 00000148                     	PUSH	328
   456 00000284 68 00000154                     	PUSH	340
   457 00000289 6A 1C                           	PUSH	28
   458 0000028B 6A 08                           	PUSH	8
   459 0000028D FF B4 3D FFFFFBEC               	PUSH	DWORD [-1044+EBP+EDI*1]
   460 00000294 E8 [00000000]                   	CALL	_make_textbox8
   461 00000299 83 C4 2C                        	ADD	ESP,44
   462 0000029C E8 [00000000]                   	CALL	_task_alloc
   463 000002A1 89 C3                           	MOV	EBX,EAX
   464 000002A3 89 04 3E                        	MOV	DWORD [ESI+EDI*1],EAX
   465 000002A6 68 00010000                     	PUSH	65536
   466 000002AB 68 003C0000                     	PUSH	3932160
   467 000002B0 E8 [00000000]                   	CALL	_memman_alloc_4k
   468 000002B5 8B 94 3D FFFFFBEC               	MOV	EDX,DWORD [-1044+EBP+EDI*1]
   469 000002BC 05 0000FFF4                     	ADD	EAX,65524
   470 000002C1 89 43 64                        	MOV	DWORD [100+EBX],EAX
   471 000002C4 8B 04 3E                        	MOV	EAX,DWORD [ESI+EDI*1]
   472 000002C7 8B 48 64                        	MOV	ECX,DWORD [100+EAX]
   473 000002CA C7 40 4C [00000000]             	MOV	DWORD [76+EAX],_console_task
   474 000002D1 C7 40 74 00000008               	MOV	DWORD [116+EAX],8
   475 000002D8 C7 40 78 00000010               	MOV	DWORD [120+EAX],16
   476 000002DF C7 40 7C 00000008               	MOV	DWORD [124+EAX],8
   477 000002E6 C7 80 00000080 00000008         	MOV	DWORD [128+EAX],8
   478 000002F0 C7 80 00000084 00000008         	MOV	DWORD [132+EAX],8
   479 000002FA C7 80 00000088 00000008         	MOV	DWORD [136+EAX],8
   480 00000304 89 51 04                        	MOV	DWORD [4+ECX],EDX
   481 00000307 8B 8D FFFFFBB0                  	MOV	ECX,DWORD [-1104+EBP]
   482 0000030D 8B 50 64                        	MOV	EDX,DWORD [100+EAX]
   483 00000310 89 4A 08                        	MOV	DWORD [8+EDX],ECX
   484 00000313 6A 02                           	PUSH	2
   485 00000315 6A 02                           	PUSH	2
   486 00000317 50                              	PUSH	EAX
   487 00000318 E8 [00000000]                   	CALL	_task_run
   488 0000031D 8B 14 3E                        	MOV	EDX,DWORD [ESI+EDI*1]
   489 00000320 8B 84 3D FFFFFBEC               	MOV	EAX,DWORD [-1044+EBP+EDI*1]
   490 00000327 83 48 1C 20                     	OR	DWORD [28+EAX],32
   491 0000032B 89 50 24                        	MOV	DWORD [36+EAX],EDX
   492 0000032E 68 00000200                     	PUSH	512
   493 00000333 68 003C0000                     	PUSH	3932160
   494 00000338 E8 [00000000]                   	CALL	_memman_alloc_4k
   495 0000033D 8D 95 FFFFFBD4                  	LEA	EDX,DWORD [-1068+EBP]
   496 00000343 89 04 3A                        	MOV	DWORD [EDX+EDI*1],EAX
   497 00000346 FF 34 3E                        	PUSH	DWORD [ESI+EDI*1]
   498 00000349 50                              	PUSH	EAX
   499 0000034A 68 00000080                     	PUSH	128
   500 0000034F 8B 04 3E                        	MOV	EAX,DWORD [ESI+EDI*1]
   501 00000352 83 C7 04                        	ADD	EDI,4
   502 00000355 83 C0 10                        	ADD	EAX,16
   503 00000358 50                              	PUSH	EAX
   504 00000359 E8 [00000000]                   	CALL	_fifo32_init
   505 0000035E 83 C4 2C                        	ADD	ESP,44
   506 00000361 FF 8D FFFFFBC4                  	DEC	DWORD [-1084+EBP]
   507 00000367 0F 89 FFFFFEAB                  	JNS	L6
   508 0000036D FF B5 FFFFFBD0                  	PUSH	DWORD [-1072+EBP]
   509 00000373 C7 85 FFFFFBC4 00000002         	MOV	DWORD [-1084+EBP],2
   510 0000037D 8D 9D FFFFFBF4                  	LEA	EBX,DWORD [-1036+EBP]
   511 00000383 E8 [00000000]                   	CALL	_sheet_alloc
   512 00000388 6A 63                           	PUSH	99
   513 0000038A 6A 10                           	PUSH	16
   514 0000038C 89 85 FFFFFBA8                  	MOV	DWORD [-1112+EBP],EAX
   515 00000392 6A 10                           	PUSH	16
   516 00000394 53                              	PUSH	EBX
   517 00000395 50                              	PUSH	EAX
   518 00000396 E8 [00000000]                   	CALL	_sheet_setbuf
   519 0000039B 6A 63                           	PUSH	99
   520 0000039D 53                              	PUSH	EBX
   521 0000039E 8D 5D 84                        	LEA	EBX,DWORD [-124+EBP]
   522 000003A1 E8 [00000000]                   	CALL	_init_mouse_cursor8
   523 000003A6 83 C4 20                        	ADD	ESP,32
   524 000003A9 0F BF 05 00000FF4               	MOVSX	EAX,WORD [4084]
   525 000003B0 8D 50 F0                        	LEA	EDX,DWORD [-16+EAX]
   526 000003B3 89 D0                           	MOV	EAX,EDX
   527 000003B5 99                              	CDQ
   528 000003B6 F7 BD FFFFFBC4                  	IDIV	DWORD [-1084+EBP]
   529 000003BC 89 85 FFFFFBCC                  	MOV	DWORD [-1076+EBP],EAX
   530 000003C2 0F BF 05 00000FF6               	MOVSX	EAX,WORD [4086]
   531 000003C9 6A 00                           	PUSH	0
   532 000003CB 8D 50 D4                        	LEA	EDX,DWORD [-44+EAX]
   533 000003CE 6A 00                           	PUSH	0
   534 000003D0 89 D0                           	MOV	EAX,EDX
   535 000003D2 99                              	CDQ
   536 000003D3 F7 BD FFFFFBC4                  	IDIV	DWORD [-1084+EBP]
   537 000003D9 FF B5 FFFFFBAC                  	PUSH	DWORD [-1108+EBP]
   538 000003DF 89 85 FFFFFBC8                  	MOV	DWORD [-1080+EBP],EAX
   539 000003E5 E8 [00000000]                   	CALL	_sheet_slide
   540 000003EA 68 00000100                     	PUSH	256
   541 000003EF 68 00000190                     	PUSH	400
   542 000003F4 FF B5 FFFFFBF0                  	PUSH	DWORD [-1040+EBP]
   543 000003FA E8 [00000000]                   	CALL	_sheet_slide
   544 000003FF 68 00000100                     	PUSH	256
   545 00000404 6A 3C                           	PUSH	60
   546 00000406 FF B5 FFFFFBEC                  	PUSH	DWORD [-1044+EBP]
   547 0000040C E8 [00000000]                   	CALL	_sheet_slide
   548 00000411 83 C4 24                        	ADD	ESP,36
   549 00000414 FF B5 FFFFFBC8                  	PUSH	DWORD [-1080+EBP]
   550 0000041A FF B5 FFFFFBCC                  	PUSH	DWORD [-1076+EBP]
   551 00000420 FF B5 FFFFFBA8                  	PUSH	DWORD [-1112+EBP]
   552 00000426 E8 [00000000]                   	CALL	_sheet_slide
   553 0000042B 6A 00                           	PUSH	0
   554 0000042D FF B5 FFFFFBAC                  	PUSH	DWORD [-1108+EBP]
   555 00000433 E8 [00000000]                   	CALL	_sheet_updown
   556 00000438 6A 01                           	PUSH	1
   557 0000043A FF B5 FFFFFBF0                  	PUSH	DWORD [-1040+EBP]
   558 00000440 E8 [00000000]                   	CALL	_sheet_updown
   559 00000445 6A 02                           	PUSH	2
   560 00000447 FF B5 FFFFFBEC                  	PUSH	DWORD [-1044+EBP]
   561 0000044D E8 [00000000]                   	CALL	_sheet_updown
   562 00000452 83 C4 24                        	ADD	ESP,36
   563 00000455 6A 03                           	PUSH	3
   564 00000457 FF B5 FFFFFBA8                  	PUSH	DWORD [-1112+EBP]
   565 0000045D E8 [00000000]                   	CALL	_sheet_updown
   566 00000462 8B BD FFFFFBEC                  	MOV	EDI,DWORD [-1044+EBP]
   567 00000468 57                              	PUSH	EDI
   568 00000469 E8 00000629                     	CALL	_keywin_on
   569 0000046E 68 000000ED                     	PUSH	237
   570 00000473 53                              	PUSH	EBX
   571 00000474 E8 [00000000]                   	CALL	_fifo32_put
   572 00000479 FF B5 FFFFFB9C                  	PUSH	DWORD [-1124+EBP]
   573 0000047F 53                              	PUSH	EBX
   574 00000480 E8 [00000000]                   	CALL	_fifo32_put
   575 00000485 83 C4 1C                        	ADD	ESP,28
   576 00000488                                 L64:
   577 00000488 8D 5D 84                        	LEA	EBX,DWORD [-124+EBP]
   578 0000048B 53                              	PUSH	EBX
   579 0000048C E8 [00000000]                   	CALL	_fifo32_status
   580 00000491 59                              	POP	ECX
   581 00000492 85 C0                           	TEST	EAX,EAX
   582 00000494 7E 0D                           	JLE	L10
   583 00000496 83 BD FFFFFB98 00               	CMP	DWORD [-1128+EBP],0
   584 0000049D 0F 88 000005A0                  	JS	L74
   585 000004A3                                 L10:
   586 000004A3 8D 5D A4                        	LEA	EBX,DWORD [-92+EBP]
   587 000004A6 E8 [00000000]                   	CALL	_io_cli
   588 000004AB 53                              	PUSH	EBX
   589 000004AC E8 [00000000]                   	CALL	_fifo32_status
   590 000004B1 5A                              	POP	EDX
   591 000004B2 85 C0                           	TEST	EAX,EAX
   592 000004B4 0F 84 00000529                  	JE	L75
   593 000004BA 53                              	PUSH	EBX
   594 000004BB E8 [00000000]                   	CALL	_fifo32_get
   595 000004C0 89 85 FFFFFBC4                  	MOV	DWORD [-1084+EBP],EAX
   596 000004C6 E8 [00000000]                   	CALL	_io_sti
   597 000004CB 5B                              	POP	EBX
   598 000004CC 83 7F 1C 00                     	CMP	DWORD [28+EDI],0
   599 000004D0 75 14                           	JNE	L17
   600 000004D2 8B 95 FFFFFBD0                  	MOV	EDX,DWORD [-1072+EBP]
   601 000004D8 8B 42 10                        	MOV	EAX,DWORD [16+EDX]
   602 000004DB 8B 7C 82 10                     	MOV	EDI,DWORD [16+EDX+EAX*4]
   603 000004DF 57                              	PUSH	EDI
   604 000004E0 E8 000005B2                     	CALL	_keywin_on
   605 000004E5 59                              	POP	ECX
   606 000004E6                                 L17:
   607 000004E6 8B 85 FFFFFBC4                  	MOV	EAX,DWORD [-1084+EBP]
   608 000004EC 2D 00000100                     	SUB	EAX,256
   609 000004F1 3D 000000FF                     	CMP	EAX,255
   610 000004F6 0F 86 000002B6                  	JBE	L76
   611 000004FC 8B 85 FFFFFBC4                  	MOV	EAX,DWORD [-1084+EBP]
   612 00000502 2D 00000200                     	SUB	EAX,512
   613 00000507 3D 000000FF                     	CMP	EAX,255
   614 0000050C 0F 87 FFFFFF76                  	JA	L64
   615 00000512 0F B6 85 FFFFFBC4               	MOVZX	EAX,BYTE [-1084+EBP]
   616 00000519 50                              	PUSH	EAX
   617 0000051A 8D 85 FFFFFCF4                  	LEA	EAX,DWORD [-780+EBP]
   618 00000520 50                              	PUSH	EAX
   619 00000521 E8 [00000000]                   	CALL	_mouse_decode
   620 00000526 59                              	POP	ECX
   621 00000527 5B                              	POP	EBX
   622 00000528 85 C0                           	TEST	EAX,EAX
   623 0000052A 0F 84 FFFFFF58                  	JE	L64
   624 00000530 8B 8D FFFFFCFC                  	MOV	ECX,DWORD [-772+EBP]
   625 00000536 8B 85 FFFFFCF8                  	MOV	EAX,DWORD [-776+EBP]
   626 0000053C 01 8D FFFFFBC8                  	ADD	DWORD [-1080+EBP],ECX
   627 00000542 01 85 FFFFFBCC                  	ADD	DWORD [-1076+EBP],EAX
   628 00000548 0F 88 00000255                  	JS	L77
   629 0000054E                                 L44:
   630 0000054E 83 BD FFFFFBC8 00               	CMP	DWORD [-1080+EBP],0
   631 00000555 0F 88 00000239                  	JS	L78
   632 0000055B                                 L45:
   633 0000055B 0F BF 05 00000FF4               	MOVSX	EAX,WORD [4084]
   634 00000562 48                              	DEC	EAX
   635 00000563 39 85 FFFFFBCC                  	CMP	DWORD [-1076+EBP],EAX
   636 00000569 7E 06                           	JLE	L46
   637 0000056B 89 85 FFFFFBCC                  	MOV	DWORD [-1076+EBP],EAX
   638 00000571                                 L46:
   639 00000571 0F BF 05 00000FF6               	MOVSX	EAX,WORD [4086]
   640 00000578 48                              	DEC	EAX
   641 00000579 39 85 FFFFFBC8                  	CMP	DWORD [-1080+EBP],EAX
   642 0000057F 7E 06                           	JLE	L47
   643 00000581 89 85 FFFFFBC8                  	MOV	DWORD [-1080+EBP],EAX
   644 00000587                                 L47:
   645 00000587 8B 95 FFFFFBCC                  	MOV	EDX,DWORD [-1076+EBP]
   646 0000058D 8B 8D FFFFFBC8                  	MOV	ECX,DWORD [-1080+EBP]
   647 00000593 89 95 FFFFFBC0                  	MOV	DWORD [-1088+EBP],EDX
   648 00000599 89 8D FFFFFBBC                  	MOV	DWORD [-1092+EBP],ECX
   649 0000059F F7 85 FFFFFD00 00000001         	TEST	DWORD [-768+EBP],1
   650 000005A9 75 43                           	JNE	L79
   651 000005AB C7 85 FFFFFB94 FFFFFFFF         	MOV	DWORD [-1132+EBP],-1
   652 000005B5 81 BD FFFFFBB8 7FFFFFFF         	CMP	DWORD [-1096+EBP],2147483647
   653 000005BF 0F 84 FFFFFEC3                  	JE	L64
   654 000005C5                                 L70:
   655 000005C5 FF B5 FFFFFBB4                  	PUSH	DWORD [-1100+EBP]
   656 000005CB FF B5 FFFFFBB8                  	PUSH	DWORD [-1096+EBP]
   657 000005D1 FF B5 FFFFFB88                  	PUSH	DWORD [-1144+EBP]
   658 000005D7 E8 [00000000]                   	CALL	_sheet_slide
   659 000005DC C7 85 FFFFFBB8 7FFFFFFF         	MOV	DWORD [-1096+EBP],2147483647
   660 000005E6                                 L71:
   661 000005E6 83 C4 0C                        	ADD	ESP,12
   662 000005E9 E9 FFFFFE9A                     	JMP	L64
   663 000005EE                                 L79:
   664 000005EE 83 BD FFFFFB94 00               	CMP	DWORD [-1132+EBP],0
   665 000005F5 78 46                           	JS	L80
   666 000005F7 8B 9D FFFFFBCC                  	MOV	EBX,DWORD [-1076+EBP]
   667 000005FD 8B 85 FFFFFB8C                  	MOV	EAX,DWORD [-1140+EBP]
   668 00000603 2B 9D FFFFFB94                  	SUB	EBX,DWORD [-1132+EBP]
   669 00000609 8B B5 FFFFFBC8                  	MOV	ESI,DWORD [-1080+EBP]
   670 0000060F 2B B5 FFFFFB90                  	SUB	ESI,DWORD [-1136+EBP]
   671 00000615 8B 95 FFFFFBC8                  	MOV	EDX,DWORD [-1080+EBP]
   672 0000061B 8D 5C 03 02                     	LEA	EBX,DWORD [2+EBX+EAX*1]
   673 0000061F 89 95 FFFFFB90                  	MOV	DWORD [-1136+EBP],EDX
   674 00000625 89 9D FFFFFBB8                  	MOV	DWORD [-1096+EBP],EBX
   675 0000062B 01 B5 FFFFFBB4                  	ADD	DWORD [-1100+EBP],ESI
   676 00000631 83 A5 FFFFFBB8 FC               	AND	DWORD [-1096+EBP],-4
   677 00000638 E9 FFFFFE4B                     	JMP	L64
   678 0000063D                                 L80:
   679 0000063D 8B 85 FFFFFBD0                  	MOV	EAX,DWORD [-1072+EBP]
   680 00000643 8B 40 10                        	MOV	EAX,DWORD [16+EAX]
   681 00000646 89 85 FFFFFB84                  	MOV	DWORD [-1148+EBP],EAX
   682 0000064C 89 C1                           	MOV	ECX,EAX
   683 0000064E                                 L73:
   684 0000064E 49                              	DEC	ECX
   685 0000064F 85 C9                           	TEST	ECX,ECX
   686 00000651 0F 8E FFFFFE31                  	JLE	L64
   687 00000657 8B 95 FFFFFBD0                  	MOV	EDX,DWORD [-1072+EBP]
   688 0000065D 8B B5 FFFFFBC8                  	MOV	ESI,DWORD [-1080+EBP]
   689 00000663 8B 9D FFFFFBCC                  	MOV	EBX,DWORD [-1076+EBP]
   690 00000669 8B 54 8A 14                     	MOV	EDX,DWORD [20+EDX+ECX*4]
   691 0000066D 89 95 FFFFFB88                  	MOV	DWORD [-1144+EBP],EDX
   692 00000673 2B 72 10                        	SUB	ESI,DWORD [16+EDX]
   693 00000676 2B 5A 0C                        	SUB	EBX,DWORD [12+EDX]
   694 00000679 78 D3                           	JS	L73
   695 0000067B 8B 42 04                        	MOV	EAX,DWORD [4+EDX]
   696 0000067E 39 C3                           	CMP	EBX,EAX
   697 00000680 7D CC                           	JGE	L73
   698 00000682 85 F6                           	TEST	ESI,ESI
   699 00000684 78 C8                           	JS	L73
   700 00000686 3B 72 08                        	CMP	ESI,DWORD [8+EDX]
   701 00000689 7D C3                           	JGE	L73
   702 0000068B 0F AF C6                        	IMUL	EAX,ESI
   703 0000068E 89 85 FFFFFB80                  	MOV	DWORD [-1152+EBP],EAX
   704 00000694 8B 12                           	MOV	EDX,DWORD [EDX]
   705 00000696 8B 85 FFFFFB80                  	MOV	EAX,DWORD [-1152+EBP]
   706 0000069C 01 D8                           	ADD	EAX,EBX
   707 0000069E 0F B6 04 10                     	MOVZX	EAX,BYTE [EAX+EDX*1]
   708 000006A2 8B 95 FFFFFB88                  	MOV	EDX,DWORD [-1144+EBP]
   709 000006A8 3B 42 14                        	CMP	EAX,DWORD [20+EDX]
   710 000006AB 74 A1                           	JE	L73
   711 000006AD 8B 85 FFFFFB84                  	MOV	EAX,DWORD [-1148+EBP]
   712 000006B3 48                              	DEC	EAX
   713 000006B4 50                              	PUSH	EAX
   714 000006B5 52                              	PUSH	EDX
   715 000006B6 E8 [00000000]                   	CALL	_sheet_updown
   716 000006BB 39 BD FFFFFB88                  	CMP	DWORD [-1144+EBP],EDI
   717 000006C1 58                              	POP	EAX
   718 000006C2 5A                              	POP	EDX
   719 000006C3 74 14                           	JE	L56
   720 000006C5 57                              	PUSH	EDI
   721 000006C6 E8 0000039E                     	CALL	_keywin_off
   722 000006CB 8B BD FFFFFB88                  	MOV	EDI,DWORD [-1144+EBP]
   723 000006D1 57                              	PUSH	EDI
   724 000006D2 E8 000003C0                     	CALL	_keywin_on
   725 000006D7 59                              	POP	ECX
   726 000006D8 58                              	POP	EAX
   727 000006D9                                 L56:
   728 000006D9 83 FB 02                        	CMP	EBX,2
   729 000006DC 7E 4A                           	JLE	L57
   730 000006DE 8B 8D FFFFFB88                  	MOV	ECX,DWORD [-1144+EBP]
   731 000006E4 8B 41 04                        	MOV	EAX,DWORD [4+ECX]
   732 000006E7 83 E8 03                        	SUB	EAX,3
   733 000006EA 39 C3                           	CMP	EBX,EAX
   734 000006EC 7D 3A                           	JGE	L57
   735 000006EE 83 FE 02                        	CMP	ESI,2
   736 000006F1 7E 35                           	JLE	L57
   737 000006F3 83 FE 14                        	CMP	ESI,20
   738 000006F6 7F 30                           	JG	L57
   739 000006F8 8B 85 FFFFFBCC                  	MOV	EAX,DWORD [-1076+EBP]
   740 000006FE 8B 95 FFFFFBC8                  	MOV	EDX,DWORD [-1080+EBP]
   741 00000704 89 85 FFFFFB94                  	MOV	DWORD [-1132+EBP],EAX
   742 0000070A 8B 49 0C                        	MOV	ECX,DWORD [12+ECX]
   743 0000070D 8B 85 FFFFFB88                  	MOV	EAX,DWORD [-1144+EBP]
   744 00000713 89 95 FFFFFB90                  	MOV	DWORD [-1136+EBP],EDX
   745 00000719 89 8D FFFFFB8C                  	MOV	DWORD [-1140+EBP],ECX
   746 0000071F 8B 40 10                        	MOV	EAX,DWORD [16+EAX]
   747 00000722 89 85 FFFFFBB4                  	MOV	DWORD [-1100+EBP],EAX
   748 00000728                                 L57:
   749 00000728 8B 8D FFFFFB88                  	MOV	ECX,DWORD [-1144+EBP]
   750 0000072E 8B 51 04                        	MOV	EDX,DWORD [4+ECX]
   751 00000731 8D 42 EB                        	LEA	EAX,DWORD [-21+EDX]
   752 00000734 39 D8                           	CMP	EAX,EBX
   753 00000736 0F 8F FFFFFD4C                  	JG	L64
   754 0000073C 8D 42 FB                        	LEA	EAX,DWORD [-5+EDX]
   755 0000073F 39 C3                           	CMP	EBX,EAX
   756 00000741 0F 8D FFFFFD41                  	JGE	L64
   757 00000747 83 FE 04                        	CMP	ESI,4
   758 0000074A 0F 8E FFFFFD38                  	JLE	L64
   759 00000750 83 FE 12                        	CMP	ESI,18
   760 00000753 0F 8F FFFFFD2F                  	JG	L64
   761 00000759 F6 41 1C 10                     	TEST	BYTE [28+ECX],16
   762 0000075D 0F 84 FFFFFD25                  	JE	L64
   763 00000763 8B 59 24                        	MOV	EBX,DWORD [36+ECX]
   764 00000766 68 [00000108]                   	PUSH	LC1
   765 0000076B FF B3 00000094                  	PUSH	DWORD [148+EBX]
   766 00000771 E8 [00000000]                   	CALL	_cons_putstr0
   767 00000776 E8 [00000000]                   	CALL	_io_cli
   768 0000077B 8D 43 30                        	LEA	EAX,DWORD [48+EBX]
   769 0000077E 89 43 54                        	MOV	DWORD [84+EBX],EAX
   770 00000781 C7 43 4C [00000000]             	MOV	DWORD [76+EBX],_asm_end_app
   771 00000788 E8 [00000000]                   	CALL	_io_sti
   772 0000078D                                 L69:
   773 0000078D 58                              	POP	EAX
   774 0000078E 5A                              	POP	EDX
   775 0000078F E9 FFFFFCF4                     	JMP	L64
   776 00000794                                 L78:
   777 00000794 C7 85 FFFFFBC8 00000000         	MOV	DWORD [-1080+EBP],0
   778 0000079E E9 FFFFFDB8                     	JMP	L45
   779 000007A3                                 L77:
   780 000007A3 C7 85 FFFFFBCC 00000000         	MOV	DWORD [-1076+EBP],0
   781 000007AD E9 FFFFFD9C                     	JMP	L44
   782 000007B2                                 L76:
   783 000007B2 81 BD FFFFFBC4 0000017F         	CMP	DWORD [-1084+EBP],383
   784 000007BC 0F 8F 00000218                  	JG	L19
   785 000007C2 83 BD FFFFFBA0 00               	CMP	DWORD [-1120+EBP],0
   786 000007C9 0F 85 000001FA                  	JNE	L20
   787 000007CF 8B 8D FFFFFBC4                  	MOV	ECX,DWORD [-1084+EBP]
   788 000007D5 8A 81 [FFFFFF00]                	MOV	AL,BYTE [_keytable0.0-256+ECX]
   789 000007DB                                 L72:
   790 000007DB 88 45 C4                        	MOV	BYTE [-60+EBP],AL
   791 000007DE                                 L22:
   792 000007DE 8A 55 C4                        	MOV	DL,BYTE [-60+EBP]
   793 000007E1 8D 42 BF                        	LEA	EAX,DWORD [-65+EDX]
   794 000007E4 3C 19                           	CMP	AL,25
   795 000007E6 77 1D                           	JA	L23
   796 000007E8 F7 85 FFFFFB9C 00000004         	TEST	DWORD [-1124+EBP],4
   797 000007F2 0F 85 000001C2                  	JNE	L68
   798 000007F8 83 BD FFFFFBA0 00               	CMP	DWORD [-1120+EBP],0
   799 000007FF 0F 84 000001AA                  	JE	L25
   800 00000805                                 L23:
   801 00000805 8A 45 C4                        	MOV	AL,BYTE [-60+EBP]
   802 00000808 84 C0                           	TEST	AL,AL
   803 0000080A 74 17                           	JE	L27
   804 0000080C 0F BE C0                        	MOVSX	EAX,AL
   805 0000080F 05 00000100                     	ADD	EAX,256
   806 00000814 50                              	PUSH	EAX
   807 00000815 8B 47 24                        	MOV	EAX,DWORD [36+EDI]
   808 00000818 83 C0 10                        	ADD	EAX,16
   809 0000081B 50                              	PUSH	EAX
   810 0000081C E8 [00000000]                   	CALL	_fifo32_put
   811 00000821 58                              	POP	EAX
   812 00000822 5A                              	POP	EDX
   813 00000823                                 L27:
   814 00000823 81 BD FFFFFBC4 0000010F         	CMP	DWORD [-1084+EBP],271
   815 0000082D 0F 84 0000014F                  	JE	L81
   816 00000833                                 L28:
   817 00000833 81 BD FFFFFBC4 0000012A         	CMP	DWORD [-1084+EBP],298
   818 0000083D 0F 84 00000133                  	JE	L82
   819 00000843                                 L32:
   820 00000843 81 BD FFFFFBC4 00000136         	CMP	DWORD [-1084+EBP],310
   821 0000084D 0F 84 00000117                  	JE	L83
   822 00000853                                 L33:
   823 00000853 81 BD FFFFFBC4 000001AA         	CMP	DWORD [-1084+EBP],426
   824 0000085D 0F 84 000000FB                  	JE	L84
   825 00000863                                 L34:
   826 00000863 81 BD FFFFFBC4 000001B6         	CMP	DWORD [-1084+EBP],438
   827 0000086D 0F 84 000000DF                  	JE	L85
   828 00000873                                 L35:
   829 00000873 81 BD FFFFFBC4 0000013A         	CMP	DWORD [-1084+EBP],314
   830 0000087D 0F 84 000000A6                  	JE	L86
   831 00000883                                 L36:
   832 00000883 81 BD FFFFFBC4 00000145         	CMP	DWORD [-1084+EBP],325
   833 0000088D 74 71                           	JE	L87
   834 0000088F                                 L37:
   835 0000088F 81 BD FFFFFBC4 00000146         	CMP	DWORD [-1084+EBP],326
   836 00000899 74 3F                           	JE	L88
   837 0000089B                                 L38:
   838 0000089B 81 BD FFFFFBC4 000001FA         	CMP	DWORD [-1084+EBP],506
   839 000008A5 74 27                           	JE	L89
   840 000008A7                                 L39:
   841 000008A7 81 BD FFFFFBC4 000001FE         	CMP	DWORD [-1084+EBP],510
   842 000008B1 0F 85 FFFFFBD1                  	JNE	L64
   843 000008B7 E8 [00000000]                   	CALL	_wait_KBC_sendready
   844 000008BC FF B5 FFFFFB98                  	PUSH	DWORD [-1128+EBP]
   845 000008C2 6A 60                           	PUSH	96
   846 000008C4 E8 [00000000]                   	CALL	_io_out8
   847 000008C9 E9 FFFFFEBF                     	JMP	L69
   848 000008CE                                 L89:
   849 000008CE C7 85 FFFFFB98 FFFFFFFF         	MOV	DWORD [-1128+EBP],-1
   850 000008D8 EB CD                           	JMP	L39
   851 000008DA                                 L88:
   852 000008DA 68 000000ED                     	PUSH	237
   853 000008DF 8D 5D 84                        	LEA	EBX,DWORD [-124+EBP]
   854 000008E2 53                              	PUSH	EBX
   855 000008E3 83 B5 FFFFFB9C 01               	XOR	DWORD [-1124+EBP],1
   856 000008EA E8 [00000000]                   	CALL	_fifo32_put
   857 000008EF FF B5 FFFFFB9C                  	PUSH	DWORD [-1124+EBP]
   858 000008F5 53                              	PUSH	EBX
   859 000008F6 E8 [00000000]                   	CALL	_fifo32_put
   860 000008FB 83 C4 10                        	ADD	ESP,16
   861 000008FE EB 9B                           	JMP	L38
   862 00000900                                 L87:
   863 00000900 68 000000ED                     	PUSH	237
   864 00000905 8D 5D 84                        	LEA	EBX,DWORD [-124+EBP]
   865 00000908 53                              	PUSH	EBX
   866 00000909 83 B5 FFFFFB9C 02               	XOR	DWORD [-1124+EBP],2
   867 00000910 E8 [00000000]                   	CALL	_fifo32_put
   868 00000915 FF B5 FFFFFB9C                  	PUSH	DWORD [-1124+EBP]
   869 0000091B 53                              	PUSH	EBX
   870 0000091C E8 [00000000]                   	CALL	_fifo32_put
   871 00000921 83 C4 10                        	ADD	ESP,16
   872 00000924 E9 FFFFFF66                     	JMP	L37
   873 00000929                                 L86:
   874 00000929 68 000000ED                     	PUSH	237
   875 0000092E 8D 5D 84                        	LEA	EBX,DWORD [-124+EBP]
   876 00000931 53                              	PUSH	EBX
   877 00000932 83 B5 FFFFFB9C 04               	XOR	DWORD [-1124+EBP],4
   878 00000939 E8 [00000000]                   	CALL	_fifo32_put
   879 0000093E FF B5 FFFFFB9C                  	PUSH	DWORD [-1124+EBP]
   880 00000944 53                              	PUSH	EBX
   881 00000945 E8 [00000000]                   	CALL	_fifo32_put
   882 0000094A 83 C4 10                        	ADD	ESP,16
   883 0000094D E9 FFFFFF31                     	JMP	L36
   884 00000952                                 L85:
   885 00000952 83 A5 FFFFFBA0 FD               	AND	DWORD [-1120+EBP],-3
   886 00000959 E9 FFFFFF15                     	JMP	L35
   887 0000095E                                 L84:
   888 0000095E 83 A5 FFFFFBA0 FE               	AND	DWORD [-1120+EBP],-2
   889 00000965 E9 FFFFFEF9                     	JMP	L34
   890 0000096A                                 L83:
   891 0000096A 83 8D FFFFFBA0 02               	OR	DWORD [-1120+EBP],2
   892 00000971 E9 FFFFFEDD                     	JMP	L33
   893 00000976                                 L82:
   894 00000976 83 8D FFFFFBA0 01               	OR	DWORD [-1120+EBP],1
   895 0000097D E9 FFFFFEC1                     	JMP	L32
   896 00000982                                 L81:
   897 00000982 57                              	PUSH	EDI
   898 00000983 E8 000000E1                     	CALL	_keywin_off
   899 00000988 8B 4F 18                        	MOV	ECX,DWORD [24+EDI]
   900 0000098B 49                              	DEC	ECX
   901 0000098C 58                              	POP	EAX
   902 0000098D 75 0A                           	JNE	L29
   903 0000098F 8B 85 FFFFFBD0                  	MOV	EAX,DWORD [-1072+EBP]
   904 00000995 8B 48 10                        	MOV	ECX,DWORD [16+EAX]
   905 00000998 49                              	DEC	ECX
   906 00000999                                 L29:
   907 00000999 8B 95 FFFFFBD0                  	MOV	EDX,DWORD [-1072+EBP]
   908 0000099F 8B 7C 8A 14                     	MOV	EDI,DWORD [20+EDX+ECX*4]
   909 000009A3 57                              	PUSH	EDI
   910 000009A4 E8 000000EE                     	CALL	_keywin_on
   911 000009A9 5E                              	POP	ESI
   912 000009AA E9 FFFFFE84                     	JMP	L28
   913 000009AF                                 L25:
   914 000009AF 8D 42 20                        	LEA	EAX,DWORD [32+EDX]
   915 000009B2 88 45 C4                        	MOV	BYTE [-60+EBP],AL
   916 000009B5 E9 FFFFFE4B                     	JMP	L23
   917 000009BA                                 L68:
   918 000009BA 83 BD FFFFFBA0 00               	CMP	DWORD [-1120+EBP],0
   919 000009C1 0F 84 FFFFFE3E                  	JE	L23
   920 000009C7 EB E6                           	JMP	L25
   921 000009C9                                 L20:
   922 000009C9 8B 95 FFFFFBC4                  	MOV	EDX,DWORD [-1084+EBP]
   923 000009CF 8A 82 [FFFFFF80]                	MOV	AL,BYTE [_keytable1.1-256+EDX]
   924 000009D5 E9 FFFFFE01                     	JMP	L72
   925 000009DA                                 L19:
   926 000009DA C6 45 C4 00                     	MOV	BYTE [-60+EBP],0
   927 000009DE E9 FFFFFDFB                     	JMP	L22
   928 000009E3                                 L75:
   929 000009E3 83 BD FFFFFBC0 00               	CMP	DWORD [-1088+EBP],0
   930 000009EA 79 2C                           	JNS	L90
   931 000009EC 81 BD FFFFFBB8 7FFFFFFF         	CMP	DWORD [-1096+EBP],2147483647
   932 000009F6 75 16                           	JNE	L91
   933 000009F8 FF B5 FFFFFBA4                  	PUSH	DWORD [-1116+EBP]
   934 000009FE E8 [00000000]                   	CALL	_task_sleep
   935 00000A03 E8 [00000000]                   	CALL	_io_sti
   936 00000A08 5E                              	POP	ESI
   937 00000A09 E9 FFFFFA7A                     	JMP	L64
   938 00000A0E                                 L91:
   939 00000A0E E8 [00000000]                   	CALL	_io_sti
   940 00000A13 E9 FFFFFBAD                     	JMP	L70
   941 00000A18                                 L90:
   942 00000A18 E8 [00000000]                   	CALL	_io_sti
   943 00000A1D FF B5 FFFFFBBC                  	PUSH	DWORD [-1092+EBP]
   944 00000A23 FF B5 FFFFFBC0                  	PUSH	DWORD [-1088+EBP]
   945 00000A29 FF B5 FFFFFBA8                  	PUSH	DWORD [-1112+EBP]
   946 00000A2F E8 [00000000]                   	CALL	_sheet_slide
   947 00000A34 C7 85 FFFFFBC0 FFFFFFFF         	MOV	DWORD [-1088+EBP],-1
   948 00000A3E E9 FFFFFBA3                     	JMP	L71
   949 00000A43                                 L74:
   950 00000A43 53                              	PUSH	EBX
   951 00000A44 E8 [00000000]                   	CALL	_fifo32_get
   952 00000A49 89 85 FFFFFB98                  	MOV	DWORD [-1128+EBP],EAX
   953 00000A4F E8 [00000000]                   	CALL	_wait_KBC_sendready
   954 00000A54 FF B5 FFFFFB98                  	PUSH	DWORD [-1128+EBP]
   955 00000A5A 6A 60                           	PUSH	96
   956 00000A5C E8 [00000000]                   	CALL	_io_out8
   957 00000A61 83 C4 0C                        	ADD	ESP,12
   958 00000A64 E9 FFFFFA3A                     	JMP	L10
   959 00000A69                                 	GLOBAL	_keywin_off
   960 00000A69                                 _keywin_off:
   961 00000A69 55                              	PUSH	EBP
   962 00000A6A 89 E5                           	MOV	EBP,ESP
   963 00000A6C 53                              	PUSH	EBX
   964 00000A6D 6A 00                           	PUSH	0
   965 00000A6F 8B 5D 08                        	MOV	EBX,DWORD [8+EBP]
   966 00000A72 53                              	PUSH	EBX
   967 00000A73 E8 [00000000]                   	CALL	_change_wtitle8
   968 00000A78 F6 43 1C 20                     	TEST	BYTE [28+EBX],32
   969 00000A7C 58                              	POP	EAX
   970 00000A7D 5A                              	POP	EDX
   971 00000A7E 75 05                           	JNE	L94
   972 00000A80                                 L92:
   973 00000A80 8B 5D FC                        	MOV	EBX,DWORD [-4+EBP]
   974 00000A83 C9                              	LEAVE
   975 00000A84 C3                              	RET
   976 00000A85                                 L94:
   977 00000A85 6A 03                           	PUSH	3
   978 00000A87 8B 43 24                        	MOV	EAX,DWORD [36+EBX]
   979 00000A8A 83 C0 10                        	ADD	EAX,16
   980 00000A8D 50                              	PUSH	EAX
   981 00000A8E E8 [00000000]                   	CALL	_fifo32_put
   982 00000A93 5B                              	POP	EBX
   983 00000A94 58                              	POP	EAX
   984 00000A95 EB E9                           	JMP	L92
   985 00000A97                                 	GLOBAL	_keywin_on
   986 00000A97                                 _keywin_on:
   987 00000A97 55                              	PUSH	EBP
   988 00000A98 89 E5                           	MOV	EBP,ESP
   989 00000A9A 53                              	PUSH	EBX
   990 00000A9B 6A 01                           	PUSH	1
   991 00000A9D 8B 5D 08                        	MOV	EBX,DWORD [8+EBP]
   992 00000AA0 53                              	PUSH	EBX
   993 00000AA1 E8 [00000000]                   	CALL	_change_wtitle8
   994 00000AA6 F6 43 1C 20                     	TEST	BYTE [28+EBX],32
   995 00000AAA 58                              	POP	EAX
   996 00000AAB 5A                              	POP	EDX
   997 00000AAC 75 05                           	JNE	L97
   998 00000AAE                                 L95:
   999 00000AAE 8B 5D FC                        	MOV	EBX,DWORD [-4+EBP]
  1000 00000AB1 C9                              	LEAVE
  1001 00000AB2 C3                              	RET
  1002 00000AB3                                 L97:
  1003 00000AB3 6A 02                           	PUSH	2
  1004 00000AB5 8B 43 24                        	MOV	EAX,DWORD [36+EBX]
  1005 00000AB8 83 C0 10                        	ADD	EAX,16
  1006 00000ABB 50                              	PUSH	EAX
  1007 00000ABC E8 [00000000]                   	CALL	_fifo32_put
  1008 00000AC1 59                              	POP	ECX
  1009 00000AC2 5B                              	POP	EBX
  1010 00000AC3 EB E9                           	JMP	L95
