     1 00000000                                 [FORMAT "WCOFF"]
     2 00000000                                 [INSTRSET "i486p"]
     3 00000000                                 [OPTIMIZE 1]
     4 00000000                                 [OPTION 1]
     5 00000000                                 [BITS 32]
     6 00000000                                 	EXTERN	_table_rgb.0
     7 00000000                                 	EXTERN	_io_load_eflags
     8 00000000                                 	EXTERN	_io_cli
     9 00000000                                 	EXTERN	_io_out8
    10 00000000                                 	EXTERN	_io_store_eflags
    11 00000000                                 	EXTERN	_hankaku
    12 00000000                                 [FILE "graphic.c"]
    13                                          [SECTION .data]
    14 00000000                                 _table_rgb.0:
    15 00000000 00                              	DB	0
    16 00000001 00                              	DB	0
    17 00000002 00                              	DB	0
    18 00000003 FF                              	DB	-1
    19 00000004 00                              	DB	0
    20 00000005 00                              	DB	0
    21 00000006 00                              	DB	0
    22 00000007 FF                              	DB	-1
    23 00000008 00                              	DB	0
    24 00000009 FF                              	DB	-1
    25 0000000A FF                              	DB	-1
    26 0000000B 00                              	DB	0
    27 0000000C 00                              	DB	0
    28 0000000D 00                              	DB	0
    29 0000000E FF                              	DB	-1
    30 0000000F FF                              	DB	-1
    31 00000010 00                              	DB	0
    32 00000011 FF                              	DB	-1
    33 00000012 00                              	DB	0
    34 00000013 FF                              	DB	-1
    35 00000014 FF                              	DB	-1
    36 00000015 FF                              	DB	-1
    37 00000016 FF                              	DB	-1
    38 00000017 FF                              	DB	-1
    39 00000018 C6                              	DB	-58
    40 00000019 C6                              	DB	-58
    41 0000001A C6                              	DB	-58
    42 0000001B 84                              	DB	-124
    43 0000001C 00                              	DB	0
    44 0000001D 00                              	DB	0
    45 0000001E 00                              	DB	0
    46 0000001F 84                              	DB	-124
    47 00000020 00                              	DB	0
    48 00000021 84                              	DB	-124
    49 00000022 84                              	DB	-124
    50 00000023 00                              	DB	0
    51 00000024 00                              	DB	0
    52 00000025 00                              	DB	0
    53 00000026 84                              	DB	-124
    54 00000027 84                              	DB	-124
    55 00000028 00                              	DB	0
    56 00000029 84                              	DB	-124
    57 0000002A 00                              	DB	0
    58 0000002B 84                              	DB	-124
    59 0000002C 84                              	DB	-124
    60 0000002D 84                              	DB	-124
    61 0000002E 84                              	DB	-124
    62 0000002F 84                              	DB	-124
    63                                          [SECTION .text]
    64 00000000                                 	GLOBAL	_init_palette
    65 00000000                                 _init_palette:
    66 00000000 55                              	PUSH	EBP
    67 00000001 89 E5                           	MOV	EBP,ESP
    68 00000003 57                              	PUSH	EDI
    69 00000004 56                              	PUSH	ESI
    70 00000005 53                              	PUSH	EBX
    71 00000006 81 EC 000002A4                  	SUB	ESP,676
    72 0000000C 68 [00000000]                   	PUSH	_table_rgb.0
    73 00000011 6A 0F                           	PUSH	15
    74 00000013 6A 00                           	PUSH	0
    75 00000015 E8 000000B4                     	CALL	_set_palette
    76 0000001A 83 C4 0C                        	ADD	ESP,12
    77 0000001D C7 85 FFFFFD60 00000000         	MOV	DWORD [-672+EBP],0
    78 00000027 C7 85 FFFFFD5C 00000000         	MOV	DWORD [-676+EBP],0
    79 00000031 C7 85 FFFFFD58 00000000         	MOV	DWORD [-680+EBP],0
    80 0000003B                                 L16:
    81 0000003B 31 FF                           	XOR	EDI,EDI
    82 0000003D 31 F6                           	XOR	ESI,ESI
    83 0000003F 31 DB                           	XOR	EBX,EBX
    84 00000041                                 L15:
    85 00000041 31 D2                           	XOR	EDX,EDX
    86 00000043 C7 85 FFFFFD50 00000000         	MOV	DWORD [-688+EBP],0
    87 0000004D                                 L14:
    88 0000004D 8B 85 FFFFFD58                  	MOV	EAX,DWORD [-680+EBP]
    89 00000053 8A 8D FFFFFD50                  	MOV	CL,BYTE [-688+EBP]
    90 00000059 01 D8                           	ADD	EAX,EBX
    91 0000005B 01 D0                           	ADD	EAX,EDX
    92 0000005D 42                              	INC	EDX
    93 0000005E 6B C0 03                        	IMUL	EAX,EAX,3
    94 00000061 88 8C 05 FFFFFD64               	MOV	BYTE [-668+EBP+EAX*1],CL
    95 00000068 89 F1                           	MOV	ECX,ESI
    96 0000006A 88 8C 05 FFFFFD65               	MOV	BYTE [-667+EBP+EAX*1],CL
    97 00000071 8A 8D FFFFFD5C                  	MOV	CL,BYTE [-676+EBP]
    98 00000077 88 8C 05 FFFFFD66               	MOV	BYTE [-666+EBP+EAX*1],CL
    99 0000007E 83 85 FFFFFD50 33               	ADD	DWORD [-688+EBP],51
   100 00000085 83 FA 05                        	CMP	EDX,5
   101 00000088 7E C3                           	JLE	L14
   102 0000008A 47                              	INC	EDI
   103 0000008B 83 C6 33                        	ADD	ESI,51
   104 0000008E 83 C3 06                        	ADD	EBX,6
   105 00000091 83 FF 05                        	CMP	EDI,5
   106 00000094 7E AB                           	JLE	L15
   107 00000096 FF 85 FFFFFD60                  	INC	DWORD [-672+EBP]
   108 0000009C 83 85 FFFFFD5C 33               	ADD	DWORD [-676+EBP],51
   109 000000A3 83 85 FFFFFD58 24               	ADD	DWORD [-680+EBP],36
   110 000000AA 83 BD FFFFFD60 05               	CMP	DWORD [-672+EBP],5
   111 000000B1 7E 88                           	JLE	L16
   112 000000B3 8D 85 FFFFFD64                  	LEA	EAX,DWORD [-668+EBP]
   113 000000B9 50                              	PUSH	EAX
   114 000000BA 68 000000E7                     	PUSH	231
   115 000000BF 6A 10                           	PUSH	16
   116 000000C1 E8 00000008                     	CALL	_set_palette
   117 000000C6 8D 65 F4                        	LEA	ESP,DWORD [-12+EBP]
   118 000000C9 5B                              	POP	EBX
   119 000000CA 5E                              	POP	ESI
   120 000000CB 5F                              	POP	EDI
   121 000000CC 5D                              	POP	EBP
   122 000000CD C3                              	RET
   123 000000CE                                 	GLOBAL	_set_palette
   124 000000CE                                 _set_palette:
   125 000000CE 55                              	PUSH	EBP
   126 000000CF 89 E5                           	MOV	EBP,ESP
   127 000000D1 57                              	PUSH	EDI
   128 000000D2 56                              	PUSH	ESI
   129 000000D3 53                              	PUSH	EBX
   130 000000D4 51                              	PUSH	ECX
   131 000000D5 8B 5D 08                        	MOV	EBX,DWORD [8+EBP]
   132 000000D8 8B 7D 0C                        	MOV	EDI,DWORD [12+EBP]
   133 000000DB 8B 75 10                        	MOV	ESI,DWORD [16+EBP]
   134 000000DE E8 [00000000]                   	CALL	_io_load_eflags
   135 000000E3 89 45 F0                        	MOV	DWORD [-16+EBP],EAX
   136 000000E6 E8 [00000000]                   	CALL	_io_cli
   137 000000EB 53                              	PUSH	EBX
   138 000000EC 68 000003C8                     	PUSH	968
   139 000000F1 E8 [00000000]                   	CALL	_io_out8
   140 000000F6 39 FB                           	CMP	EBX,EDI
   141 000000F8 58                              	POP	EAX
   142 000000F9 5A                              	POP	EDX
   143 000000FA 7E 12                           	JLE	L28
   144 000000FC                                 L30:
   145 000000FC 8B 45 F0                        	MOV	EAX,DWORD [-16+EBP]
   146 000000FF 89 45 08                        	MOV	DWORD [8+EBP],EAX
   147 00000102 8D 65 F4                        	LEA	ESP,DWORD [-12+EBP]
   148 00000105 5B                              	POP	EBX
   149 00000106 5E                              	POP	ESI
   150 00000107 5F                              	POP	EDI
   151 00000108 5D                              	POP	EBP
   152 00000109 E9 [00000000]                   	JMP	_io_store_eflags
   153 0000010E                                 L28:
   154 0000010E 8A 06                           	MOV	AL,BYTE [ESI]
   155 00000110 43                              	INC	EBX
   156 00000111 C0 E8 02                        	SHR	AL,2
   157 00000114 0F B6 C0                        	MOVZX	EAX,AL
   158 00000117 50                              	PUSH	EAX
   159 00000118 68 000003C9                     	PUSH	969
   160 0000011D E8 [00000000]                   	CALL	_io_out8
   161 00000122 8A 46 01                        	MOV	AL,BYTE [1+ESI]
   162 00000125 C0 E8 02                        	SHR	AL,2
   163 00000128 0F B6 C0                        	MOVZX	EAX,AL
   164 0000012B 50                              	PUSH	EAX
   165 0000012C 68 000003C9                     	PUSH	969
   166 00000131 E8 [00000000]                   	CALL	_io_out8
   167 00000136 8A 46 02                        	MOV	AL,BYTE [2+ESI]
   168 00000139 C0 E8 02                        	SHR	AL,2
   169 0000013C 83 C6 03                        	ADD	ESI,3
   170 0000013F 0F B6 C0                        	MOVZX	EAX,AL
   171 00000142 50                              	PUSH	EAX
   172 00000143 68 000003C9                     	PUSH	969
   173 00000148 E8 [00000000]                   	CALL	_io_out8
   174 0000014D 83 C4 18                        	ADD	ESP,24
   175 00000150 39 FB                           	CMP	EBX,EDI
   176 00000152 7E BA                           	JLE	L28
   177 00000154 EB A6                           	JMP	L30
   178 00000156                                 	GLOBAL	_boxfill8
   179 00000156                                 _boxfill8:
   180 00000156 55                              	PUSH	EBP
   181 00000157 89 E5                           	MOV	EBP,ESP
   182 00000159 57                              	PUSH	EDI
   183 0000015A 56                              	PUSH	ESI
   184 0000015B 53                              	PUSH	EBX
   185 0000015C 57                              	PUSH	EDI
   186 0000015D 57                              	PUSH	EDI
   187 0000015E 8A 45 10                        	MOV	AL,BYTE [16+EBP]
   188 00000161 8B 4D 18                        	MOV	ECX,DWORD [24+EBP]
   189 00000164 8B 7D 1C                        	MOV	EDI,DWORD [28+EBP]
   190 00000167 88 45 F3                        	MOV	BYTE [-13+EBP],AL
   191 0000016A 3B 4D 20                        	CMP	ECX,DWORD [32+EBP]
   192 0000016D 7F 31                           	JG	L43
   193 0000016F 8B 5D 0C                        	MOV	EBX,DWORD [12+EBP]
   194 00000172 0F AF D9                        	IMUL	EBX,ECX
   195 00000175                                 L41:
   196 00000175 8B 55 14                        	MOV	EDX,DWORD [20+EBP]
   197 00000178 39 FA                           	CMP	EDX,EDI
   198 0000017A 7F 1B                           	JG	L45
   199 0000017C 8B 75 08                        	MOV	ESI,DWORD [8+EBP]
   200 0000017F 01 DE                           	ADD	ESI,EBX
   201 00000181 01 D6                           	ADD	ESI,EDX
   202 00000183 89 75 EC                        	MOV	DWORD [-20+EBP],ESI
   203 00000186                                 L40:
   204 00000186 8B 75 EC                        	MOV	ESI,DWORD [-20+EBP]
   205 00000189 8A 45 F3                        	MOV	AL,BYTE [-13+EBP]
   206 0000018C 42                              	INC	EDX
   207 0000018D 88 06                           	MOV	BYTE [ESI],AL
   208 0000018F 46                              	INC	ESI
   209 00000190 89 75 EC                        	MOV	DWORD [-20+EBP],ESI
   210 00000193 39 FA                           	CMP	EDX,EDI
   211 00000195 7E EF                           	JLE	L40
   212 00000197                                 L45:
   213 00000197 41                              	INC	ECX
   214 00000198 03 5D 0C                        	ADD	EBX,DWORD [12+EBP]
   215 0000019B 3B 4D 20                        	CMP	ECX,DWORD [32+EBP]
   216 0000019E 7E D5                           	JLE	L41
   217 000001A0                                 L43:
   218 000001A0 5B                              	POP	EBX
   219 000001A1 5E                              	POP	ESI
   220 000001A2 5B                              	POP	EBX
   221 000001A3 5E                              	POP	ESI
   222 000001A4 5F                              	POP	EDI
   223 000001A5 5D                              	POP	EBP
   224 000001A6 C3                              	RET
   225 000001A7                                 	GLOBAL	_init_screen
   226 000001A7                                 _init_screen:
   227 000001A7 55                              	PUSH	EBP
   228 000001A8 89 E5                           	MOV	EBP,ESP
   229 000001AA 57                              	PUSH	EDI
   230 000001AB 56                              	PUSH	ESI
   231 000001AC 53                              	PUSH	EBX
   232 000001AD 83 EC 10                        	SUB	ESP,16
   233 000001B0 8B 45 10                        	MOV	EAX,DWORD [16+EBP]
   234 000001B3 8B 5D 0C                        	MOV	EBX,DWORD [12+EBP]
   235 000001B6 83 E8 1D                        	SUB	EAX,29
   236 000001B9 4B                              	DEC	EBX
   237 000001BA 50                              	PUSH	EAX
   238 000001BB 53                              	PUSH	EBX
   239 000001BC 6A 00                           	PUSH	0
   240 000001BE 6A 00                           	PUSH	0
   241 000001C0 6A 0E                           	PUSH	14
   242 000001C2 FF 75 0C                        	PUSH	DWORD [12+EBP]
   243 000001C5 FF 75 08                        	PUSH	DWORD [8+EBP]
   244 000001C8 E8 FFFFFF89                     	CALL	_boxfill8
   245 000001CD 8B 45 10                        	MOV	EAX,DWORD [16+EBP]
   246 000001D0 83 E8 1C                        	SUB	EAX,28
   247 000001D3 50                              	PUSH	EAX
   248 000001D4 53                              	PUSH	EBX
   249 000001D5 50                              	PUSH	EAX
   250 000001D6 6A 00                           	PUSH	0
   251 000001D8 6A 08                           	PUSH	8
   252 000001DA FF 75 0C                        	PUSH	DWORD [12+EBP]
   253 000001DD FF 75 08                        	PUSH	DWORD [8+EBP]
   254 000001E0 E8 FFFFFF71                     	CALL	_boxfill8
   255 000001E5 8B 45 10                        	MOV	EAX,DWORD [16+EBP]
   256 000001E8 83 C4 38                        	ADD	ESP,56
   257 000001EB 83 E8 1B                        	SUB	EAX,27
   258 000001EE 50                              	PUSH	EAX
   259 000001EF 53                              	PUSH	EBX
   260 000001F0 50                              	PUSH	EAX
   261 000001F1 6A 00                           	PUSH	0
   262 000001F3 6A 07                           	PUSH	7
   263 000001F5 FF 75 0C                        	PUSH	DWORD [12+EBP]
   264 000001F8 FF 75 08                        	PUSH	DWORD [8+EBP]
   265 000001FB E8 FFFFFF56                     	CALL	_boxfill8
   266 00000200 8B 45 10                        	MOV	EAX,DWORD [16+EBP]
   267 00000203 48                              	DEC	EAX
   268 00000204 50                              	PUSH	EAX
   269 00000205 8B 45 10                        	MOV	EAX,DWORD [16+EBP]
   270 00000208 53                              	PUSH	EBX
   271 00000209 83 E8 1A                        	SUB	EAX,26
   272 0000020C 50                              	PUSH	EAX
   273 0000020D 6A 00                           	PUSH	0
   274 0000020F 6A 08                           	PUSH	8
   275 00000211 FF 75 0C                        	PUSH	DWORD [12+EBP]
   276 00000214 FF 75 08                        	PUSH	DWORD [8+EBP]
   277 00000217 E8 FFFFFF3A                     	CALL	_boxfill8
   278 0000021C 8B 75 10                        	MOV	ESI,DWORD [16+EBP]
   279 0000021F 83 C4 38                        	ADD	ESP,56
   280 00000222 8B 45 10                        	MOV	EAX,DWORD [16+EBP]
   281 00000225 83 E8 3C                        	SUB	EAX,60
   282 00000228 81 EE 000000A0                  	SUB	ESI,160
   283 0000022E 50                              	PUSH	EAX
   284 0000022F 6A 57                           	PUSH	87
   285 00000231 56                              	PUSH	ESI
   286 00000232 6A 50                           	PUSH	80
   287 00000234 6A 06                           	PUSH	6
   288 00000236 FF 75 0C                        	PUSH	DWORD [12+EBP]
   289 00000239 FF 75 08                        	PUSH	DWORD [8+EBP]
   290 0000023C E8 FFFFFF15                     	CALL	_boxfill8
   291 00000241 8B 45 10                        	MOV	EAX,DWORD [16+EBP]
   292 00000244 8B 5D 10                        	MOV	EBX,DWORD [16+EBP]
   293 00000247 83 E8 3B                        	SUB	EAX,59
   294 0000024A 83 EB 34                        	SUB	EBX,52
   295 0000024D 53                              	PUSH	EBX
   296 0000024E 68 0000008C                     	PUSH	140
   297 00000253 50                              	PUSH	EAX
   298 00000254 6A 50                           	PUSH	80
   299 00000256 6A 06                           	PUSH	6
   300 00000258 FF 75 0C                        	PUSH	DWORD [12+EBP]
   301 0000025B FF 75 08                        	PUSH	DWORD [8+EBP]
   302 0000025E E8 FFFFFEF3                     	CALL	_boxfill8
   303 00000263 8B 45 10                        	MOV	EAX,DWORD [16+EBP]
   304 00000266 83 C4 38                        	ADD	ESP,56
   305 00000269 83 E8 64                        	SUB	EAX,100
   306 0000026C 50                              	PUSH	EAX
   307 0000026D 8B 45 10                        	MOV	EAX,DWORD [16+EBP]
   308 00000270 68 000000F0                     	PUSH	240
   309 00000275 83 E8 68                        	SUB	EAX,104
   310 00000278 50                              	PUSH	EAX
   311 00000279 68 000000BE                     	PUSH	190
   312 0000027E 6A 06                           	PUSH	6
   313 00000280 FF 75 0C                        	PUSH	DWORD [12+EBP]
   314 00000283 FF 75 08                        	PUSH	DWORD [8+EBP]
   315 00000286 E8 FFFFFECB                     	CALL	_boxfill8
   316 0000028B 53                              	PUSH	EBX
   317 0000028C 68 000000BD                     	PUSH	189
   318 00000291 56                              	PUSH	ESI
   319 00000292 68 000000B7                     	PUSH	183
   320 00000297 6A 06                           	PUSH	6
   321 00000299 FF 75 0C                        	PUSH	DWORD [12+EBP]
   322 0000029C FF 75 08                        	PUSH	DWORD [8+EBP]
   323 0000029F E8 FFFFFEB2                     	CALL	_boxfill8
   324 000002A4 83 C4 38                        	ADD	ESP,56
   325 000002A7 53                              	PUSH	EBX
   326 000002A8 68 000000F7                     	PUSH	247
   327 000002AD 56                              	PUSH	ESI
   328 000002AE 68 000000F1                     	PUSH	241
   329 000002B3 6A 06                           	PUSH	6
   330 000002B5 FF 75 0C                        	PUSH	DWORD [12+EBP]
   331 000002B8 FF 75 08                        	PUSH	DWORD [8+EBP]
   332 000002BB E8 FFFFFE96                     	CALL	_boxfill8
   333 000002C0 8B 7D 10                        	MOV	EDI,DWORD [16+EBP]
   334 000002C3 83 EF 18                        	SUB	EDI,24
   335 000002C6 57                              	PUSH	EDI
   336 000002C7 6A 3B                           	PUSH	59
   337 000002C9 57                              	PUSH	EDI
   338 000002CA 6A 03                           	PUSH	3
   339 000002CC 6A 07                           	PUSH	7
   340 000002CE FF 75 0C                        	PUSH	DWORD [12+EBP]
   341 000002D1 FF 75 08                        	PUSH	DWORD [8+EBP]
   342 000002D4 E8 FFFFFE7D                     	CALL	_boxfill8
   343 000002D9 8B 45 10                        	MOV	EAX,DWORD [16+EBP]
   344 000002DC 83 C4 38                        	ADD	ESP,56
   345 000002DF 83 E8 04                        	SUB	EAX,4
   346 000002E2 89 45 F0                        	MOV	DWORD [-16+EBP],EAX
   347 000002E5 50                              	PUSH	EAX
   348 000002E6 6A 02                           	PUSH	2
   349 000002E8 57                              	PUSH	EDI
   350 000002E9 6A 02                           	PUSH	2
   351 000002EB 6A 07                           	PUSH	7
   352 000002ED FF 75 0C                        	PUSH	DWORD [12+EBP]
   353 000002F0 FF 75 08                        	PUSH	DWORD [8+EBP]
   354 000002F3 E8 FFFFFE5E                     	CALL	_boxfill8
   355 000002F8 FF 75 F0                        	PUSH	DWORD [-16+EBP]
   356 000002FB 6A 3B                           	PUSH	59
   357 000002FD FF 75 F0                        	PUSH	DWORD [-16+EBP]
   358 00000300 6A 03                           	PUSH	3
   359 00000302 6A 0F                           	PUSH	15
   360 00000304 FF 75 0C                        	PUSH	DWORD [12+EBP]
   361 00000307 FF 75 08                        	PUSH	DWORD [8+EBP]
   362 0000030A E8 FFFFFE47                     	CALL	_boxfill8
   363 0000030F 8B 45 10                        	MOV	EAX,DWORD [16+EBP]
   364 00000312 83 C4 38                        	ADD	ESP,56
   365 00000315 83 E8 05                        	SUB	EAX,5
   366 00000318 50                              	PUSH	EAX
   367 00000319 8B 45 10                        	MOV	EAX,DWORD [16+EBP]
   368 0000031C 6A 3B                           	PUSH	59
   369 0000031E 83 E8 17                        	SUB	EAX,23
   370 00000321 50                              	PUSH	EAX
   371 00000322 89 45 EC                        	MOV	DWORD [-20+EBP],EAX
   372 00000325 6A 3B                           	PUSH	59
   373 00000327 6A 0F                           	PUSH	15
   374 00000329 FF 75 0C                        	PUSH	DWORD [12+EBP]
   375 0000032C FF 75 08                        	PUSH	DWORD [8+EBP]
   376 0000032F E8 FFFFFE22                     	CALL	_boxfill8
   377 00000334 8B 45 10                        	MOV	EAX,DWORD [16+EBP]
   378 00000337 83 E8 03                        	SUB	EAX,3
   379 0000033A 50                              	PUSH	EAX
   380 0000033B 89 45 E8                        	MOV	DWORD [-24+EBP],EAX
   381 0000033E 6A 3B                           	PUSH	59
   382 00000340 50                              	PUSH	EAX
   383 00000341 6A 02                           	PUSH	2
   384 00000343 6A 00                           	PUSH	0
   385 00000345 FF 75 0C                        	PUSH	DWORD [12+EBP]
   386 00000348 FF 75 08                        	PUSH	DWORD [8+EBP]
   387 0000034B E8 FFFFFE06                     	CALL	_boxfill8
   388 00000350 83 C4 38                        	ADD	ESP,56
   389 00000353 FF 75 E8                        	PUSH	DWORD [-24+EBP]
   390 00000356 6A 3C                           	PUSH	60
   391 00000358 57                              	PUSH	EDI
   392 00000359 6A 3C                           	PUSH	60
   393 0000035B 6A 00                           	PUSH	0
   394 0000035D FF 75 0C                        	PUSH	DWORD [12+EBP]
   395 00000360 FF 75 08                        	PUSH	DWORD [8+EBP]
   396 00000363 E8 FFFFFDEE                     	CALL	_boxfill8
   397 00000368 8B 5D 0C                        	MOV	EBX,DWORD [12+EBP]
   398 0000036B 8B 45 0C                        	MOV	EAX,DWORD [12+EBP]
   399 0000036E 57                              	PUSH	EDI
   400 0000036F 83 E8 04                        	SUB	EAX,4
   401 00000372 83 EB 2F                        	SUB	EBX,47
   402 00000375 50                              	PUSH	EAX
   403 00000376 89 45 E4                        	MOV	DWORD [-28+EBP],EAX
   404 00000379 57                              	PUSH	EDI
   405 0000037A 53                              	PUSH	EBX
   406 0000037B 6A 0F                           	PUSH	15
   407 0000037D FF 75 0C                        	PUSH	DWORD [12+EBP]
   408 00000380 FF 75 08                        	PUSH	DWORD [8+EBP]
   409 00000383 E8 FFFFFDCE                     	CALL	_boxfill8
   410 00000388 83 C4 38                        	ADD	ESP,56
   411 0000038B FF 75 F0                        	PUSH	DWORD [-16+EBP]
   412 0000038E 53                              	PUSH	EBX
   413 0000038F FF 75 EC                        	PUSH	DWORD [-20+EBP]
   414 00000392 53                              	PUSH	EBX
   415 00000393 6A 0F                           	PUSH	15
   416 00000395 FF 75 0C                        	PUSH	DWORD [12+EBP]
   417 00000398 FF 75 08                        	PUSH	DWORD [8+EBP]
   418 0000039B E8 FFFFFDB6                     	CALL	_boxfill8
   419 000003A0 FF 75 E8                        	PUSH	DWORD [-24+EBP]
   420 000003A3 FF 75 E4                        	PUSH	DWORD [-28+EBP]
   421 000003A6 FF 75 E8                        	PUSH	DWORD [-24+EBP]
   422 000003A9 53                              	PUSH	EBX
   423 000003AA 6A 07                           	PUSH	7
   424 000003AC FF 75 0C                        	PUSH	DWORD [12+EBP]
   425 000003AF FF 75 08                        	PUSH	DWORD [8+EBP]
   426 000003B2 E8 FFFFFD9F                     	CALL	_boxfill8
   427 000003B7 8B 45 0C                        	MOV	EAX,DWORD [12+EBP]
   428 000003BA 83 C4 38                        	ADD	ESP,56
   429 000003BD 83 E8 03                        	SUB	EAX,3
   430 000003C0 FF 75 E8                        	PUSH	DWORD [-24+EBP]
   431 000003C3 50                              	PUSH	EAX
   432 000003C4 57                              	PUSH	EDI
   433 000003C5 50                              	PUSH	EAX
   434 000003C6 6A 07                           	PUSH	7
   435 000003C8 FF 75 0C                        	PUSH	DWORD [12+EBP]
   436 000003CB FF 75 08                        	PUSH	DWORD [8+EBP]
   437 000003CE E8 FFFFFD83                     	CALL	_boxfill8
   438 000003D3 8D 65 F4                        	LEA	ESP,DWORD [-12+EBP]
   439 000003D6 5B                              	POP	EBX
   440 000003D7 5E                              	POP	ESI
   441 000003D8 5F                              	POP	EDI
   442 000003D9 5D                              	POP	EBP
   443 000003DA C3                              	RET
   444                                          [SECTION .data]
   445 00000030                                 _cursor.1:
   446 00000030 2A 2A 2A 2A 2A 2A 2A 2E 2E 2E   	DB	"*******........."
       0000003A 2E 2E 2E 2E 2E 2E 
   447 00000040 2A 2A 4F 4F 4F 4F 4F 2A 2E 2E   	DB	"**OOOOO*........"
       0000004A 2E 2E 2E 2E 2E 2E 
   448 00000050 2A 6F 2A 4F 4F 4F 4F 4F 2A 2E   	DB	"*o*OOOOO*......."
       0000005A 2E 2E 2E 2E 2E 2E 
   449 00000060 2A 6F 6F 2A 4F 4F 4F 4F 4F 2A   	DB	"*oo*OOOOO*......"
       0000006A 2E 2E 2E 2E 2E 2E 
   450 00000070 2A 6F 6F 6F 2A 4F 4F 4F 4F 4F   	DB	"*ooo*OOOOO*....."
       0000007A 2A 2E 2E 2E 2E 2E 
   451 00000080 2A 6F 6F 6F 6F 2A 4F 4F 4F 4F   	DB	"*oooo*OOOOO*...."
       0000008A 4F 2A 2E 2E 2E 2E 
   452 00000090 2A 6F 6F 6F 6F 6F 2A 4F 4F 4F   	DB	"*ooooo*OOOOO*..."
       0000009A 4F 4F 2A 2E 2E 2E 
   453 000000A0 2E 2A 6F 6F 6F 6F 6F 2A 4F 4F   	DB	".*ooooo*OOOOO*.."
       000000AA 4F 4F 4F 2A 2E 2E 
   454 000000B0 2E 2E 2A 6F 6F 6F 6F 6F 2A 4F   	DB	"..*ooooo*OOOOO*."
       000000BA 4F 4F 4F 4F 2A 2E 
   455 000000C0 2E 2E 2E 2A 6F 6F 6F 6F 6F 2A   	DB	"...*ooooo*******"
       000000CA 2A 2A 2A 2A 2A 2A 
   456 000000D0 2E 2E 2E 2E 2A 6F 6F 6F 6F 2A   	DB	"....*oooo*......"
       000000DA 2E 2E 2E 2E 2E 2E 
   457 000000E0 2E 2E 2E 2E 2E 2A 6F 6F 6F 2A   	DB	".....*ooo*......"
       000000EA 2E 2E 2E 2E 2E 2E 
   458 000000F0 2E 2E 2E 2E 2E 2E 2A 6F 6F 2A   	DB	"......*oo*......"
       000000FA 2E 2E 2E 2E 2E 2E 
   459 00000100 2E 2E 2E 2E 2E 2E 2E 2A 6F 2A   	DB	".......*o*......"
       0000010A 2E 2E 2E 2E 2E 2E 
   460 00000110 2E 2E 2E 2E 2E 2E 2E 2E 2A 2A   	DB	"........**......"
       0000011A 2E 2E 2E 2E 2E 2E 
   461 00000120 2E 2E 2E 2E 2E 2E 2E 2E 2E 2A   	DB	".........*......"
       0000012A 2E 2E 2E 2E 2E 2E 
   462                                          [SECTION .text]
   463 000003DB                                 	GLOBAL	_init_mouse_cursor8
   464 000003DB                                 _init_mouse_cursor8:
   465 000003DB 55                              	PUSH	EBP
   466 000003DC 89 E5                           	MOV	EBP,ESP
   467 000003DE 57                              	PUSH	EDI
   468 000003DF 56                              	PUSH	ESI
   469 000003E0 31 FF                           	XOR	EDI,EDI
   470 000003E2 53                              	PUSH	EBX
   471 000003E3 31 F6                           	XOR	ESI,ESI
   472 000003E5 50                              	PUSH	EAX
   473 000003E6 8A 45 0C                        	MOV	AL,BYTE [12+EBP]
   474 000003E9 8B 4D 08                        	MOV	ECX,DWORD [8+EBP]
   475 000003EC 88 45 F3                        	MOV	BYTE [-13+EBP],AL
   476 000003EF                                 L61:
   477 000003EF 31 D2                           	XOR	EDX,EDX
   478 000003F1                                 L60:
   479 000003F1 8D 04 3A                        	LEA	EAX,DWORD [EDX+EDI*1]
   480 000003F4 80 B8 [00000030] 2A             	CMP	BYTE [_cursor.1+EAX],42
   481 000003FB 74 44                           	JE	L66
   482 000003FD                                 L56:
   483 000003FD 80 B8 [00000030] 4F             	CMP	BYTE [_cursor.1+EAX],79
   484 00000404 74 35                           	JE	L67
   485 00000406                                 L57:
   486 00000406 80 B8 [00000030] 6F             	CMP	BYTE [_cursor.1+EAX],111
   487 0000040D 74 26                           	JE	L68
   488 0000040F                                 L58:
   489 0000040F 80 B8 [00000030] 2E             	CMP	BYTE [_cursor.1+EAX],46
   490 00000416 74 15                           	JE	L69
   491 00000418                                 L54:
   492 00000418 42                              	INC	EDX
   493 00000419 83 FA 0F                        	CMP	EDX,15
   494 0000041C 7E D3                           	JLE	L60
   495 0000041E 46                              	INC	ESI
   496 0000041F 83 C7 10                        	ADD	EDI,16
   497 00000422 83 FE 0F                        	CMP	ESI,15
   498 00000425 7E C8                           	JLE	L61
   499 00000427 58                              	POP	EAX
   500 00000428 5B                              	POP	EBX
   501 00000429 5E                              	POP	ESI
   502 0000042A 5F                              	POP	EDI
   503 0000042B 5D                              	POP	EBP
   504 0000042C C3                              	RET
   505 0000042D                                 L69:
   506 0000042D 8A 5D F3                        	MOV	BL,BYTE [-13+EBP]
   507 00000430 88 1C 08                        	MOV	BYTE [EAX+ECX*1],BL
   508 00000433 EB E3                           	JMP	L54
   509 00000435                                 L68:
   510 00000435 C6 04 08 0F                     	MOV	BYTE [EAX+ECX*1],15
   511 00000439 EB D4                           	JMP	L58
   512 0000043B                                 L67:
   513 0000043B C6 04 08 07                     	MOV	BYTE [EAX+ECX*1],7
   514 0000043F EB C5                           	JMP	L57
   515 00000441                                 L66:
   516 00000441 C6 04 08 00                     	MOV	BYTE [EAX+ECX*1],0
   517 00000445 EB B6                           	JMP	L56
   518 00000447                                 	GLOBAL	_putblock8_8
   519 00000447                                 _putblock8_8:
   520 00000447 55                              	PUSH	EBP
   521 00000448 89 E5                           	MOV	EBP,ESP
   522 0000044A 57                              	PUSH	EDI
   523 0000044B 56                              	PUSH	ESI
   524 0000044C 31 F6                           	XOR	ESI,ESI
   525 0000044E 53                              	PUSH	EBX
   526 0000044F 83 EC 0C                        	SUB	ESP,12
   527 00000452 3B 75 14                        	CMP	ESI,DWORD [20+EBP]
   528 00000455 7D 3E                           	JGE	L82
   529 00000457 31 FF                           	XOR	EDI,EDI
   530 00000459                                 L80:
   531 00000459 31 DB                           	XOR	EBX,EBX
   532 0000045B 3B 5D 10                        	CMP	EBX,DWORD [16+EBP]
   533 0000045E 7D 2C                           	JGE	L84
   534 00000460 8B 45 20                        	MOV	EAX,DWORD [32+EBP]
   535 00000463 01 F8                           	ADD	EAX,EDI
   536 00000465 89 45 EC                        	MOV	DWORD [-20+EBP],EAX
   537 00000468                                 L79:
   538 00000468 8B 45 1C                        	MOV	EAX,DWORD [28+EBP]
   539 0000046B 8B 55 18                        	MOV	EDX,DWORD [24+EBP]
   540 0000046E 01 F0                           	ADD	EAX,ESI
   541 00000470 01 DA                           	ADD	EDX,EBX
   542 00000472 0F AF 45 0C                     	IMUL	EAX,DWORD [12+EBP]
   543 00000476 01 D0                           	ADD	EAX,EDX
   544 00000478 8B 4D 08                        	MOV	ECX,DWORD [8+EBP]
   545 0000047B 8B 55 EC                        	MOV	EDX,DWORD [-20+EBP]
   546 0000047E 43                              	INC	EBX
   547 0000047F 8A 12                           	MOV	DL,BYTE [EDX]
   548 00000481 88 14 08                        	MOV	BYTE [EAX+ECX*1],DL
   549 00000484 FF 45 EC                        	INC	DWORD [-20+EBP]
   550 00000487 3B 5D 10                        	CMP	EBX,DWORD [16+EBP]
   551 0000048A 7C DC                           	JL	L79
   552 0000048C                                 L84:
   553 0000048C 46                              	INC	ESI
   554 0000048D 03 7D 24                        	ADD	EDI,DWORD [36+EBP]
   555 00000490 3B 75 14                        	CMP	ESI,DWORD [20+EBP]
   556 00000493 7C C4                           	JL	L80
   557 00000495                                 L82:
   558 00000495 83 C4 0C                        	ADD	ESP,12
   559 00000498 5B                              	POP	EBX
   560 00000499 5E                              	POP	ESI
   561 0000049A 5F                              	POP	EDI
   562 0000049B 5D                              	POP	EBP
   563 0000049C C3                              	RET
   564 0000049D                                 	GLOBAL	_putfont8
   565 0000049D                                 _putfont8:
   566 0000049D 55                              	PUSH	EBP
   567 0000049E 89 E5                           	MOV	EBP,ESP
   568 000004A0 57                              	PUSH	EDI
   569 000004A1 56                              	PUSH	ESI
   570 000004A2 31 F6                           	XOR	ESI,ESI
   571 000004A4 53                              	PUSH	EBX
   572 000004A5 8B 7D 1C                        	MOV	EDI,DWORD [28+EBP]
   573 000004A8 8A 5D 18                        	MOV	BL,BYTE [24+EBP]
   574 000004AB                                 L98:
   575 000004AB 8B 45 14                        	MOV	EAX,DWORD [20+EBP]
   576 000004AE 8B 55 10                        	MOV	EDX,DWORD [16+EBP]
   577 000004B1 01 F0                           	ADD	EAX,ESI
   578 000004B3 0F AF 45 0C                     	IMUL	EAX,DWORD [12+EBP]
   579 000004B7 03 45 08                        	ADD	EAX,DWORD [8+EBP]
   580 000004BA 8D 0C 02                        	LEA	ECX,DWORD [EDX+EAX*1]
   581 000004BD 8A 14 3E                        	MOV	DL,BYTE [ESI+EDI*1]
   582 000004C0 84 D2                           	TEST	DL,DL
   583 000004C2 79 02                           	JNS	L90
   584 000004C4 88 19                           	MOV	BYTE [ECX],BL
   585 000004C6                                 L90:
   586 000004C6 88 D0                           	MOV	AL,DL
   587 000004C8 83 E0 40                        	AND	EAX,64
   588 000004CB 84 C0                           	TEST	AL,AL
   589 000004CD 74 03                           	JE	L91
   590 000004CF 88 59 01                        	MOV	BYTE [1+ECX],BL
   591 000004D2                                 L91:
   592 000004D2 88 D0                           	MOV	AL,DL
   593 000004D4 83 E0 20                        	AND	EAX,32
   594 000004D7 84 C0                           	TEST	AL,AL
   595 000004D9 74 03                           	JE	L92
   596 000004DB 88 59 02                        	MOV	BYTE [2+ECX],BL
   597 000004DE                                 L92:
   598 000004DE 88 D0                           	MOV	AL,DL
   599 000004E0 83 E0 10                        	AND	EAX,16
   600 000004E3 84 C0                           	TEST	AL,AL
   601 000004E5 74 03                           	JE	L93
   602 000004E7 88 59 03                        	MOV	BYTE [3+ECX],BL
   603 000004EA                                 L93:
   604 000004EA 88 D0                           	MOV	AL,DL
   605 000004EC 83 E0 08                        	AND	EAX,8
   606 000004EF 84 C0                           	TEST	AL,AL
   607 000004F1 74 03                           	JE	L94
   608 000004F3 88 59 04                        	MOV	BYTE [4+ECX],BL
   609 000004F6                                 L94:
   610 000004F6 88 D0                           	MOV	AL,DL
   611 000004F8 83 E0 04                        	AND	EAX,4
   612 000004FB 84 C0                           	TEST	AL,AL
   613 000004FD 74 03                           	JE	L95
   614 000004FF 88 59 05                        	MOV	BYTE [5+ECX],BL
   615 00000502                                 L95:
   616 00000502 88 D0                           	MOV	AL,DL
   617 00000504 83 E0 02                        	AND	EAX,2
   618 00000507 84 C0                           	TEST	AL,AL
   619 00000509 74 03                           	JE	L96
   620 0000050B 88 59 06                        	MOV	BYTE [6+ECX],BL
   621 0000050E                                 L96:
   622 0000050E 83 E2 01                        	AND	EDX,1
   623 00000511 84 D2                           	TEST	DL,DL
   624 00000513 74 03                           	JE	L88
   625 00000515 88 59 07                        	MOV	BYTE [7+ECX],BL
   626 00000518                                 L88:
   627 00000518 46                              	INC	ESI
   628 00000519 83 FE 0F                        	CMP	ESI,15
   629 0000051C 7E 8D                           	JLE	L98
   630 0000051E 5B                              	POP	EBX
   631 0000051F 5E                              	POP	ESI
   632 00000520 5F                              	POP	EDI
   633 00000521 5D                              	POP	EBP
   634 00000522 C3                              	RET
   635 00000523                                 	GLOBAL	_putfonts8_asc
   636 00000523                                 _putfonts8_asc:
   637 00000523 55                              	PUSH	EBP
   638 00000524 89 E5                           	MOV	EBP,ESP
   639 00000526 57                              	PUSH	EDI
   640 00000527 56                              	PUSH	ESI
   641 00000528 53                              	PUSH	EBX
   642 00000529 50                              	PUSH	EAX
   643 0000052A 8B 5D 1C                        	MOV	EBX,DWORD [28+EBP]
   644 0000052D 8A 45 18                        	MOV	AL,BYTE [24+EBP]
   645 00000530 88 45 F3                        	MOV	BYTE [-13+EBP],AL
   646 00000533 8B 75 10                        	MOV	ESI,DWORD [16+EBP]
   647 00000536 8B 7D 14                        	MOV	EDI,DWORD [20+EBP]
   648 00000539 80 3B 00                        	CMP	BYTE [EBX],0
   649 0000053C 75 08                           	JNE	L106
   650 0000053E                                 L108:
   651 0000053E 8D 65 F4                        	LEA	ESP,DWORD [-12+EBP]
   652 00000541 5B                              	POP	EBX
   653 00000542 5E                              	POP	ESI
   654 00000543 5F                              	POP	EDI
   655 00000544 5D                              	POP	EBP
   656 00000545 C3                              	RET
   657 00000546                                 L106:
   658 00000546 0F B6 03                        	MOVZX	EAX,BYTE [EBX]
   659 00000549 C1 E0 04                        	SAL	EAX,4
   660 0000054C 43                              	INC	EBX
   661 0000054D 05 [00000000]                   	ADD	EAX,_hankaku
   662 00000552 50                              	PUSH	EAX
   663 00000553 0F BE 45 F3                     	MOVSX	EAX,BYTE [-13+EBP]
   664 00000557 50                              	PUSH	EAX
   665 00000558 57                              	PUSH	EDI
   666 00000559 56                              	PUSH	ESI
   667 0000055A 83 C6 08                        	ADD	ESI,8
   668 0000055D FF 75 0C                        	PUSH	DWORD [12+EBP]
   669 00000560 FF 75 08                        	PUSH	DWORD [8+EBP]
   670 00000563 E8 FFFFFF35                     	CALL	_putfont8
   671 00000568 83 C4 18                        	ADD	ESP,24
   672 0000056B 80 3B 00                        	CMP	BYTE [EBX],0
   673 0000056E 75 D6                           	JNE	L106
   674 00000570 EB CC                           	JMP	L108
