     1 00000000                                 ; MyOS-ipl
     2 00000000                                 
     3  = 0000000A                              CYLS	EQU		10				;定义常量CYLS=10
     4 00000000                                 
     5                                          		ORG		0x7c00			; 指明程序的装载地址
     6 00007C00                                 
     7 00007C00                                 ; 以下用于标准FAT12格式的软盘
     8 00007C00                                 
     9 00007C00 EB 4E                           		JMP		entry
    10 00007C02 90                              		DB		0x90
    11 00007C03 48 45 4C 4C 4F 49 50 4C         		DB		"HELLOIPL"		; 启动区的名称，可以是任意字符串（8字节）
    12 00007C0B 0200                            		DW		512				; 每个扇区（sector）的大小（必须是512字?）
    13 00007C0D 01                              		DB		1				; 簇（cluster）的大小（必须是1个扇区）
    14 00007C0E 0001                            		DW		1				; FAT的起始位置（一般从第一个扇区开始）
    15 00007C10 02                              		DB		2				; FAT的个数（必须是2）
    16 00007C11 00E0                            		DW		224				; 根目录的大小（一般设成224项）
    17 00007C13 0B40                            		DW		2880			; 该磁盘的大小（必须是2880扇区）
    18 00007C15 F0                              		DB		0xf0			; 磁盘的种类（必须是0xf0）
    19 00007C16 0009                            		DW		9				; FAT的长度（必须是9扇区）
    20 00007C18 0012                            		DW		18				; 1个磁道（track）的扇区数（必须是18）
    21 00007C1A 0002                            		DW		2				; 磁头数（必须是2）
    22 00007C1C 00000000                        		DD		0				; 不使用分区，必须是0
    23 00007C20 00000B40                        		DD		2880			; 重写一次磁盘大小
    24 00007C24 00 00 29                        		DB		0,0,0x29		; 意义不明，固定
    25 00007C27 FFFFFFFF                        		DD		0xffffffff		; （可能是）卷标号码
    26 00007C2B 48 45 4C 4C 4F 2D 4F 53 20 20   		DB		"HELLO-OS   "	; 磁盘的名称（11字节）
       00007C35 20 
    27 00007C36 46 41 54 31 32 20 20 20         		DB		"FAT12   "		; 磁盘格式名称（8字节）
    28 00007C3E 00 00 00 00 00 00 00 00 00 00   		RESB	18				; 先空出18字节
       00007C48 00 00 00 00 00 00 00 00 
    29 00007C50                                 
    30 00007C50                                 ; 程序主体
    31 00007C50                                 
    32 00007C50                                 entry:
    33 00007C50 B8 0000                         		MOV		AX,0			; 初始化寄存器
    34 00007C53 8E D0                           		MOV		SS,AX
    35 00007C55 BC 7C00                         		MOV		SP,0x7c00
    36 00007C58 8E D8                           		MOV		DS,AX
    37 00007C5A                                 		
    38 00007C5A B8 0820                         		MOV		AX,0x0820
    39 00007C5D 8E C0                           		MOV		ES,AX
    40 00007C5F B5 00                           		MOV		CH,0			; 柱面0
    41 00007C61 B6 00                           		MOV		DH,0			; 磁头0
    42 00007C63 B1 02                           		MOV		CL,2			; 扇区2
    43 00007C65                                 readloop:
    44 00007C65 BE 0000                         		MOV		SI,0			; 记录失败次数的寄存器，初始化为0
    45 00007C68                                 retry:
    46 00007C68 B4 02                           		MOV		AH,0x02			; AH=0x02 : 读入磁盘
    47 00007C6A B0 01                           		MOV		AL,1			; 一个扇区
    48 00007C6C BB 0000                         		MOV		BX,0
    49 00007C6F B2 00                           		MOV		DL,0x00			; A驱动器
    50 00007C71 CD 13                           		INT		0x13			; 调用磁盘BIOS
    51 00007C73 73 10                           		JNC		next			; 没出错，跳转到next
    52 00007C75 83 C6 01                        		ADD		SI,1			; 出错往SI加一
    53 00007C78 83 FE 05                        		CMP		SI,5			; SI与5比较
    54 00007C7B 73 4C                           		JAE		error			; SI >= 5 跳转到error
    55 00007C7D B4 00                           		MOV		AH,0x00
    56 00007C7F B2 00                           		MOV		DL,0x00			; A驱动器
    57 00007C81 CD 13                           		INT		0x13			; 重置驱动器
    58 00007C83 EB E3                           		JMP		retry
    59 00007C85                                 next:
    60 00007C85 8C C0                           		MOV		AX,ES			; 把内存地址后移0x200
    61 00007C87 05 0020                         		ADD		AX,0x0020
    62 00007C8A 8E C0                           		MOV		ES,AX			
    63 00007C8C 80 C1 01                        		ADD		CL,1			; CL加一
    64 00007C8F 80 F9 12                        		CMP		CL,18			; CL与18比较
    65 00007C92 76 D1                           		JBE		readloop		; CL <= 18 跳转到readloop
    66 00007C94 B1 01                           		MOV		CL,1
    67 00007C96 80 C6 01                        		ADD		DH,1
    68 00007C99 80 FE 02                        		CMP		DH,2
    69 00007C9C 72 C7                           		JB		readloop		; DH < 2 跳转到readloop
    70 00007C9E B6 00                           		MOV		DH,0
    71 00007CA0 80 C5 01                        		ADD		CH,1
    72 00007CA3 80 FD 0A                        		CMP		CH,CYLS
    73 00007CA6 72 BD                           		JB		readloop		; CH < CYLS 跳转到readloop
    74 00007CA8                                 		
    75 00007CA8 88 2E 0FF0                      		MOV     [0x0ff0],CH
    76 00007CAC E9 4551                         		JMP 	0xc200
    77 00007CAF                                 		
    78 00007CAF                                 putloop:
    79 00007CAF 8A 04                           		MOV		AL,[SI]
    80 00007CB1 83 C6 01                        		ADD		SI,1			; 给SI加1
    81 00007CB4 3C 00                           		CMP		AL,0
    82 00007CB6 74 0E                           		JE		fin
    83 00007CB8 B4 0E                           		MOV		AH,0x0e			; 显示一个字符
    84 00007CBA B0 59                           		MOV     AL,89
    85 00007CBC BB 0009                         		MOV		BX,9    		; 指定字符颜色
    86 00007CBF B9 0002                         		MOV     CX,2
    87 00007CC2 CD 10                           		INT		0x10			; 调用显卡BIOS
    88 00007CC4 EB E9                           		JMP		putloop
    89 00007CC6                                 fin:
    90 00007CC6 F4                              		HLT						; 让CPU停止，等待指令
    91 00007CC7 EB FD                           		JMP		fin				; 跳转到fin
    92 00007CC9                                 error:
    93 00007CC9 BE 7CCC                         		MOV		SI,msg
    94 00007CCC                                 msg:
    95 00007CCC 0A 0A                           		DB		0x0a, 0x0a		       ;相当于\n\n
    96 00007CCE 41 54 54 45 4E 54 49 4F 4E 21   		DB		"ATTENTION! Load error!!!"
       00007CD8 20 4C 6F 61 64 20 65 72 72 6F 
       00007CE2 72 21 21 21 
    97 00007CE6 0D 0A                           		DB		0x0d, 0x0a
    98 00007CE8 00                              		DB		0
    99 00007CE9                                 
   100 00007CE9 00 00 00 00 00 00 00 00 00 00   		RESB	0x7dfe-$		; 填写0x00，直到0x001fe
       00007CF3 00 00 00 00 00 00 00 00 00 00 
       00007CFD 00 00 00 00 00 00 00 00 00 00 
       00007D07 00 00 00 00 00 00 00 00 00 00 
       00007D11 00 00 00 00 00 00 00 00 00 00 
       00007D1B 00 00 00 00 00 00 00 00 00 00 
       00007D25 00 00 00 00 00 00 00 00 00 00 
       00007D2F 00 00 00 00 00 00 00 00 00 00 
       00007D39 00 00 00 00 00 00 00 00 00 00 
       00007D43 00 00 00 00 00 00 00 00 00 00 
       00007D4D 00 00 00 00 00 00 00 00 00 00 
       00007D57 00 00 00 00 00 00 00 00 00 00 
       00007D61 00 00 00 00 00 00 00 00 00 00 
       00007D6B 00 00 00 00 00 00 00 00 00 00 
       00007D75 00 00 00 00 00 00 00 00 00 00 
       00007D7F 00 00 00 00 00 00 00 00 00 00 
       00007D89 00 00 00 00 00 00 00 00 00 00 
       00007D93 00 00 00 00 00 00 00 00 00 00 
       00007D9D 00 00 00 00 00 00 00 00 00 00 
       00007DA7 00 00 00 00 00 00 00 00 00 00 
       00007DB1 00 00 00 00 00 00 00 00 00 00 
       00007DBB 00 00 00 00 00 00 00 00 00 00 
       00007DC5 00 00 00 00 00 00 00 00 00 00 
       00007DCF 00 00 00 00 00 00 00 00 00 00 
       00007DD9 00 00 00 00 00 00 00 00 00 00 
       00007DE3 00 00 00 00 00 00 00 00 00 00 
       00007DED 00 00 00 00 00 00 00 00 00 00 
       00007DF7 00 00 00 00 00 00 00 
   101 00007DFE                                 
   102 00007DFE 55 AA                           		DB		0x55, 0xaa
