     1 00000000                                 [FORMAT "WCOFF"]
     2 00000000                                 [INSTRSET "i486p"]
     3 00000000                                 [OPTIMIZE 1]
     4 00000000                                 [OPTION 1]
     5 00000000                                 [BITS 32]
     6 00000000                                 	EXTERN	_boxfill8
     7 00000000                                 	EXTERN	_putfonts8_asc
     8 00000000                                 	EXTERN	_sheet_refresh
     9 00000000                                 [FILE "window.c"]
    10                                          [SECTION .text]
    11 00000000                                 	GLOBAL	_make_window
    12 00000000                                 _make_window:
    13 00000000 55                              	PUSH	EBP
    14 00000001 89 E5                           	MOV	EBP,ESP
    15 00000003 57                              	PUSH	EDI
    16 00000004 56                              	PUSH	ESI
    17 00000005 53                              	PUSH	EBX
    18 00000006 83 EC 18                        	SUB	ESP,24
    19 00000009 8B 45 10                        	MOV	EAX,DWORD [16+EBP]
    20 0000000C 8B 5D 0C                        	MOV	EBX,DWORD [12+EBP]
    21 0000000F 89 45 F0                        	MOV	DWORD [-16+EBP],EAX
    22 00000012 8B 75 08                        	MOV	ESI,DWORD [8+EBP]
    23 00000015 8B 45 14                        	MOV	EAX,DWORD [20+EBP]
    24 00000018 89 45 EC                        	MOV	DWORD [-20+EBP],EAX
    25 0000001B 0F BE 45 18                     	MOVSX	EAX,BYTE [24+EBP]
    26 0000001F 89 45 E8                        	MOV	DWORD [-24+EBP],EAX
    27 00000022 8D 43 FF                        	LEA	EAX,DWORD [-1+EBX]
    28 00000025 6A 00                           	PUSH	0
    29 00000027 89 45 E4                        	MOV	DWORD [-28+EBP],EAX
    30 0000002A 50                              	PUSH	EAX
    31 0000002B 6A 00                           	PUSH	0
    32 0000002D 6A 00                           	PUSH	0
    33 0000002F 6A 08                           	PUSH	8
    34 00000031 53                              	PUSH	EBX
    35 00000032 56                              	PUSH	ESI
    36 00000033 E8 [00000000]                   	CALL	_boxfill8
    37 00000038 8D 43 FE                        	LEA	EAX,DWORD [-2+EBX]
    38 0000003B 6A 01                           	PUSH	1
    39 0000003D 89 45 E0                        	MOV	DWORD [-32+EBP],EAX
    40 00000040 50                              	PUSH	EAX
    41 00000041 6A 01                           	PUSH	1
    42 00000043 6A 01                           	PUSH	1
    43 00000045 6A 07                           	PUSH	7
    44 00000047 53                              	PUSH	EBX
    45 00000048 56                              	PUSH	ESI
    46 00000049 E8 [00000000]                   	CALL	_boxfill8
    47 0000004E 8B 45 F0                        	MOV	EAX,DWORD [-16+EBP]
    48 00000051 83 C4 38                        	ADD	ESP,56
    49 00000054 48                              	DEC	EAX
    50 00000055 89 45 DC                        	MOV	DWORD [-36+EBP],EAX
    51 00000058 50                              	PUSH	EAX
    52 00000059 6A 00                           	PUSH	0
    53 0000005B 6A 00                           	PUSH	0
    54 0000005D 6A 00                           	PUSH	0
    55 0000005F 6A 08                           	PUSH	8
    56 00000061 53                              	PUSH	EBX
    57 00000062 56                              	PUSH	ESI
    58 00000063 E8 [00000000]                   	CALL	_boxfill8
    59 00000068 8B 7D F0                        	MOV	EDI,DWORD [-16+EBP]
    60 0000006B 83 EF 02                        	SUB	EDI,2
    61 0000006E 57                              	PUSH	EDI
    62 0000006F 6A 01                           	PUSH	1
    63 00000071 6A 01                           	PUSH	1
    64 00000073 6A 01                           	PUSH	1
    65 00000075 6A 07                           	PUSH	7
    66 00000077 53                              	PUSH	EBX
    67 00000078 56                              	PUSH	ESI
    68 00000079 E8 [00000000]                   	CALL	_boxfill8
    69 0000007E 83 C4 38                        	ADD	ESP,56
    70 00000081 57                              	PUSH	EDI
    71 00000082 FF 75 E0                        	PUSH	DWORD [-32+EBP]
    72 00000085 6A 01                           	PUSH	1
    73 00000087 FF 75 E0                        	PUSH	DWORD [-32+EBP]
    74 0000008A 6A 0F                           	PUSH	15
    75 0000008C 53                              	PUSH	EBX
    76 0000008D 56                              	PUSH	ESI
    77 0000008E E8 [00000000]                   	CALL	_boxfill8
    78 00000093 FF 75 DC                        	PUSH	DWORD [-36+EBP]
    79 00000096 FF 75 E4                        	PUSH	DWORD [-28+EBP]
    80 00000099 6A 00                           	PUSH	0
    81 0000009B FF 75 E4                        	PUSH	DWORD [-28+EBP]
    82 0000009E 6A 00                           	PUSH	0
    83 000000A0 53                              	PUSH	EBX
    84 000000A1 56                              	PUSH	ESI
    85 000000A2 E8 [00000000]                   	CALL	_boxfill8
    86 000000A7 8B 45 F0                        	MOV	EAX,DWORD [-16+EBP]
    87 000000AA 83 C4 38                        	ADD	ESP,56
    88 000000AD 83 E8 03                        	SUB	EAX,3
    89 000000B0 50                              	PUSH	EAX
    90 000000B1 8D 43 FD                        	LEA	EAX,DWORD [-3+EBX]
    91 000000B4 50                              	PUSH	EAX
    92 000000B5 6A 02                           	PUSH	2
    93 000000B7 6A 02                           	PUSH	2
    94 000000B9 6A 08                           	PUSH	8
    95 000000BB 53                              	PUSH	EBX
    96 000000BC 56                              	PUSH	ESI
    97 000000BD E8 [00000000]                   	CALL	_boxfill8
    98 000000C2 57                              	PUSH	EDI
    99 000000C3 FF 75 E0                        	PUSH	DWORD [-32+EBP]
   100 000000C6 57                              	PUSH	EDI
   101 000000C7 6A 01                           	PUSH	1
   102 000000C9 6A 0F                           	PUSH	15
   103 000000CB 53                              	PUSH	EBX
   104 000000CC 56                              	PUSH	ESI
   105 000000CD E8 [00000000]                   	CALL	_boxfill8
   106 000000D2 83 C4 38                        	ADD	ESP,56
   107 000000D5 FF 75 DC                        	PUSH	DWORD [-36+EBP]
   108 000000D8 FF 75 E4                        	PUSH	DWORD [-28+EBP]
   109 000000DB FF 75 DC                        	PUSH	DWORD [-36+EBP]
   110 000000DE 6A 00                           	PUSH	0
   111 000000E0 6A 00                           	PUSH	0
   112 000000E2 53                              	PUSH	EBX
   113 000000E3 56                              	PUSH	ESI
   114 000000E4 E8 [00000000]                   	CALL	_boxfill8
   115 000000E9 89 75 08                        	MOV	DWORD [8+EBP],ESI
   116 000000EC 8B 45 E8                        	MOV	EAX,DWORD [-24+EBP]
   117 000000EF 89 5D 0C                        	MOV	DWORD [12+EBP],EBX
   118 000000F2 89 45 14                        	MOV	DWORD [20+EBP],EAX
   119 000000F5 83 C4 1C                        	ADD	ESP,28
   120 000000F8 8B 45 EC                        	MOV	EAX,DWORD [-20+EBP]
   121 000000FB 89 45 10                        	MOV	DWORD [16+EBP],EAX
   122 000000FE 8D 65 F4                        	LEA	ESP,DWORD [-12+EBP]
   123 00000101 5B                              	POP	EBX
   124 00000102 5E                              	POP	ESI
   125 00000103 5F                              	POP	EDI
   126 00000104 5D                              	POP	EBP
   127 00000105 EB 00                           	JMP	_make_wtitle8
   128                                          [SECTION .data]
   129 00000000                                 _closebtn.0:
   130 00000000 51 51 4F 4F 4F 4F 4F 4F 4F 4F   	DB	"QQOOOOOOOOOOOOQQ"
       0000000A 4F 4F 4F 4F 51 51 
   131 00000010 51 4F 51 51 51 51 51 51 51 51   	DB	"QOQQQQQQQQQQQQOQ"
       0000001A 51 51 51 51 4F 51 
   132 00000020 4F 51 51 51 51 51 51 51 51 51   	DB	"OQQQQQQQQQQQQQ$@"
       0000002A 51 51 51 51 24 40 
   133 00000030 4F 51 51 51 40 40 51 51 51 51   	DB	"OQQQ@@QQQQ@@QQ$@"
       0000003A 40 40 51 51 24 40 
   134 00000040 4F 51 51 51 51 40 40 51 51 40   	DB	"OQQQQ@@QQ@@QQQ$@"
       0000004A 40 51 51 51 24 40 
   135 00000050 4F 51 51 51 51 51 40 40 40 40   	DB	"OQQQQQ@@@@QQQQ$@"
       0000005A 51 51 51 51 24 40 
   136 00000060 4F 51 51 51 51 51 51 40 40 51   	DB	"OQQQQQQ@@QQQQQ$@"
       0000006A 51 51 51 51 24 40 
   137 00000070 4F 51 51 51 51 51 40 40 40 40   	DB	"OQQQQQ@@@@QQQQ$@"
       0000007A 51 51 51 51 24 40 
   138 00000080 4F 51 51 51 51 40 40 51 51 40   	DB	"OQQQQ@@QQ@@QQQ$@"
       0000008A 40 51 51 51 24 40 
   139 00000090 4F 51 51 51 40 40 51 51 51 51   	DB	"OQQQ@@QQQQ@@QQ$@"
       0000009A 40 40 51 51 24 40 
   140 000000A0 4F 51 51 51 51 51 51 51 51 51   	DB	"OQQQQQQQQQQQQQ$@"
       000000AA 51 51 51 51 24 40 
   141 000000B0 4F 51 51 51 51 51 51 51 51 51   	DB	"OQQQQQQQQQQQQQ$@"
       000000BA 51 51 51 51 24 40 
   142 000000C0 51 4F 24 24 24 24 24 24 24 24   	DB	"QO$$$$$$$$$$$$OQ"
       000000CA 24 24 24 24 4F 51 
   143 000000D0 51 51 40 40 40 40 40 40 40 40   	DB	"QQ@@@@@@@@@@@@QQ"
       000000DA 40 40 40 40 51 51 
   144 000000E0                                 _smallbtn.1:
   145 000000E0 51 51 4F 4F 4F 4F 4F 4F 4F 4F   	DB	"QQOOOOOOOOOOOOQQ"
       000000EA 4F 4F 4F 4F 51 51 
   146 000000F0 51 4F 51 51 51 51 51 51 51 51   	DB	"QOQQQQQQQQQQQQOQ"
       000000FA 51 51 51 51 4F 51 
   147 00000100 4F 51 51 51 51 51 51 51 51 51   	DB	"OQQQQQQQQQQQQQ$@"
       0000010A 51 51 51 51 24 40 
   148 00000110 4F 51 51 51 51 51 51 51 51 51   	DB	"OQQQQQQQQQQQQQ$@"
       0000011A 51 51 51 51 24 40 
   149 00000120 4F 51 51 51 51 51 51 51 51 51   	DB	"OQQQQQQQQQQQQQ$@"
       0000012A 51 51 51 51 24 40 
   150 00000130 4F 51 51 51 51 51 51 51 51 51   	DB	"OQQQQQQQQQQQQQ$@"
       0000013A 51 51 51 51 24 40 
   151 00000140 4F 51 51 51 51 51 51 51 51 51   	DB	"OQQQQQQQQQQQQQ$@"
       0000014A 51 51 51 51 24 40 
   152 00000150 4F 51 51 51 51 51 51 51 51 51   	DB	"OQQQQQQQQQQQQQ$@"
       0000015A 51 51 51 51 24 40 
   153 00000160 4F 51 51 51 51 51 51 51 51 51   	DB	"OQQQQQQQQQQQQQ$@"
       0000016A 51 51 51 51 24 40 
   154 00000170 4F 51 51 40 40 40 40 40 40 40   	DB	"OQQ@@@@@@@@@@Q$@"
       0000017A 40 40 40 51 24 40 
   155 00000180 4F 51 51 51 51 51 51 51 51 51   	DB	"OQQQQQQQQQQQQQ$@"
       0000018A 51 51 51 51 24 40 
   156 00000190 4F 51 51 51 51 51 51 51 51 51   	DB	"OQQQQQQQQQQQQQ$@"
       0000019A 51 51 51 51 24 40 
   157 000001A0 51 4F 24 24 24 24 24 24 24 24   	DB	"QO$$$$$$$$$$$$OQ"
       000001AA 24 24 24 24 4F 51 
   158 000001B0 51 51 40 40 40 40 40 40 40 40   	DB	"QQ@@@@@@@@@@@@QQ"
       000001BA 40 40 40 40 51 51 
   159                                          [SECTION .text]
   160 00000107                                 	GLOBAL	_make_wtitle8
   161 00000107                                 _make_wtitle8:
   162 00000107 55                              	PUSH	EBP
   163 00000108 89 E5                           	MOV	EBP,ESP
   164 0000010A 57                              	PUSH	EDI
   165 0000010B 56                              	PUSH	ESI
   166 0000010C 53                              	PUSH	EBX
   167 0000010D 83 EC 0C                        	SUB	ESP,12
   168 00000110 8B 7D 0C                        	MOV	EDI,DWORD [12+EBP]
   169 00000113 80 7D 14 00                     	CMP	BYTE [20+EBP],0
   170 00000117 0F 84 000000DA                  	JE	L3
   171 0000011D B2 0C                           	MOV	DL,12
   172 0000011F                                 L4:
   173 0000011F 6A 14                           	PUSH	20
   174 00000121 8D 47 FC                        	LEA	EAX,DWORD [-4+EDI]
   175 00000124 50                              	PUSH	EAX
   176 00000125 31 F6                           	XOR	ESI,ESI
   177 00000127 6A 03                           	PUSH	3
   178 00000129 6A 03                           	PUSH	3
   179 0000012B 0F B6 C2                        	MOVZX	EAX,DL
   180 0000012E 6B DF 05                        	IMUL	EBX,EDI,5
   181 00000131 50                              	PUSH	EAX
   182 00000132 57                              	PUSH	EDI
   183 00000133 FF 75 08                        	PUSH	DWORD [8+EBP]
   184 00000136 E8 [00000000]                   	CALL	_boxfill8
   185 0000013B FF 75 10                        	PUSH	DWORD [16+EBP]
   186 0000013E 6A 07                           	PUSH	7
   187 00000140 6A 04                           	PUSH	4
   188 00000142 6A 18                           	PUSH	24
   189 00000144 57                              	PUSH	EDI
   190 00000145 FF 75 08                        	PUSH	DWORD [8+EBP]
   191 00000148 E8 [00000000]                   	CALL	_putfonts8_asc
   192 0000014D 83 C4 34                        	ADD	ESP,52
   193 00000150 C7 45 EC 00000000               	MOV	DWORD [-20+EBP],0
   194 00000157                                 L20:
   195 00000157 8D 14 3B                        	LEA	EDX,DWORD [EBX+EDI*1]
   196 0000015A 8B 45 08                        	MOV	EAX,DWORD [8+EBP]
   197 0000015D 31 C9                           	XOR	ECX,ECX
   198 0000015F 8D 54 10 EB                     	LEA	EDX,DWORD [-21+EAX+EDX*1]
   199 00000163 89 55 E8                        	MOV	DWORD [-24+EBP],EDX
   200 00000166                                 L19:
   201 00000166 8B 55 EC                        	MOV	EDX,DWORD [-20+EBP]
   202 00000169 8A 84 11 [00000000]             	MOV	AL,BYTE [_closebtn.0+ECX+EDX*1]
   203 00000170 3C 40                           	CMP	AL,64
   204 00000172 74 7F                           	JE	L45
   205 00000174 3C 24                           	CMP	AL,36
   206 00000176 74 77                           	JE	L46
   207 00000178 B0 07                           	MOV	AL,7
   208 0000017A                                 L14:
   209 0000017A 8B 55 E8                        	MOV	EDX,DWORD [-24+EBP]
   210 0000017D 41                              	INC	ECX
   211 0000017E 88 02                           	MOV	BYTE [EDX],AL
   212 00000180 42                              	INC	EDX
   213 00000181 89 55 E8                        	MOV	DWORD [-24+EBP],EDX
   214 00000184 83 F9 0F                        	CMP	ECX,15
   215 00000187 7E DD                           	JLE	L19
   216 00000189 46                              	INC	ESI
   217 0000018A 01 FB                           	ADD	EBX,EDI
   218 0000018C 83 45 EC 10                     	ADD	DWORD [-20+EBP],16
   219 00000190 83 FE 0D                        	CMP	ESI,13
   220 00000193 7E C2                           	JLE	L20
   221 00000195 6B DF 05                        	IMUL	EBX,EDI,5
   222 00000198 31 F6                           	XOR	ESI,ESI
   223 0000019A C7 45 F0 00000000               	MOV	DWORD [-16+EBP],0
   224 000001A1                                 L36:
   225 000001A1 8D 14 3B                        	LEA	EDX,DWORD [EBX+EDI*1]
   226 000001A4 8B 45 08                        	MOV	EAX,DWORD [8+EBP]
   227 000001A7 31 C9                           	XOR	ECX,ECX
   228 000001A9 8D 54 10 DA                     	LEA	EDX,DWORD [-38+EAX+EDX*1]
   229 000001AD 89 55 E8                        	MOV	DWORD [-24+EBP],EDX
   230 000001B0                                 L35:
   231 000001B0 8B 55 F0                        	MOV	EDX,DWORD [-16+EBP]
   232 000001B3 8A 84 11 [000000E0]             	MOV	AL,BYTE [_smallbtn.1+ECX+EDX*1]
   233 000001BA 3C 40                           	CMP	AL,64
   234 000001BC 74 2D                           	JE	L47
   235 000001BE 3C 24                           	CMP	AL,36
   236 000001C0 74 25                           	JE	L48
   237 000001C2 B0 07                           	MOV	AL,7
   238 000001C4                                 L30:
   239 000001C4 8B 55 E8                        	MOV	EDX,DWORD [-24+EBP]
   240 000001C7 41                              	INC	ECX
   241 000001C8 88 02                           	MOV	BYTE [EDX],AL
   242 000001CA 42                              	INC	EDX
   243 000001CB 89 55 E8                        	MOV	DWORD [-24+EBP],EDX
   244 000001CE 83 F9 0F                        	CMP	ECX,15
   245 000001D1 7E DD                           	JLE	L35
   246 000001D3 46                              	INC	ESI
   247 000001D4 01 FB                           	ADD	EBX,EDI
   248 000001D6 83 45 F0 10                     	ADD	DWORD [-16+EBP],16
   249 000001DA 83 FE 0D                        	CMP	ESI,13
   250 000001DD 7E C2                           	JLE	L36
   251 000001DF 8D 65 F4                        	LEA	ESP,DWORD [-12+EBP]
   252 000001E2 5B                              	POP	EBX
   253 000001E3 5E                              	POP	ESI
   254 000001E4 5F                              	POP	EDI
   255 000001E5 5D                              	POP	EBP
   256 000001E6 C3                              	RET
   257 000001E7                                 L48:
   258 000001E7 B0 0F                           	MOV	AL,15
   259 000001E9 EB D9                           	JMP	L30
   260 000001EB                                 L47:
   261 000001EB 31 C0                           	XOR	EAX,EAX
   262 000001ED EB D5                           	JMP	L30
   263 000001EF                                 L46:
   264 000001EF B0 0F                           	MOV	AL,15
   265 000001F1 EB 87                           	JMP	L14
   266 000001F3                                 L45:
   267 000001F3 31 C0                           	XOR	EAX,EAX
   268 000001F5 EB 83                           	JMP	L14
   269 000001F7                                 L3:
   270 000001F7 B2 0F                           	MOV	DL,15
   271 000001F9 E9 FFFFFF21                     	JMP	L4
   272 000001FE                                 	GLOBAL	_make_textbox8
   273 000001FE                                 _make_textbox8:
   274 000001FE 55                              	PUSH	EBP
   275 000001FF 89 E5                           	MOV	EBP,ESP
   276 00000201 57                              	PUSH	EDI
   277 00000202 56                              	PUSH	ESI
   278 00000203 53                              	PUSH	EBX
   279 00000204 83 EC 14                        	SUB	ESP,20
   280 00000207 8B 45 0C                        	MOV	EAX,DWORD [12+EBP]
   281 0000020A 8B 75 10                        	MOV	ESI,DWORD [16+EBP]
   282 0000020D 03 45 14                        	ADD	EAX,DWORD [20+EBP]
   283 00000210 83 EE 03                        	SUB	ESI,3
   284 00000213 56                              	PUSH	ESI
   285 00000214 89 45 F0                        	MOV	DWORD [-16+EBP],EAX
   286 00000217 8B 45 10                        	MOV	EAX,DWORD [16+EBP]
   287 0000021A 03 45 18                        	ADD	EAX,DWORD [24+EBP]
   288 0000021D 89 45 EC                        	MOV	DWORD [-20+EBP],EAX
   289 00000220 8B 45 F0                        	MOV	EAX,DWORD [-16+EBP]
   290 00000223 40                              	INC	EAX
   291 00000224 50                              	PUSH	EAX
   292 00000225 89 45 E8                        	MOV	DWORD [-24+EBP],EAX
   293 00000228 8B 45 0C                        	MOV	EAX,DWORD [12+EBP]
   294 0000022B 56                              	PUSH	ESI
   295 0000022C 83 E8 02                        	SUB	EAX,2
   296 0000022F 50                              	PUSH	EAX
   297 00000230 89 45 E4                        	MOV	DWORD [-28+EBP],EAX
   298 00000233 8B 45 08                        	MOV	EAX,DWORD [8+EBP]
   299 00000236 6A 0F                           	PUSH	15
   300 00000238 FF 70 04                        	PUSH	DWORD [4+EAX]
   301 0000023B FF 30                           	PUSH	DWORD [EAX]
   302 0000023D E8 [00000000]                   	CALL	_boxfill8
   303 00000242 8B 7D 0C                        	MOV	EDI,DWORD [12+EBP]
   304 00000245 8B 45 EC                        	MOV	EAX,DWORD [-20+EBP]
   305 00000248 83 EF 03                        	SUB	EDI,3
   306 0000024B 40                              	INC	EAX
   307 0000024C 50                              	PUSH	EAX
   308 0000024D 89 45 E0                        	MOV	DWORD [-32+EBP],EAX
   309 00000250 57                              	PUSH	EDI
   310 00000251 8B 45 08                        	MOV	EAX,DWORD [8+EBP]
   311 00000254 56                              	PUSH	ESI
   312 00000255 57                              	PUSH	EDI
   313 00000256 6A 0F                           	PUSH	15
   314 00000258 FF 70 04                        	PUSH	DWORD [4+EAX]
   315 0000025B FF 30                           	PUSH	DWORD [EAX]
   316 0000025D E8 [00000000]                   	CALL	_boxfill8
   317 00000262 8B 45 08                        	MOV	EAX,DWORD [8+EBP]
   318 00000265 83 C4 38                        	ADD	ESP,56
   319 00000268 8B 5D EC                        	MOV	EBX,DWORD [-20+EBP]
   320 0000026B 83 C3 02                        	ADD	EBX,2
   321 0000026E 53                              	PUSH	EBX
   322 0000026F FF 75 E8                        	PUSH	DWORD [-24+EBP]
   323 00000272 53                              	PUSH	EBX
   324 00000273 57                              	PUSH	EDI
   325 00000274 6A 07                           	PUSH	7
   326 00000276 FF 70 04                        	PUSH	DWORD [4+EAX]
   327 00000279 FF 30                           	PUSH	DWORD [EAX]
   328 0000027B E8 [00000000]                   	CALL	_boxfill8
   329 00000280 8B 45 F0                        	MOV	EAX,DWORD [-16+EBP]
   330 00000283 53                              	PUSH	EBX
   331 00000284 83 C0 02                        	ADD	EAX,2
   332 00000287 50                              	PUSH	EAX
   333 00000288 56                              	PUSH	ESI
   334 00000289 50                              	PUSH	EAX
   335 0000028A 8B 45 08                        	MOV	EAX,DWORD [8+EBP]
   336 0000028D 6A 07                           	PUSH	7
   337 0000028F FF 70 04                        	PUSH	DWORD [4+EAX]
   338 00000292 FF 30                           	PUSH	DWORD [EAX]
   339 00000294 E8 [00000000]                   	CALL	_boxfill8
   340 00000299 8B 45 08                        	MOV	EAX,DWORD [8+EBP]
   341 0000029C 83 C4 38                        	ADD	ESP,56
   342 0000029F 8B 5D 10                        	MOV	EBX,DWORD [16+EBP]
   343 000002A2 83 EB 02                        	SUB	EBX,2
   344 000002A5 8B 7D 0C                        	MOV	EDI,DWORD [12+EBP]
   345 000002A8 53                              	PUSH	EBX
   346 000002A9 4F                              	DEC	EDI
   347 000002AA FF 75 F0                        	PUSH	DWORD [-16+EBP]
   348 000002AD 53                              	PUSH	EBX
   349 000002AE 57                              	PUSH	EDI
   350 000002AF 6A 00                           	PUSH	0
   351 000002B1 FF 70 04                        	PUSH	DWORD [4+EAX]
   352 000002B4 FF 30                           	PUSH	DWORD [EAX]
   353 000002B6 E8 [00000000]                   	CALL	_boxfill8
   354 000002BB 8B 45 08                        	MOV	EAX,DWORD [8+EBP]
   355 000002BE FF 75 EC                        	PUSH	DWORD [-20+EBP]
   356 000002C1 FF 75 E4                        	PUSH	DWORD [-28+EBP]
   357 000002C4 53                              	PUSH	EBX
   358 000002C5 FF 75 E4                        	PUSH	DWORD [-28+EBP]
   359 000002C8 6A 00                           	PUSH	0
   360 000002CA FF 70 04                        	PUSH	DWORD [4+EAX]
   361 000002CD FF 30                           	PUSH	DWORD [EAX]
   362 000002CF E8 [00000000]                   	CALL	_boxfill8
   363 000002D4 8B 45 08                        	MOV	EAX,DWORD [8+EBP]
   364 000002D7 83 C4 38                        	ADD	ESP,56
   365 000002DA FF 75 E0                        	PUSH	DWORD [-32+EBP]
   366 000002DD FF 75 F0                        	PUSH	DWORD [-16+EBP]
   367 000002E0 FF 75 E0                        	PUSH	DWORD [-32+EBP]
   368 000002E3 FF 75 E4                        	PUSH	DWORD [-28+EBP]
   369 000002E6 6A 08                           	PUSH	8
   370 000002E8 FF 70 04                        	PUSH	DWORD [4+EAX]
   371 000002EB FF 30                           	PUSH	DWORD [EAX]
   372 000002ED E8 [00000000]                   	CALL	_boxfill8
   373 000002F2 8B 45 08                        	MOV	EAX,DWORD [8+EBP]
   374 000002F5 FF 75 E0                        	PUSH	DWORD [-32+EBP]
   375 000002F8 FF 75 E8                        	PUSH	DWORD [-24+EBP]
   376 000002FB 53                              	PUSH	EBX
   377 000002FC FF 75 E8                        	PUSH	DWORD [-24+EBP]
   378 000002FF 6A 08                           	PUSH	8
   379 00000301 FF 70 04                        	PUSH	DWORD [4+EAX]
   380 00000304 FF 30                           	PUSH	DWORD [EAX]
   381 00000306 E8 [00000000]                   	CALL	_boxfill8
   382 0000030B 8B 45 10                        	MOV	EAX,DWORD [16+EBP]
   383 0000030E 83 C4 38                        	ADD	ESP,56
   384 00000311 48                              	DEC	EAX
   385 00000312 FF 75 EC                        	PUSH	DWORD [-20+EBP]
   386 00000315 FF 75 F0                        	PUSH	DWORD [-16+EBP]
   387 00000318 50                              	PUSH	EAX
   388 00000319 57                              	PUSH	EDI
   389 0000031A 0F B6 45 1C                     	MOVZX	EAX,BYTE [28+EBP]
   390 0000031E 50                              	PUSH	EAX
   391 0000031F 8B 45 08                        	MOV	EAX,DWORD [8+EBP]
   392 00000322 FF 70 04                        	PUSH	DWORD [4+EAX]
   393 00000325 FF 30                           	PUSH	DWORD [EAX]
   394 00000327 E8 [00000000]                   	CALL	_boxfill8
   395 0000032C 8D 65 F4                        	LEA	ESP,DWORD [-12+EBP]
   396 0000032F 5B                              	POP	EBX
   397 00000330 5E                              	POP	ESI
   398 00000331 5F                              	POP	EDI
   399 00000332 5D                              	POP	EBP
   400 00000333 C3                              	RET
   401 00000334                                 	GLOBAL	_putfonts8_asc_sht
   402 00000334                                 _putfonts8_asc_sht:
   403 00000334 55                              	PUSH	EBP
   404 00000335 89 E5                           	MOV	EBP,ESP
   405 00000337 57                              	PUSH	EDI
   406 00000338 56                              	PUSH	ESI
   407 00000339 53                              	PUSH	EBX
   408 0000033A 83 EC 0C                        	SUB	ESP,12
   409 0000033D 8B 45 08                        	MOV	EAX,DWORD [8+EBP]
   410 00000340 8B 7D 10                        	MOV	EDI,DWORD [16+EBP]
   411 00000343 89 45 F0                        	MOV	DWORD [-16+EBP],EAX
   412 00000346 8B 5D 14                        	MOV	EBX,DWORD [20+EBP]
   413 00000349 8B 45 0C                        	MOV	EAX,DWORD [12+EBP]
   414 0000034C 89 45 EC                        	MOV	DWORD [-20+EBP],EAX
   415 0000034F 8B 45 1C                        	MOV	EAX,DWORD [28+EBP]
   416 00000352 89 45 E8                        	MOV	DWORD [-24+EBP],EAX
   417 00000355 8D 47 0F                        	LEA	EAX,DWORD [15+EDI]
   418 00000358 50                              	PUSH	EAX
   419 00000359 8B 45 EC                        	MOV	EAX,DWORD [-20+EBP]
   420 0000035C 8B 75 20                        	MOV	ESI,DWORD [32+EBP]
   421 0000035F 0F BE DB                        	MOVSX	EBX,BL
   422 00000362 8D 34 F0                        	LEA	ESI,DWORD [EAX+ESI*8]
   423 00000365 8D 46 FF                        	LEA	EAX,DWORD [-1+ESI]
   424 00000368 50                              	PUSH	EAX
   425 00000369 57                              	PUSH	EDI
   426 0000036A FF 75 EC                        	PUSH	DWORD [-20+EBP]
   427 0000036D 0F B6 45 18                     	MOVZX	EAX,BYTE [24+EBP]
   428 00000371 50                              	PUSH	EAX
   429 00000372 8B 45 F0                        	MOV	EAX,DWORD [-16+EBP]
   430 00000375 FF 70 04                        	PUSH	DWORD [4+EAX]
   431 00000378 FF 30                           	PUSH	DWORD [EAX]
   432 0000037A E8 [00000000]                   	CALL	_boxfill8
   433 0000037F FF 75 E8                        	PUSH	DWORD [-24+EBP]
   434 00000382 53                              	PUSH	EBX
   435 00000383 57                              	PUSH	EDI
   436 00000384 FF 75 EC                        	PUSH	DWORD [-20+EBP]
   437 00000387 8B 45 F0                        	MOV	EAX,DWORD [-16+EBP]
   438 0000038A FF 70 04                        	PUSH	DWORD [4+EAX]
   439 0000038D FF 30                           	PUSH	DWORD [EAX]
   440 0000038F E8 [00000000]                   	CALL	_putfonts8_asc
   441 00000394 89 7D 10                        	MOV	DWORD [16+EBP],EDI
   442 00000397 8D 47 10                        	LEA	EAX,DWORD [16+EDI]
   443 0000039A 89 75 14                        	MOV	DWORD [20+EBP],ESI
   444 0000039D 89 45 18                        	MOV	DWORD [24+EBP],EAX
   445 000003A0 83 C4 34                        	ADD	ESP,52
   446 000003A3 8B 45 EC                        	MOV	EAX,DWORD [-20+EBP]
   447 000003A6 89 45 0C                        	MOV	DWORD [12+EBP],EAX
   448 000003A9 8B 45 F0                        	MOV	EAX,DWORD [-16+EBP]
   449 000003AC 89 45 08                        	MOV	DWORD [8+EBP],EAX
   450 000003AF 8D 65 F4                        	LEA	ESP,DWORD [-12+EBP]
   451 000003B2 5B                              	POP	EBX
   452 000003B3 5E                              	POP	ESI
   453 000003B4 5F                              	POP	EDI
   454 000003B5 5D                              	POP	EBP
   455 000003B6 E9 [00000000]                   	JMP	_sheet_refresh
   456 000003BB                                 	GLOBAL	_change_wtitle8
   457 000003BB                                 _change_wtitle8:
   458 000003BB 55                              	PUSH	EBP
   459 000003BC 89 E5                           	MOV	EBP,ESP
   460 000003BE 57                              	PUSH	EDI
   461 000003BF 56                              	PUSH	ESI
   462 000003C0 53                              	PUSH	EBX
   463 000003C1 83 EC 14                        	SUB	ESP,20
   464 000003C4 8B 45 08                        	MOV	EAX,DWORD [8+EBP]
   465 000003C7 80 7D 0C 00                     	CMP	BYTE [12+EBP],0
   466 000003CB 8B 10                           	MOV	EDX,DWORD [EAX]
   467 000003CD 8B 48 04                        	MOV	ECX,DWORD [4+EAX]
   468 000003D0 89 55 E4                        	MOV	DWORD [-28+EBP],EDX
   469 000003D3 0F 84 00000088                  	JE	L52
   470 000003D9 C6 45 EB 07                     	MOV	BYTE [-21+EBP],7
   471 000003DD C6 45 EA 0C                     	MOV	BYTE [-22+EBP],12
   472 000003E1 C6 45 E9 08                     	MOV	BYTE [-23+EBP],8
   473 000003E5 C6 45 E8 0F                     	MOV	BYTE [-24+EBP],15
   474 000003E9                                 L53:
   475 000003E9 6B F9 03                        	IMUL	EDI,ECX,3
   476 000003EC C7 45 EC 00000011               	MOV	DWORD [-20+EBP],17
   477 000003F3 89 7D E0                        	MOV	DWORD [-32+EBP],EDI
   478 000003F6                                 L66:
   479 000003F6 C7 45 F0 00000003               	MOV	DWORD [-16+EBP],3
   480 000003FD 8D 41 FC                        	LEA	EAX,DWORD [-4+ECX]
   481 00000400 39 45 F0                        	CMP	DWORD [-16+EBP],EAX
   482 00000403 7F 29                           	JG	L70
   483 00000405 8B 45 E4                        	MOV	EAX,DWORD [-28+EBP]
   484 00000408 8B 55 E0                        	MOV	EDX,DWORD [-32+EBP]
   485 0000040B 8D 74 38 03                     	LEA	ESI,DWORD [3+EAX+EDI*1]
   486 0000040F 8D 5C 10 03                     	LEA	EBX,DWORD [3+EAX+EDX*1]
   487 00000413                                 L65:
   488 00000413 8A 13                           	MOV	DL,BYTE [EBX]
   489 00000415 3A 55 E9                        	CMP	DL,BYTE [-23+EBP]
   490 00000418 74 3A                           	JE	L71
   491 0000041A                                 L62:
   492 0000041A 3A 55 E8                        	CMP	DL,BYTE [-24+EBP]
   493 0000041D 74 30                           	JE	L72
   494 0000041F                                 L63:
   495 0000041F 88 16                           	MOV	BYTE [ESI],DL
   496 00000421 8D 41 FC                        	LEA	EAX,DWORD [-4+ECX]
   497 00000424 FF 45 F0                        	INC	DWORD [-16+EBP]
   498 00000427 46                              	INC	ESI
   499 00000428 43                              	INC	EBX
   500 00000429 39 45 F0                        	CMP	DWORD [-16+EBP],EAX
   501 0000042C 7E E5                           	JLE	L65
   502 0000042E                                 L70:
   503 0000042E 01 CF                           	ADD	EDI,ECX
   504 00000430 01 4D E0                        	ADD	DWORD [-32+EBP],ECX
   505 00000433 FF 4D EC                        	DEC	DWORD [-20+EBP]
   506 00000436 79 BE                           	JNS	L66
   507 00000438 6A 15                           	PUSH	21
   508 0000043A 51                              	PUSH	ECX
   509 0000043B 6A 03                           	PUSH	3
   510 0000043D 6A 03                           	PUSH	3
   511 0000043F FF 75 08                        	PUSH	DWORD [8+EBP]
   512 00000442 E8 [00000000]                   	CALL	_sheet_refresh
   513 00000447 8D 65 F4                        	LEA	ESP,DWORD [-12+EBP]
   514 0000044A 5B                              	POP	EBX
   515 0000044B 5E                              	POP	ESI
   516 0000044C 5F                              	POP	EDI
   517 0000044D 5D                              	POP	EBP
   518 0000044E C3                              	RET
   519 0000044F                                 L72:
   520 0000044F 8A 55 EA                        	MOV	DL,BYTE [-22+EBP]
   521 00000452 EB CB                           	JMP	L63
   522 00000454                                 L71:
   523 00000454 8D 41 EA                        	LEA	EAX,DWORD [-22+ECX]
   524 00000457 39 45 F0                        	CMP	DWORD [-16+EBP],EAX
   525 0000045A 7F BE                           	JG	L62
   526 0000045C 8A 55 EB                        	MOV	DL,BYTE [-21+EBP]
   527 0000045F EB BE                           	JMP	L63
   528 00000461                                 L52:
   529 00000461 C6 45 EB 08                     	MOV	BYTE [-21+EBP],8
   530 00000465 C6 45 EA 0F                     	MOV	BYTE [-22+EBP],15
   531 00000469 C6 45 E9 07                     	MOV	BYTE [-23+EBP],7
   532 0000046D C6 45 E8 0C                     	MOV	BYTE [-24+EBP],12
   533 00000471 E9 FFFFFF73                     	JMP	L53
