     1 00000000                                 ; hello-os
     2 00000000                                 
     3                                          		ORG		0x7c00			; 指明程序的装载地址
     4 00007C00                                 
     5 00007C00                                 ; 以下用于标准FAT12格式的软盘
     6 00007C00                                 
     7 00007C00 EB 4E                           		JMP		entry
     8 00007C02 90                              		DB		0x90
     9 00007C03 48 45 4C 4C 4F 49 50 4C         		DB		"HELLOIPL"		; 启动区的名称，可以是任意字符串（8字节）
    10 00007C0B 0200                            		DW		512				; 每个扇区（sector）的大小（必须是512字?）
    11 00007C0D 01                              		DB		1				; 簇（cluster）的大小（必须是1个扇区）
    12 00007C0E 0001                            		DW		1				; FAT的起始位置（一般从第一个扇区开始）
    13 00007C10 02                              		DB		2				; FAT的个数（必须是2）
    14 00007C11 00E0                            		DW		224				; 根目录的大小（一般设成224项）
    15 00007C13 0B40                            		DW		2880			; 该磁盘的大小（必须是2880扇区）
    16 00007C15 F0                              		DB		0xf0			; 磁盘的种类（必须是0xf0）
    17 00007C16 0009                            		DW		9				; FAT的长度（必须是9扇区）
    18 00007C18 0012                            		DW		18				; 1个磁道（track）的扇区数（必须是18）
    19 00007C1A 0002                            		DW		2				; 磁头数（必须是2）
    20 00007C1C 00000000                        		DD		0				; 不使用分区，必须是0
    21 00007C20 00000B40                        		DD		2880			; 重写一次磁盘大小
    22 00007C24 00 00 29                        		DB		0,0,0x29		; 意义不明，固定
    23 00007C27 FFFFFFFF                        		DD		0xffffffff		; （可能是）卷标号码
    24 00007C2B 48 45 4C 4C 4F 2D 4F 53 20 20   		DB		"HELLO-OS   "	; 磁盘的名称（11字节）
       00007C35 20 
    25 00007C36 46 41 54 31 32 20 20 20         		DB		"FAT12   "		; 磁盘格式名称（8字节）
    26 00007C3E 00 00 00 00 00 00 00 00 00 00   		RESB	18				; 先空出18字节
       00007C48 00 00 00 00 00 00 00 00 
    27 00007C50                                 
    28 00007C50                                 ; 程序主体
    29 00007C50                                 
    30 00007C50                                 entry:
    31 00007C50 B8 0000                         		MOV		AX,0			; 初始化寄存器
    32 00007C53 8E D0                           		MOV		SS,AX
    33 00007C55 BC 7C00                         		MOV		SP,0x7c00
    34 00007C58 8E D8                           		MOV		DS,AX
    35 00007C5A 8E C0                           		MOV		ES,AX
    36 00007C5C                                 
    37 00007C5C BE 7C74                         		MOV		SI,msg
    38 00007C5F                                 putloop:
    39 00007C5F 8A 04                           		MOV		AL,[SI]
    40 00007C61 83 C6 01                        		ADD		SI,1			; 给SI加1
    41 00007C64 3C 00                           		CMP		AL,0
    42 00007C66 74 09                           		JE		fin
    43 00007C68 B4 0E                           		MOV		AH,0x0e			; 显示一个字符
    44 00007C6A BB 000F                         		MOV		BX,15			; 指定字符颜色
    45 00007C6D CD 10                           		INT		0x10			; 调用显卡BIOS
    46 00007C6F EB EE                           		JMP		putloop
    47 00007C71                                 fin:
    48 00007C71 F4                              		HLT						; 让CPU停止，等待指令
    49 00007C72 EB FD                           		JMP		fin				; 跳转到fin
    50 00007C74                                 
    51 00007C74                                 msg:
    52 00007C74 0A 0A                           		DB		0x0a, 0x0a		       ;相当于\n\n
    53 00007C76 41 54 54 45 4E 54 49 4F 4E 21   		DB		"ATTENTION! MyOS's Here!"
       00007C80 20 4D 79 4F 53 27 73 20 48 65 
       00007C8A 72 65 21 
    54 00007C8D 0D 0A 0A                        		DB		0x0d, 0x0a ,0x0a       ;\r\n\n
    55 00007C90 49 27 6D 20 73 6F 20 65 78 63   		DB      "I'm so exciting!!!!"
       00007C9A 69 74 69 6E 67 21 21 21 21 
    56 00007CA3 0D 0A                           		DB		0x0d, 0x0a			   ;\r\n
    57 00007CA5 00                              		DB		0
    58 00007CA6                                 
    59 00007CA6 00 00 00 00 00 00 00 00 00 00   		RESB	0x7dfe-$		; 填写0x00，直到0x001fe
       00007CB0 00 00 00 00 00 00 00 00 00 00 
       00007CBA 00 00 00 00 00 00 00 00 00 00 
       00007CC4 00 00 00 00 00 00 00 00 00 00 
       00007CCE 00 00 00 00 00 00 00 00 00 00 
       00007CD8 00 00 00 00 00 00 00 00 00 00 
       00007CE2 00 00 00 00 00 00 00 00 00 00 
       00007CEC 00 00 00 00 00 00 00 00 00 00 
       00007CF6 00 00 00 00 00 00 00 00 00 00 
       00007D00 00 00 00 00 00 00 00 00 00 00 
       00007D0A 00 00 00 00 00 00 00 00 00 00 
       00007D14 00 00 00 00 00 00 00 00 00 00 
       00007D1E 00 00 00 00 00 00 00 00 00 00 
       00007D28 00 00 00 00 00 00 00 00 00 00 
       00007D32 00 00 00 00 00 00 00 00 00 00 
       00007D3C 00 00 00 00 00 00 00 00 00 00 
       00007D46 00 00 00 00 00 00 00 00 00 00 
       00007D50 00 00 00 00 00 00 00 00 00 00 
       00007D5A 00 00 00 00 00 00 00 00 00 00 
       00007D64 00 00 00 00 00 00 00 00 00 00 
       00007D6E 00 00 00 00 00 00 00 00 00 00 
       00007D78 00 00 00 00 00 00 00 00 00 00 
       00007D82 00 00 00 00 00 00 00 00 00 00 
       00007D8C 00 00 00 00 00 00 00 00 00 00 
       00007D96 00 00 00 00 00 00 00 00 00 00 
       00007DA0 00 00 00 00 00 00 00 00 00 00 
       00007DAA 00 00 00 00 00 00 00 00 00 00 
       00007DB4 00 00 00 00 00 00 00 00 00 00 
       00007DBE 00 00 00 00 00 00 00 00 00 00 
       00007DC8 00 00 00 00 00 00 00 00 00 00 
       00007DD2 00 00 00 00 00 00 00 00 00 00 
       00007DDC 00 00 00 00 00 00 00 00 00 00 
       00007DE6 00 00 00 00 00 00 00 00 00 00 
       00007DF0 00 00 00 00 00 00 00 00 00 00 
       00007DFA 00 00 00 00 
    60 00007DFE                                 
    61 00007DFE 55 AA                           		DB		0x55, 0xaa
