     1 00000000                                 [FORMAT "WCOFF"]
     2 00000000                                 [INSTRSET "i486p"]
     3 00000000                                 [OPTIMIZE 1]
     4 00000000                                 [OPTION 1]
     5 00000000                                 [BITS 32]
     6 00000000                                 	EXTERN	_table_rgb.0
     7 00000000                                 	EXTERN	_io_load_eflags
     8 00000000                                 	EXTERN	_io_cli
     9 00000000                                 	EXTERN	_io_out8
    10 00000000                                 	EXTERN	_io_store_eflags
    11 00000000                                 	EXTERN	_hankaku
    12 00000000                                 [FILE "graphic.c"]
    13                                          [SECTION .data]
    14 00000000                                 _table_rgb.0:
    15 00000000 00                              	DB	0
    16 00000001 00                              	DB	0
    17 00000002 00                              	DB	0
    18 00000003 FF                              	DB	-1
    19 00000004 00                              	DB	0
    20 00000005 00                              	DB	0
    21 00000006 00                              	DB	0
    22 00000007 FF                              	DB	-1
    23 00000008 00                              	DB	0
    24 00000009 FF                              	DB	-1
    25 0000000A FF                              	DB	-1
    26 0000000B 00                              	DB	0
    27 0000000C 00                              	DB	0
    28 0000000D 00                              	DB	0
    29 0000000E FF                              	DB	-1
    30 0000000F FF                              	DB	-1
    31 00000010 00                              	DB	0
    32 00000011 FF                              	DB	-1
    33 00000012 00                              	DB	0
    34 00000013 FF                              	DB	-1
    35 00000014 FF                              	DB	-1
    36 00000015 FF                              	DB	-1
    37 00000016 FF                              	DB	-1
    38 00000017 FF                              	DB	-1
    39 00000018 C6                              	DB	-58
    40 00000019 C6                              	DB	-58
    41 0000001A C6                              	DB	-58
    42 0000001B 84                              	DB	-124
    43 0000001C 00                              	DB	0
    44 0000001D 00                              	DB	0
    45 0000001E 00                              	DB	0
    46 0000001F 84                              	DB	-124
    47 00000020 00                              	DB	0
    48 00000021 84                              	DB	-124
    49 00000022 84                              	DB	-124
    50 00000023 00                              	DB	0
    51 00000024 00                              	DB	0
    52 00000025 00                              	DB	0
    53 00000026 84                              	DB	-124
    54 00000027 84                              	DB	-124
    55 00000028 00                              	DB	0
    56 00000029 84                              	DB	-124
    57 0000002A 00                              	DB	0
    58 0000002B 84                              	DB	-124
    59 0000002C 84                              	DB	-124
    60 0000002D 84                              	DB	-124
    61 0000002E 84                              	DB	-124
    62 0000002F 84                              	DB	-124
    63                                          [SECTION .text]
    64 00000000                                 	GLOBAL	_init_palette
    65 00000000                                 _init_palette:
    66 00000000 55                              	PUSH	EBP
    67 00000001 89 E5                           	MOV	EBP,ESP
    68 00000003 68 [00000000]                   	PUSH	_table_rgb.0
    69 00000008 6A 0F                           	PUSH	15
    70 0000000A 6A 00                           	PUSH	0
    71 0000000C E8 00000002                     	CALL	_set_palette
    72 00000011 C9                              	LEAVE
    73 00000012 C3                              	RET
    74 00000013                                 	GLOBAL	_set_palette
    75 00000013                                 _set_palette:
    76 00000013 55                              	PUSH	EBP
    77 00000014 89 E5                           	MOV	EBP,ESP
    78 00000016 57                              	PUSH	EDI
    79 00000017 56                              	PUSH	ESI
    80 00000018 53                              	PUSH	EBX
    81 00000019 51                              	PUSH	ECX
    82 0000001A 8B 5D 08                        	MOV	EBX,DWORD [8+EBP]
    83 0000001D 8B 7D 0C                        	MOV	EDI,DWORD [12+EBP]
    84 00000020 8B 75 10                        	MOV	ESI,DWORD [16+EBP]
    85 00000023 E8 [00000000]                   	CALL	_io_load_eflags
    86 00000028 89 45 F0                        	MOV	DWORD [-16+EBP],EAX
    87 0000002B E8 [00000000]                   	CALL	_io_cli
    88 00000030 53                              	PUSH	EBX
    89 00000031 68 000003C8                     	PUSH	968
    90 00000036 E8 [00000000]                   	CALL	_io_out8
    91 0000003B 39 FB                           	CMP	EBX,EDI
    92 0000003D 58                              	POP	EAX
    93 0000003E 5A                              	POP	EDX
    94 0000003F 7E 12                           	JLE	L7
    95 00000041                                 L9:
    96 00000041 8B 45 F0                        	MOV	EAX,DWORD [-16+EBP]
    97 00000044 89 45 08                        	MOV	DWORD [8+EBP],EAX
    98 00000047 8D 65 F4                        	LEA	ESP,DWORD [-12+EBP]
    99 0000004A 5B                              	POP	EBX
   100 0000004B 5E                              	POP	ESI
   101 0000004C 5F                              	POP	EDI
   102 0000004D 5D                              	POP	EBP
   103 0000004E E9 [00000000]                   	JMP	_io_store_eflags
   104 00000053                                 L7:
   105 00000053 8A 06                           	MOV	AL,BYTE [ESI]
   106 00000055 43                              	INC	EBX
   107 00000056 C0 E8 02                        	SHR	AL,2
   108 00000059 0F B6 C0                        	MOVZX	EAX,AL
   109 0000005C 50                              	PUSH	EAX
   110 0000005D 68 000003C9                     	PUSH	969
   111 00000062 E8 [00000000]                   	CALL	_io_out8
   112 00000067 8A 46 01                        	MOV	AL,BYTE [1+ESI]
   113 0000006A C0 E8 02                        	SHR	AL,2
   114 0000006D 0F B6 C0                        	MOVZX	EAX,AL
   115 00000070 50                              	PUSH	EAX
   116 00000071 68 000003C9                     	PUSH	969
   117 00000076 E8 [00000000]                   	CALL	_io_out8
   118 0000007B 8A 46 02                        	MOV	AL,BYTE [2+ESI]
   119 0000007E C0 E8 02                        	SHR	AL,2
   120 00000081 83 C6 03                        	ADD	ESI,3
   121 00000084 0F B6 C0                        	MOVZX	EAX,AL
   122 00000087 50                              	PUSH	EAX
   123 00000088 68 000003C9                     	PUSH	969
   124 0000008D E8 [00000000]                   	CALL	_io_out8
   125 00000092 83 C4 18                        	ADD	ESP,24
   126 00000095 39 FB                           	CMP	EBX,EDI
   127 00000097 7E BA                           	JLE	L7
   128 00000099 EB A6                           	JMP	L9
   129 0000009B                                 	GLOBAL	_boxfill8
   130 0000009B                                 _boxfill8:
   131 0000009B 55                              	PUSH	EBP
   132 0000009C 89 E5                           	MOV	EBP,ESP
   133 0000009E 57                              	PUSH	EDI
   134 0000009F 56                              	PUSH	ESI
   135 000000A0 53                              	PUSH	EBX
   136 000000A1 57                              	PUSH	EDI
   137 000000A2 57                              	PUSH	EDI
   138 000000A3 8A 45 10                        	MOV	AL,BYTE [16+EBP]
   139 000000A6 8B 4D 18                        	MOV	ECX,DWORD [24+EBP]
   140 000000A9 8B 7D 1C                        	MOV	EDI,DWORD [28+EBP]
   141 000000AC 88 45 F3                        	MOV	BYTE [-13+EBP],AL
   142 000000AF 3B 4D 20                        	CMP	ECX,DWORD [32+EBP]
   143 000000B2 7F 31                           	JG	L22
   144 000000B4 8B 5D 0C                        	MOV	EBX,DWORD [12+EBP]
   145 000000B7 0F AF D9                        	IMUL	EBX,ECX
   146 000000BA                                 L20:
   147 000000BA 8B 55 14                        	MOV	EDX,DWORD [20+EBP]
   148 000000BD 39 FA                           	CMP	EDX,EDI
   149 000000BF 7F 1B                           	JG	L24
   150 000000C1 8B 75 08                        	MOV	ESI,DWORD [8+EBP]
   151 000000C4 01 DE                           	ADD	ESI,EBX
   152 000000C6 01 D6                           	ADD	ESI,EDX
   153 000000C8 89 75 EC                        	MOV	DWORD [-20+EBP],ESI
   154 000000CB                                 L19:
   155 000000CB 8B 75 EC                        	MOV	ESI,DWORD [-20+EBP]
   156 000000CE 8A 45 F3                        	MOV	AL,BYTE [-13+EBP]
   157 000000D1 42                              	INC	EDX
   158 000000D2 88 06                           	MOV	BYTE [ESI],AL
   159 000000D4 46                              	INC	ESI
   160 000000D5 89 75 EC                        	MOV	DWORD [-20+EBP],ESI
   161 000000D8 39 FA                           	CMP	EDX,EDI
   162 000000DA 7E EF                           	JLE	L19
   163 000000DC                                 L24:
   164 000000DC 41                              	INC	ECX
   165 000000DD 03 5D 0C                        	ADD	EBX,DWORD [12+EBP]
   166 000000E0 3B 4D 20                        	CMP	ECX,DWORD [32+EBP]
   167 000000E3 7E D5                           	JLE	L20
   168 000000E5                                 L22:
   169 000000E5 5B                              	POP	EBX
   170 000000E6 5E                              	POP	ESI
   171 000000E7 5B                              	POP	EBX
   172 000000E8 5E                              	POP	ESI
   173 000000E9 5F                              	POP	EDI
   174 000000EA 5D                              	POP	EBP
   175 000000EB C3                              	RET
   176 000000EC                                 	GLOBAL	_init_screen
   177 000000EC                                 _init_screen:
   178 000000EC 55                              	PUSH	EBP
   179 000000ED 89 E5                           	MOV	EBP,ESP
   180 000000EF 57                              	PUSH	EDI
   181 000000F0 56                              	PUSH	ESI
   182 000000F1 53                              	PUSH	EBX
   183 000000F2 83 EC 10                        	SUB	ESP,16
   184 000000F5 8B 45 10                        	MOV	EAX,DWORD [16+EBP]
   185 000000F8 8B 5D 0C                        	MOV	EBX,DWORD [12+EBP]
   186 000000FB 83 E8 1D                        	SUB	EAX,29
   187 000000FE 4B                              	DEC	EBX
   188 000000FF 50                              	PUSH	EAX
   189 00000100 53                              	PUSH	EBX
   190 00000101 6A 00                           	PUSH	0
   191 00000103 6A 00                           	PUSH	0
   192 00000105 6A 0E                           	PUSH	14
   193 00000107 FF 75 0C                        	PUSH	DWORD [12+EBP]
   194 0000010A FF 75 08                        	PUSH	DWORD [8+EBP]
   195 0000010D E8 FFFFFF89                     	CALL	_boxfill8
   196 00000112 8B 45 10                        	MOV	EAX,DWORD [16+EBP]
   197 00000115 83 E8 1C                        	SUB	EAX,28
   198 00000118 50                              	PUSH	EAX
   199 00000119 53                              	PUSH	EBX
   200 0000011A 50                              	PUSH	EAX
   201 0000011B 6A 00                           	PUSH	0
   202 0000011D 6A 08                           	PUSH	8
   203 0000011F FF 75 0C                        	PUSH	DWORD [12+EBP]
   204 00000122 FF 75 08                        	PUSH	DWORD [8+EBP]
   205 00000125 E8 FFFFFF71                     	CALL	_boxfill8
   206 0000012A 8B 45 10                        	MOV	EAX,DWORD [16+EBP]
   207 0000012D 83 C4 38                        	ADD	ESP,56
   208 00000130 83 E8 1B                        	SUB	EAX,27
   209 00000133 50                              	PUSH	EAX
   210 00000134 53                              	PUSH	EBX
   211 00000135 50                              	PUSH	EAX
   212 00000136 6A 00                           	PUSH	0
   213 00000138 6A 07                           	PUSH	7
   214 0000013A FF 75 0C                        	PUSH	DWORD [12+EBP]
   215 0000013D FF 75 08                        	PUSH	DWORD [8+EBP]
   216 00000140 E8 FFFFFF56                     	CALL	_boxfill8
   217 00000145 8B 45 10                        	MOV	EAX,DWORD [16+EBP]
   218 00000148 48                              	DEC	EAX
   219 00000149 50                              	PUSH	EAX
   220 0000014A 8B 45 10                        	MOV	EAX,DWORD [16+EBP]
   221 0000014D 53                              	PUSH	EBX
   222 0000014E 83 E8 1A                        	SUB	EAX,26
   223 00000151 50                              	PUSH	EAX
   224 00000152 6A 00                           	PUSH	0
   225 00000154 6A 08                           	PUSH	8
   226 00000156 FF 75 0C                        	PUSH	DWORD [12+EBP]
   227 00000159 FF 75 08                        	PUSH	DWORD [8+EBP]
   228 0000015C E8 FFFFFF3A                     	CALL	_boxfill8
   229 00000161 8B 75 10                        	MOV	ESI,DWORD [16+EBP]
   230 00000164 83 C4 38                        	ADD	ESP,56
   231 00000167 8B 45 10                        	MOV	EAX,DWORD [16+EBP]
   232 0000016A 83 E8 3C                        	SUB	EAX,60
   233 0000016D 81 EE 000000A0                  	SUB	ESI,160
   234 00000173 50                              	PUSH	EAX
   235 00000174 6A 57                           	PUSH	87
   236 00000176 56                              	PUSH	ESI
   237 00000177 6A 50                           	PUSH	80
   238 00000179 6A 06                           	PUSH	6
   239 0000017B FF 75 0C                        	PUSH	DWORD [12+EBP]
   240 0000017E FF 75 08                        	PUSH	DWORD [8+EBP]
   241 00000181 E8 FFFFFF15                     	CALL	_boxfill8
   242 00000186 8B 45 10                        	MOV	EAX,DWORD [16+EBP]
   243 00000189 8B 5D 10                        	MOV	EBX,DWORD [16+EBP]
   244 0000018C 83 E8 3B                        	SUB	EAX,59
   245 0000018F 83 EB 34                        	SUB	EBX,52
   246 00000192 53                              	PUSH	EBX
   247 00000193 68 0000008C                     	PUSH	140
   248 00000198 50                              	PUSH	EAX
   249 00000199 6A 50                           	PUSH	80
   250 0000019B 6A 06                           	PUSH	6
   251 0000019D FF 75 0C                        	PUSH	DWORD [12+EBP]
   252 000001A0 FF 75 08                        	PUSH	DWORD [8+EBP]
   253 000001A3 E8 FFFFFEF3                     	CALL	_boxfill8
   254 000001A8 8B 45 10                        	MOV	EAX,DWORD [16+EBP]
   255 000001AB 83 C4 38                        	ADD	ESP,56
   256 000001AE 83 E8 64                        	SUB	EAX,100
   257 000001B1 50                              	PUSH	EAX
   258 000001B2 8B 45 10                        	MOV	EAX,DWORD [16+EBP]
   259 000001B5 68 000000F0                     	PUSH	240
   260 000001BA 83 E8 68                        	SUB	EAX,104
   261 000001BD 50                              	PUSH	EAX
   262 000001BE 68 000000BE                     	PUSH	190
   263 000001C3 6A 06                           	PUSH	6
   264 000001C5 FF 75 0C                        	PUSH	DWORD [12+EBP]
   265 000001C8 FF 75 08                        	PUSH	DWORD [8+EBP]
   266 000001CB E8 FFFFFECB                     	CALL	_boxfill8
   267 000001D0 53                              	PUSH	EBX
   268 000001D1 68 000000BD                     	PUSH	189
   269 000001D6 56                              	PUSH	ESI
   270 000001D7 68 000000B7                     	PUSH	183
   271 000001DC 6A 06                           	PUSH	6
   272 000001DE FF 75 0C                        	PUSH	DWORD [12+EBP]
   273 000001E1 FF 75 08                        	PUSH	DWORD [8+EBP]
   274 000001E4 E8 FFFFFEB2                     	CALL	_boxfill8
   275 000001E9 83 C4 38                        	ADD	ESP,56
   276 000001EC 53                              	PUSH	EBX
   277 000001ED 68 000000F7                     	PUSH	247
   278 000001F2 56                              	PUSH	ESI
   279 000001F3 68 000000F1                     	PUSH	241
   280 000001F8 6A 06                           	PUSH	6
   281 000001FA FF 75 0C                        	PUSH	DWORD [12+EBP]
   282 000001FD FF 75 08                        	PUSH	DWORD [8+EBP]
   283 00000200 E8 FFFFFE96                     	CALL	_boxfill8
   284 00000205 8B 7D 10                        	MOV	EDI,DWORD [16+EBP]
   285 00000208 83 EF 18                        	SUB	EDI,24
   286 0000020B 57                              	PUSH	EDI
   287 0000020C 6A 3B                           	PUSH	59
   288 0000020E 57                              	PUSH	EDI
   289 0000020F 6A 03                           	PUSH	3
   290 00000211 6A 07                           	PUSH	7
   291 00000213 FF 75 0C                        	PUSH	DWORD [12+EBP]
   292 00000216 FF 75 08                        	PUSH	DWORD [8+EBP]
   293 00000219 E8 FFFFFE7D                     	CALL	_boxfill8
   294 0000021E 8B 45 10                        	MOV	EAX,DWORD [16+EBP]
   295 00000221 83 C4 38                        	ADD	ESP,56
   296 00000224 83 E8 04                        	SUB	EAX,4
   297 00000227 89 45 F0                        	MOV	DWORD [-16+EBP],EAX
   298 0000022A 50                              	PUSH	EAX
   299 0000022B 6A 02                           	PUSH	2
   300 0000022D 57                              	PUSH	EDI
   301 0000022E 6A 02                           	PUSH	2
   302 00000230 6A 07                           	PUSH	7
   303 00000232 FF 75 0C                        	PUSH	DWORD [12+EBP]
   304 00000235 FF 75 08                        	PUSH	DWORD [8+EBP]
   305 00000238 E8 FFFFFE5E                     	CALL	_boxfill8
   306 0000023D FF 75 F0                        	PUSH	DWORD [-16+EBP]
   307 00000240 6A 3B                           	PUSH	59
   308 00000242 FF 75 F0                        	PUSH	DWORD [-16+EBP]
   309 00000245 6A 03                           	PUSH	3
   310 00000247 6A 0F                           	PUSH	15
   311 00000249 FF 75 0C                        	PUSH	DWORD [12+EBP]
   312 0000024C FF 75 08                        	PUSH	DWORD [8+EBP]
   313 0000024F E8 FFFFFE47                     	CALL	_boxfill8
   314 00000254 8B 45 10                        	MOV	EAX,DWORD [16+EBP]
   315 00000257 83 C4 38                        	ADD	ESP,56
   316 0000025A 83 E8 05                        	SUB	EAX,5
   317 0000025D 50                              	PUSH	EAX
   318 0000025E 8B 45 10                        	MOV	EAX,DWORD [16+EBP]
   319 00000261 6A 3B                           	PUSH	59
   320 00000263 83 E8 17                        	SUB	EAX,23
   321 00000266 50                              	PUSH	EAX
   322 00000267 89 45 EC                        	MOV	DWORD [-20+EBP],EAX
   323 0000026A 6A 3B                           	PUSH	59
   324 0000026C 6A 0F                           	PUSH	15
   325 0000026E FF 75 0C                        	PUSH	DWORD [12+EBP]
   326 00000271 FF 75 08                        	PUSH	DWORD [8+EBP]
   327 00000274 E8 FFFFFE22                     	CALL	_boxfill8
   328 00000279 8B 45 10                        	MOV	EAX,DWORD [16+EBP]
   329 0000027C 83 E8 03                        	SUB	EAX,3
   330 0000027F 50                              	PUSH	EAX
   331 00000280 89 45 E8                        	MOV	DWORD [-24+EBP],EAX
   332 00000283 6A 3B                           	PUSH	59
   333 00000285 50                              	PUSH	EAX
   334 00000286 6A 02                           	PUSH	2
   335 00000288 6A 00                           	PUSH	0
   336 0000028A FF 75 0C                        	PUSH	DWORD [12+EBP]
   337 0000028D FF 75 08                        	PUSH	DWORD [8+EBP]
   338 00000290 E8 FFFFFE06                     	CALL	_boxfill8
   339 00000295 83 C4 38                        	ADD	ESP,56
   340 00000298 FF 75 E8                        	PUSH	DWORD [-24+EBP]
   341 0000029B 6A 3C                           	PUSH	60
   342 0000029D 57                              	PUSH	EDI
   343 0000029E 6A 3C                           	PUSH	60
   344 000002A0 6A 00                           	PUSH	0
   345 000002A2 FF 75 0C                        	PUSH	DWORD [12+EBP]
   346 000002A5 FF 75 08                        	PUSH	DWORD [8+EBP]
   347 000002A8 E8 FFFFFDEE                     	CALL	_boxfill8
   348 000002AD 8B 5D 0C                        	MOV	EBX,DWORD [12+EBP]
   349 000002B0 8B 45 0C                        	MOV	EAX,DWORD [12+EBP]
   350 000002B3 57                              	PUSH	EDI
   351 000002B4 83 E8 04                        	SUB	EAX,4
   352 000002B7 83 EB 2F                        	SUB	EBX,47
   353 000002BA 50                              	PUSH	EAX
   354 000002BB 89 45 E4                        	MOV	DWORD [-28+EBP],EAX
   355 000002BE 57                              	PUSH	EDI
   356 000002BF 53                              	PUSH	EBX
   357 000002C0 6A 0F                           	PUSH	15
   358 000002C2 FF 75 0C                        	PUSH	DWORD [12+EBP]
   359 000002C5 FF 75 08                        	PUSH	DWORD [8+EBP]
   360 000002C8 E8 FFFFFDCE                     	CALL	_boxfill8
   361 000002CD 83 C4 38                        	ADD	ESP,56
   362 000002D0 FF 75 F0                        	PUSH	DWORD [-16+EBP]
   363 000002D3 53                              	PUSH	EBX
   364 000002D4 FF 75 EC                        	PUSH	DWORD [-20+EBP]
   365 000002D7 53                              	PUSH	EBX
   366 000002D8 6A 0F                           	PUSH	15
   367 000002DA FF 75 0C                        	PUSH	DWORD [12+EBP]
   368 000002DD FF 75 08                        	PUSH	DWORD [8+EBP]
   369 000002E0 E8 FFFFFDB6                     	CALL	_boxfill8
   370 000002E5 FF 75 E8                        	PUSH	DWORD [-24+EBP]
   371 000002E8 FF 75 E4                        	PUSH	DWORD [-28+EBP]
   372 000002EB FF 75 E8                        	PUSH	DWORD [-24+EBP]
   373 000002EE 53                              	PUSH	EBX
   374 000002EF 6A 07                           	PUSH	7
   375 000002F1 FF 75 0C                        	PUSH	DWORD [12+EBP]
   376 000002F4 FF 75 08                        	PUSH	DWORD [8+EBP]
   377 000002F7 E8 FFFFFD9F                     	CALL	_boxfill8
   378 000002FC 8B 45 0C                        	MOV	EAX,DWORD [12+EBP]
   379 000002FF 83 C4 38                        	ADD	ESP,56
   380 00000302 83 E8 03                        	SUB	EAX,3
   381 00000305 FF 75 E8                        	PUSH	DWORD [-24+EBP]
   382 00000308 50                              	PUSH	EAX
   383 00000309 57                              	PUSH	EDI
   384 0000030A 50                              	PUSH	EAX
   385 0000030B 6A 07                           	PUSH	7
   386 0000030D FF 75 0C                        	PUSH	DWORD [12+EBP]
   387 00000310 FF 75 08                        	PUSH	DWORD [8+EBP]
   388 00000313 E8 FFFFFD83                     	CALL	_boxfill8
   389 00000318 8D 65 F4                        	LEA	ESP,DWORD [-12+EBP]
   390 0000031B 5B                              	POP	EBX
   391 0000031C 5E                              	POP	ESI
   392 0000031D 5F                              	POP	EDI
   393 0000031E 5D                              	POP	EBP
   394 0000031F C3                              	RET
   395                                          [SECTION .data]
   396 00000030                                 _cursor.1:
   397 00000030 2A 2A 2A 2A 2A 2A 2A 2E 2E 2E   	DB	"*******........."
       0000003A 2E 2E 2E 2E 2E 2E 
   398 00000040 2A 2A 4F 4F 4F 4F 4F 2A 2E 2E   	DB	"**OOOOO*........"
       0000004A 2E 2E 2E 2E 2E 2E 
   399 00000050 2A 6F 2A 4F 4F 4F 4F 4F 2A 2E   	DB	"*o*OOOOO*......."
       0000005A 2E 2E 2E 2E 2E 2E 
   400 00000060 2A 6F 6F 2A 4F 4F 4F 4F 4F 2A   	DB	"*oo*OOOOO*......"
       0000006A 2E 2E 2E 2E 2E 2E 
   401 00000070 2A 6F 6F 6F 2A 4F 4F 4F 4F 4F   	DB	"*ooo*OOOOO*....."
       0000007A 2A 2E 2E 2E 2E 2E 
   402 00000080 2A 6F 6F 6F 6F 2A 4F 4F 4F 4F   	DB	"*oooo*OOOOO*...."
       0000008A 4F 2A 2E 2E 2E 2E 
   403 00000090 2A 6F 6F 6F 6F 6F 2A 4F 4F 4F   	DB	"*ooooo*OOOOO*..."
       0000009A 4F 4F 2A 2E 2E 2E 
   404 000000A0 2E 2A 6F 6F 6F 6F 6F 2A 4F 4F   	DB	".*ooooo*OOOOO*.."
       000000AA 4F 4F 4F 2A 2E 2E 
   405 000000B0 2E 2E 2A 6F 6F 6F 6F 6F 2A 4F   	DB	"..*ooooo*OOOOO*."
       000000BA 4F 4F 4F 4F 2A 2E 
   406 000000C0 2E 2E 2E 2A 6F 6F 6F 6F 6F 2A   	DB	"...*ooooo*******"
       000000CA 2A 2A 2A 2A 2A 2A 
   407 000000D0 2E 2E 2E 2E 2A 6F 6F 6F 6F 2A   	DB	"....*oooo*......"
       000000DA 2E 2E 2E 2E 2E 2E 
   408 000000E0 2E 2E 2E 2E 2E 2A 6F 6F 6F 2A   	DB	".....*ooo*......"
       000000EA 2E 2E 2E 2E 2E 2E 
   409 000000F0 2E 2E 2E 2E 2E 2E 2A 6F 6F 2A   	DB	"......*oo*......"
       000000FA 2E 2E 2E 2E 2E 2E 
   410 00000100 2E 2E 2E 2E 2E 2E 2E 2A 6F 2A   	DB	".......*o*......"
       0000010A 2E 2E 2E 2E 2E 2E 
   411 00000110 2E 2E 2E 2E 2E 2E 2E 2E 2A 2A   	DB	"........**......"
       0000011A 2E 2E 2E 2E 2E 2E 
   412 00000120 2E 2E 2E 2E 2E 2E 2E 2E 2E 2A   	DB	".........*......"
       0000012A 2E 2E 2E 2E 2E 2E 
   413                                          [SECTION .text]
   414 00000320                                 	GLOBAL	_init_mouse_cursor8
   415 00000320                                 _init_mouse_cursor8:
   416 00000320 55                              	PUSH	EBP
   417 00000321 89 E5                           	MOV	EBP,ESP
   418 00000323 57                              	PUSH	EDI
   419 00000324 56                              	PUSH	ESI
   420 00000325 31 FF                           	XOR	EDI,EDI
   421 00000327 53                              	PUSH	EBX
   422 00000328 31 F6                           	XOR	ESI,ESI
   423 0000032A 50                              	PUSH	EAX
   424 0000032B 8A 45 0C                        	MOV	AL,BYTE [12+EBP]
   425 0000032E 8B 4D 08                        	MOV	ECX,DWORD [8+EBP]
   426 00000331 88 45 F3                        	MOV	BYTE [-13+EBP],AL
   427 00000334                                 L40:
   428 00000334 31 D2                           	XOR	EDX,EDX
   429 00000336                                 L39:
   430 00000336 8D 04 3A                        	LEA	EAX,DWORD [EDX+EDI*1]
   431 00000339 80 B8 [00000030] 2A             	CMP	BYTE [_cursor.1+EAX],42
   432 00000340 74 44                           	JE	L45
   433 00000342                                 L35:
   434 00000342 80 B8 [00000030] 4F             	CMP	BYTE [_cursor.1+EAX],79
   435 00000349 74 35                           	JE	L46
   436 0000034B                                 L36:
   437 0000034B 80 B8 [00000030] 6F             	CMP	BYTE [_cursor.1+EAX],111
   438 00000352 74 26                           	JE	L47
   439 00000354                                 L37:
   440 00000354 80 B8 [00000030] 2E             	CMP	BYTE [_cursor.1+EAX],46
   441 0000035B 74 15                           	JE	L48
   442 0000035D                                 L33:
   443 0000035D 42                              	INC	EDX
   444 0000035E 83 FA 0F                        	CMP	EDX,15
   445 00000361 7E D3                           	JLE	L39
   446 00000363 46                              	INC	ESI
   447 00000364 83 C7 10                        	ADD	EDI,16
   448 00000367 83 FE 0F                        	CMP	ESI,15
   449 0000036A 7E C8                           	JLE	L40
   450 0000036C 58                              	POP	EAX
   451 0000036D 5B                              	POP	EBX
   452 0000036E 5E                              	POP	ESI
   453 0000036F 5F                              	POP	EDI
   454 00000370 5D                              	POP	EBP
   455 00000371 C3                              	RET
   456 00000372                                 L48:
   457 00000372 8A 5D F3                        	MOV	BL,BYTE [-13+EBP]
   458 00000375 88 1C 08                        	MOV	BYTE [EAX+ECX*1],BL
   459 00000378 EB E3                           	JMP	L33
   460 0000037A                                 L47:
   461 0000037A C6 04 08 0F                     	MOV	BYTE [EAX+ECX*1],15
   462 0000037E EB D4                           	JMP	L37
   463 00000380                                 L46:
   464 00000380 C6 04 08 07                     	MOV	BYTE [EAX+ECX*1],7
   465 00000384 EB C5                           	JMP	L36
   466 00000386                                 L45:
   467 00000386 C6 04 08 00                     	MOV	BYTE [EAX+ECX*1],0
   468 0000038A EB B6                           	JMP	L35
   469 0000038C                                 	GLOBAL	_putblock8_8
   470 0000038C                                 _putblock8_8:
   471 0000038C 55                              	PUSH	EBP
   472 0000038D 89 E5                           	MOV	EBP,ESP
   473 0000038F 57                              	PUSH	EDI
   474 00000390 56                              	PUSH	ESI
   475 00000391 31 F6                           	XOR	ESI,ESI
   476 00000393 53                              	PUSH	EBX
   477 00000394 83 EC 0C                        	SUB	ESP,12
   478 00000397 3B 75 14                        	CMP	ESI,DWORD [20+EBP]
   479 0000039A 7D 3E                           	JGE	L61
   480 0000039C 31 FF                           	XOR	EDI,EDI
   481 0000039E                                 L59:
   482 0000039E 31 DB                           	XOR	EBX,EBX
   483 000003A0 3B 5D 10                        	CMP	EBX,DWORD [16+EBP]
   484 000003A3 7D 2C                           	JGE	L63
   485 000003A5 8B 45 20                        	MOV	EAX,DWORD [32+EBP]
   486 000003A8 01 F8                           	ADD	EAX,EDI
   487 000003AA 89 45 EC                        	MOV	DWORD [-20+EBP],EAX
   488 000003AD                                 L58:
   489 000003AD 8B 45 1C                        	MOV	EAX,DWORD [28+EBP]
   490 000003B0 8B 55 18                        	MOV	EDX,DWORD [24+EBP]
   491 000003B3 01 F0                           	ADD	EAX,ESI
   492 000003B5 01 DA                           	ADD	EDX,EBX
   493 000003B7 0F AF 45 0C                     	IMUL	EAX,DWORD [12+EBP]
   494 000003BB 01 D0                           	ADD	EAX,EDX
   495 000003BD 8B 4D 08                        	MOV	ECX,DWORD [8+EBP]
   496 000003C0 8B 55 EC                        	MOV	EDX,DWORD [-20+EBP]
   497 000003C3 43                              	INC	EBX
   498 000003C4 8A 12                           	MOV	DL,BYTE [EDX]
   499 000003C6 88 14 08                        	MOV	BYTE [EAX+ECX*1],DL
   500 000003C9 FF 45 EC                        	INC	DWORD [-20+EBP]
   501 000003CC 3B 5D 10                        	CMP	EBX,DWORD [16+EBP]
   502 000003CF 7C DC                           	JL	L58
   503 000003D1                                 L63:
   504 000003D1 46                              	INC	ESI
   505 000003D2 03 7D 24                        	ADD	EDI,DWORD [36+EBP]
   506 000003D5 3B 75 14                        	CMP	ESI,DWORD [20+EBP]
   507 000003D8 7C C4                           	JL	L59
   508 000003DA                                 L61:
   509 000003DA 83 C4 0C                        	ADD	ESP,12
   510 000003DD 5B                              	POP	EBX
   511 000003DE 5E                              	POP	ESI
   512 000003DF 5F                              	POP	EDI
   513 000003E0 5D                              	POP	EBP
   514 000003E1 C3                              	RET
   515 000003E2                                 	GLOBAL	_putfont8
   516 000003E2                                 _putfont8:
   517 000003E2 55                              	PUSH	EBP
   518 000003E3 89 E5                           	MOV	EBP,ESP
   519 000003E5 57                              	PUSH	EDI
   520 000003E6 56                              	PUSH	ESI
   521 000003E7 31 F6                           	XOR	ESI,ESI
   522 000003E9 53                              	PUSH	EBX
   523 000003EA 8B 7D 1C                        	MOV	EDI,DWORD [28+EBP]
   524 000003ED 8A 5D 18                        	MOV	BL,BYTE [24+EBP]
   525 000003F0                                 L77:
   526 000003F0 8B 45 14                        	MOV	EAX,DWORD [20+EBP]
   527 000003F3 8B 55 10                        	MOV	EDX,DWORD [16+EBP]
   528 000003F6 01 F0                           	ADD	EAX,ESI
   529 000003F8 0F AF 45 0C                     	IMUL	EAX,DWORD [12+EBP]
   530 000003FC 03 45 08                        	ADD	EAX,DWORD [8+EBP]
   531 000003FF 8D 0C 02                        	LEA	ECX,DWORD [EDX+EAX*1]
   532 00000402 8A 14 3E                        	MOV	DL,BYTE [ESI+EDI*1]
   533 00000405 84 D2                           	TEST	DL,DL
   534 00000407 79 02                           	JNS	L69
   535 00000409 88 19                           	MOV	BYTE [ECX],BL
   536 0000040B                                 L69:
   537 0000040B 88 D0                           	MOV	AL,DL
   538 0000040D 83 E0 40                        	AND	EAX,64
   539 00000410 84 C0                           	TEST	AL,AL
   540 00000412 74 03                           	JE	L70
   541 00000414 88 59 01                        	MOV	BYTE [1+ECX],BL
   542 00000417                                 L70:
   543 00000417 88 D0                           	MOV	AL,DL
   544 00000419 83 E0 20                        	AND	EAX,32
   545 0000041C 84 C0                           	TEST	AL,AL
   546 0000041E 74 03                           	JE	L71
   547 00000420 88 59 02                        	MOV	BYTE [2+ECX],BL
   548 00000423                                 L71:
   549 00000423 88 D0                           	MOV	AL,DL
   550 00000425 83 E0 10                        	AND	EAX,16
   551 00000428 84 C0                           	TEST	AL,AL
   552 0000042A 74 03                           	JE	L72
   553 0000042C 88 59 03                        	MOV	BYTE [3+ECX],BL
   554 0000042F                                 L72:
   555 0000042F 88 D0                           	MOV	AL,DL
   556 00000431 83 E0 08                        	AND	EAX,8
   557 00000434 84 C0                           	TEST	AL,AL
   558 00000436 74 03                           	JE	L73
   559 00000438 88 59 04                        	MOV	BYTE [4+ECX],BL
   560 0000043B                                 L73:
   561 0000043B 88 D0                           	MOV	AL,DL
   562 0000043D 83 E0 04                        	AND	EAX,4
   563 00000440 84 C0                           	TEST	AL,AL
   564 00000442 74 03                           	JE	L74
   565 00000444 88 59 05                        	MOV	BYTE [5+ECX],BL
   566 00000447                                 L74:
   567 00000447 88 D0                           	MOV	AL,DL
   568 00000449 83 E0 02                        	AND	EAX,2
   569 0000044C 84 C0                           	TEST	AL,AL
   570 0000044E 74 03                           	JE	L75
   571 00000450 88 59 06                        	MOV	BYTE [6+ECX],BL
   572 00000453                                 L75:
   573 00000453 83 E2 01                        	AND	EDX,1
   574 00000456 84 D2                           	TEST	DL,DL
   575 00000458 74 03                           	JE	L67
   576 0000045A 88 59 07                        	MOV	BYTE [7+ECX],BL
   577 0000045D                                 L67:
   578 0000045D 46                              	INC	ESI
   579 0000045E 83 FE 0F                        	CMP	ESI,15
   580 00000461 7E 8D                           	JLE	L77
   581 00000463 5B                              	POP	EBX
   582 00000464 5E                              	POP	ESI
   583 00000465 5F                              	POP	EDI
   584 00000466 5D                              	POP	EBP
   585 00000467 C3                              	RET
   586 00000468                                 	GLOBAL	_putfonts8_asc
   587 00000468                                 _putfonts8_asc:
   588 00000468 55                              	PUSH	EBP
   589 00000469 89 E5                           	MOV	EBP,ESP
   590 0000046B 57                              	PUSH	EDI
   591 0000046C 56                              	PUSH	ESI
   592 0000046D 53                              	PUSH	EBX
   593 0000046E 50                              	PUSH	EAX
   594 0000046F 8B 5D 1C                        	MOV	EBX,DWORD [28+EBP]
   595 00000472 8A 45 18                        	MOV	AL,BYTE [24+EBP]
   596 00000475 88 45 F3                        	MOV	BYTE [-13+EBP],AL
   597 00000478 8B 75 10                        	MOV	ESI,DWORD [16+EBP]
   598 0000047B 8B 7D 14                        	MOV	EDI,DWORD [20+EBP]
   599 0000047E 80 3B 00                        	CMP	BYTE [EBX],0
   600 00000481 75 08                           	JNE	L85
   601 00000483                                 L87:
   602 00000483 8D 65 F4                        	LEA	ESP,DWORD [-12+EBP]
   603 00000486 5B                              	POP	EBX
   604 00000487 5E                              	POP	ESI
   605 00000488 5F                              	POP	EDI
   606 00000489 5D                              	POP	EBP
   607 0000048A C3                              	RET
   608 0000048B                                 L85:
   609 0000048B 0F B6 03                        	MOVZX	EAX,BYTE [EBX]
   610 0000048E C1 E0 04                        	SAL	EAX,4
   611 00000491 43                              	INC	EBX
   612 00000492 05 [00000000]                   	ADD	EAX,_hankaku
   613 00000497 50                              	PUSH	EAX
   614 00000498 0F BE 45 F3                     	MOVSX	EAX,BYTE [-13+EBP]
   615 0000049C 50                              	PUSH	EAX
   616 0000049D 57                              	PUSH	EDI
   617 0000049E 56                              	PUSH	ESI
   618 0000049F 83 C6 08                        	ADD	ESI,8
   619 000004A2 FF 75 0C                        	PUSH	DWORD [12+EBP]
   620 000004A5 FF 75 08                        	PUSH	DWORD [8+EBP]
   621 000004A8 E8 FFFFFF35                     	CALL	_putfont8
   622 000004AD 83 C4 18                        	ADD	ESP,24
   623 000004B0 80 3B 00                        	CMP	BYTE [EBX],0
   624 000004B3 75 D6                           	JNE	L85
   625 000004B5 EB CC                           	JMP	L87
