     1 00000000                                 ;MyOS
     2 00000000                                 
     3  = 00280000                              BOTPAK	EQU		0x00280000		
     4  = 00100000                              DSKCAC	EQU		0x00100000		
     5  = 00008000                              DSKCAC0	EQU		0x00008000
     6 00000000                                 
     7 00000000                                 ;有关BOOT_INFO
     8  = 00000FF0                              CYLS	EQU		0x0ff0			;设定启动区
     9  = 00000FF1                              LEDS	EQU		0x0ff1
    10  = 00000FF2                              VMODE	EQU		0x0ff2			;关于颜色数目的信息，颜色的位置
    11  = 00000FF4                              SCRNX	EQU		0x0ff4			;屏幕分辨率的X(screen x)
    12  = 00000FF6                              SCRNY	EQU		0x0ff6			;屏幕分辨率的Y(screen y)
    13  = 00000FF8                              VRAM	EQU		0x0ff8			;图像缓冲区的开始位置
    14 00000000                                 
    15                                          		ORG		0xc200			; 程序被加载到内存的地址
    16 0000C200                                 
    17 0000C200 B0 13                           		MOV		AL,0x13			; VGA显卡、320x200x8位彩色
    18 0000C202 B4 00                           		MOV		AH,0x00
    19 0000C204 CD 10                           		INT		0x10
    20 0000C206 C6 06 0FF2 08                   		MOV		BYTE[VMODE],8	;记录画面模式
    21 0000C20B C7 06 0FF4 0140                 		MOV		WORD[SCRNX],320
    22 0000C211 C7 06 0FF6 00C8                 		MOV		WORD[SCRNY],200
    23 0000C217 66 C7 06 0FF8 000A0000          		MOV		DWORD[VRAM],0x000a0000
    24 0000C220                                 		
    25 0000C220                                 	;用BIOS取得键盘上各种LED指示灯的状态
    26 0000C220 B4 02                           		MOV 	AH,0x02
    27 0000C222 CD 16                           		INT		0x16			;键盘BIOS
    28 0000C224 A2 0FF1                         		MOV		[LEDS],AL
    29 0000C227                                 		
    30 0000C227                                 		
    31 0000C227                                 ;PIC关闭一切中断
    32 0000C227                                 ;	根据AT兼容机的规格，初始化PIC必须在CLT之前进行，否则有时会挂起
    33 0000C227                                 ;	下面进行PIC的初始化		
    34 0000C227                                 		
    35 0000C227                                 		
    36 0000C227                                 		
    37 0000C227 B0 FF                           		MOV		AL,0xff
    38 0000C229 E6 21                           		OUT		0x21,AL
    39 0000C22B 90                              		NOP						; 如果连续执行OUT指令，有些机种会无法正常运行
    40 0000C22C E6 A1                           		OUT		0xa1,AL
    41 0000C22E                                 
    42 0000C22E FA                              		CLI						; 禁止CPU级别的中断
    43 0000C22F                                 
    44 0000C22F                                 ; 为让CPU可以访问1MB以上的内存空间，设定A20GATE
    45 0000C22F                                 
    46 0000C22F E8 00B5                         		CALL	waitkbdout
    47 0000C232 B0 D1                           		MOV		AL,0xd1
    48 0000C234 E6 64                           		OUT		0x64,AL
    49 0000C236 E8 00AE                         		CALL	waitkbdout
    50 0000C239 B0 DF                           		MOV		AL,0xdf			; 使能 A20
    51 0000C23B E6 60                           		OUT		0x60,AL
    52 0000C23D E8 00A7                         		CALL	waitkbdout
    53 0000C240                                 
    54 0000C240                                 ; 切换到保护模式
    55 0000C240                                 
    56 0000C240                                 [INSTRSET "i486p"]				; 使用486指令
    57 0000C240                                 
    58 0000C240 0F 01 16 C32A                   		LGDT	[GDTR0]			; 设定临时GDT
    59 0000C245 0F 20 C0                        		MOV		EAX,CR0
    60 0000C248 66 25 7FFFFFFF                  		AND		EAX,0x7fffffff	; 设bit31为0（禁止颁）
    61 0000C24E 66 83 C8 01                     		OR		EAX,0x00000001	; 设bit0为1（切换到保护模式）
    62 0000C252 0F 22 C0                        		MOV		CR0,EAX
    63 0000C255 EB 00                           		JMP		pipelineflush
    64 0000C257                                 pipelineflush:
    65 0000C257 B8 0008                         		MOV		AX,1*8			;  可读写的段32bit
    66 0000C25A 8E D8                           		MOV		DS,AX
    67 0000C25C 8E C0                           		MOV		ES,AX
    68 0000C25E 8E E0                           		MOV		FS,AX
    69 0000C260 8E E8                           		MOV		GS,AX
    70 0000C262 8E D0                           		MOV		SS,AX
    71 0000C264                                 
    72 0000C264                                 ; bootpackの転送
    73 0000C264                                 
    74 0000C264 66 BE 0000C330                  		MOV		ESI,bootpack	; 转送源
    75 0000C26A 66 BF 00280000                  		MOV		EDI,BOTPAK		; 转送目的地
    76 0000C270 66 B9 00020000                  		MOV		ECX,512*1024/4
    77 0000C276 E8 0077                         		CALL	memcpy
    78 0000C279                                 
    79 0000C279                                 ; 磁盘数据最终转送到它本来的位置去
    80 0000C279                                 
    81 0000C279                                 ; 首先从启动扇区开始
    82 0000C279                                 
    83 0000C279 66 BE 00007C00                  		MOV		ESI,0x7c00		; 转送源
    84 0000C27F 66 BF 00100000                  		MOV		EDI,DSKCAC		; 转送目的地
    85 0000C285 66 B9 00000080                  		MOV		ECX,512/4
    86 0000C28B E8 0062                         		CALL	memcpy
    87 0000C28E                                 
    88 0000C28E                                 ; 剩下的
    89 0000C28E                                 
    90 0000C28E 66 BE 00008200                  		MOV		ESI,DSKCAC0+512	; 转送源
    91 0000C294 66 BF 00100200                  		MOV		EDI,DSKCAC+512	; 转送目的地
    92 0000C29A 66 B9 00000000                  		MOV		ECX,0
    93 0000C2A0 8A 0E 0FF0                      		MOV		CL,BYTE [CYLS]
    94 0000C2A4 66 69 C9 00001200               		IMUL	ECX,512*18*2/4	; 从柱面数变换为字节数/4
    95 0000C2AB 66 81 E9 00000080               		SUB		ECX,512/4		; 减去IPL
    96 0000C2B2 E8 003B                         		CALL	memcpy
    97 0000C2B5                                 
    98 0000C2B5                                 ; myOS工作完成，剩下由bootpack完成
    99 0000C2B5                                 
   100 0000C2B5                                 ; bootpack启动
   101 0000C2B5                                 
   102 0000C2B5 66 BB 00280000                  		MOV		EBX,BOTPAK
   103 0000C2BB 67 66 8B 4B 10                  		MOV		ECX,[EBX+16]
   104 0000C2C0 66 83 C1 03                     		ADD		ECX,3			; ECX += 3;
   105 0000C2C4 66 C1 E9 02                     		SHR		ECX,2			; ECX /= 4;
   106 0000C2C8 74 10                           		JZ		skip			; 没有转送的东西时
   107 0000C2CA 67 66 8B 73 14                  		MOV		ESI,[EBX+20]	; 转送源
   108 0000C2CF 66 01 DE                        		ADD		ESI,EBX
   109 0000C2D2 67 66 8B 7B 0C                  		MOV		EDI,[EBX+12]	; 转送目的地
   110 0000C2D7 E8 0016                         		CALL	memcpy
   111 0000C2DA                                 skip:
   112 0000C2DA 67 66 8B 63 0C                  		MOV		ESP,[EBX+12]	; 找初始值
   113 0000C2DF 66 EA 0000001B 0010             		JMP		DWORD 2*8:0x0000001b
   114 0000C2E7                                 
   115 0000C2E7                                 waitkbdout:
   116 0000C2E7 E4 64                           		IN		 AL,0x64
   117 0000C2E9 24 02                           		AND		 AL,0x02
   118 0000C2EB E4 60                           		IN		 AL,0x60
   119 0000C2ED 75 F8                           		JNZ		waitkbdout		; AND的结果不是0，则跳转到waitkbdout
   120 0000C2EF C3                              		RET
   121 0000C2F0                                 
   122 0000C2F0                                 memcpy:
   123 0000C2F0 67 66 8B 06                     		MOV		EAX,[ESI]
   124 0000C2F4 66 83 C6 04                     		ADD		ESI,4
   125 0000C2F8 67 66 89 07                     		MOV		[EDI],EAX
   126 0000C2FC 66 83 C7 04                     		ADD		EDI,4
   127 0000C300 66 83 E9 01                     		SUB		ECX,1
   128 0000C304 75 EA                           		JNZ		memcpy			; 减法运算的结果若不是0，就跳转到memcpy
   129 0000C306 C3                              		RET
   130 0000C307                                 
   131 0000C307                                 
   132 0000C307 00 00 00 00 00 00 00 00 00      		ALIGNB	16
   133 0000C310                                 GDT0:
   134 0000C310 00 00 00 00 00 00 00 00         		RESB	8				; NULL selector
   135 0000C318 FFFF 0000 9200 00CF             		DW		0xffff,0x0000,0x9200,0x00cf	; 可读写的段 32bit
   136 0000C320 FFFF 0000 9A28 0047             		DW		0xffff,0x0000,0x9a28,0x0047	; 可执行的段（bootpack用）
   137 0000C328                                 
   138 0000C328 0000                            		DW		0
   139 0000C32A                                 GDTR0:
   140 0000C32A 0017                            		DW		8*3-1
   141 0000C32C 0000C310                        		DD		GDT0
   142 0000C330                                 
   143 0000C330                                 		ALIGNB	16
   144 0000C330                                 bootpack: