     1 00000000                                 ; naskfunc
     2 00000000                                 
     3 00000000                                 [FORMAT "WCOFF"]				; 制作目标文件的模式	
     4 00000000                                 [INSTRSET "i486p"]	
     5 00000000                                 [BITS 32]						; 制作32位模式用的机械语言
     6 00000000                                 
     7 00000000                                 
     8 00000000                                 ; 制作目标文件的信息
     9 00000000                                 
    10 00000000                                 [FILE "naskfunc.nas"]			; 源文件名的信息
    11 00000000                                 
    12 00000000                                 		GLOBAL	_io_hlt, _io_cli, _io_sti, _io_stihlt
    13 00000000                                 		GLOBAL	_io_in8,  _io_in16,  _io_in32
    14 00000000                                 		GLOBAL	_io_out8, _io_out16, _io_out32
    15 00000000                                 		GLOBAL	_io_load_eflags, _io_store_eflags			; 程序汇总包含的函数名
    16 00000000                                 		GLOBAL	_load_gdtr, _load_idtr
    17 00000000                                 		GLOBAL	_load_cr0, _store_cr0
    18 00000000                                 		GLOBAL	_asm_inthandler21, _asm_inthandler27, _asm_inthandler2c
    19 00000000                                 		GLOBAL	_memtest_sub
    20 00000000                                 		EXTERN	_inthandler21, _inthandler27, _inthandler2c
    21 00000000                                 		
    22 00000000                                 ; 实际函数
    23 00000000                                 
    24                                          [SECTION .text]					; 目标文件中写了这个后面接程序
    25 00000000                                 
    26 00000000                                 _io_hlt:						; void io_hlt(void);
    27 00000000 F4                              		HLT
    28 00000001 C3                              		RET
    29 00000002                                 
    30 00000002                                 _io_cli:						; void io_cli(void);
    31 00000002 FA                              		CLI
    32 00000003 C3                              		RET
    33 00000004                                 
    34 00000004                                 _io_sti:						; void io_sti(void);
    35 00000004 FB                              		STI
    36 00000005 C3                              		RET
    37 00000006                                 
    38 00000006                                 _io_stihlt:						; void io_stihlt(void);
    39 00000006 FB                              		STI
    40 00000007 F4                              		HLT
    41 00000008 C3                              		RET
    42 00000009                                 
    43 00000009                                 _io_in8:						; int io_in8(int port);
    44 00000009 8B 54 24 04                     		MOV		EDX,[ESP+4]		; port
    45 0000000D B8 00000000                     		MOV		EAX,0
    46 00000012 EC                              		IN		AL,DX
    47 00000013 C3                              		RET
    48 00000014                                 
    49 00000014                                 _io_in16:						; int io_in16(int port);
    50 00000014 8B 54 24 04                     		MOV		EDX,[ESP+4]		; port
    51 00000018 B8 00000000                     		MOV		EAX,0
    52 0000001D 66 ED                           		IN		AX,DX
    53 0000001F C3                              		RET
    54 00000020                                 
    55 00000020                                 _io_in32:						; int io_in32(int port);
    56 00000020 8B 54 24 04                     		MOV		EDX,[ESP+4]		; port
    57 00000024 ED                              		IN		EAX,DX
    58 00000025 C3                              		RET
    59 00000026                                 
    60 00000026                                 _io_out8:						; void io_out8(int port, int data);
    61 00000026 8B 54 24 04                     		MOV		EDX,[ESP+4]		; port
    62 0000002A 8A 44 24 08                     		MOV		AL,[ESP+8]		; data
    63 0000002E EE                              		OUT		DX,AL
    64 0000002F C3                              		RET
    65 00000030                                 
    66 00000030                                 _io_out16:						; void io_out16(int port, int data);
    67 00000030 8B 54 24 04                     		MOV		EDX,[ESP+4]		; port
    68 00000034 8B 44 24 08                     		MOV		EAX,[ESP+8]		; data
    69 00000038 66 EF                           		OUT		DX,AX
    70 0000003A C3                              		RET
    71 0000003B                                 
    72 0000003B                                 _io_out32:						; void io_out32(int port, int data);
    73 0000003B 8B 54 24 04                     		MOV		EDX,[ESP+4]		; port
    74 0000003F 8B 44 24 08                     		MOV		EAX,[ESP+8]		; data
    75 00000043 EF                              		OUT		DX,EAX
    76 00000044 C3                              		RET
    77 00000045                                 
    78 00000045                                 _io_load_eflags:				; int io_load_eflags(void);
    79 00000045 9C                              		PUSHFD					; PUSH EFLAGS 
    80 00000046 58                              		POP		EAX
    81 00000047 C3                              		RET
    82 00000048                                 
    83 00000048                                 _io_store_eflags:				; void io_store_eflags(int eflags);
    84 00000048 8B 44 24 04                     		MOV		EAX,[ESP+4]
    85 0000004C 50                              		PUSH	EAX
    86 0000004D 9D                              		POPFD					; POP EFLAGS
    87 0000004E C3                              		RET
    88 0000004F                                 
    89 0000004F                                 _load_gdtr:		; void load_gdtr(int limit, int addr);
    90 0000004F 66 8B 44 24 04                  		MOV		AX,[ESP+4]		; limit
    91 00000054 66 89 44 24 06                  		MOV		[ESP+6],AX
    92 00000059 0F 01 54 24 06                  		LGDT	[ESP+6]
    93 0000005E C3                              		RET
    94 0000005F                                 
    95 0000005F                                 _load_idtr:		; void load_idtr(int limit, int addr);
    96 0000005F 66 8B 44 24 04                  		MOV		AX,[ESP+4]		; limit
    97 00000064 66 89 44 24 06                  		MOV		[ESP+6],AX
    98 00000069 0F 01 5C 24 06                  		LIDT	[ESP+6]
    99 0000006E C3                              		RET
   100 0000006F                                 
   101 0000006F                                 _load_cr0:		; int load_cr0(void);
   102 0000006F 0F 20 C0                        		MOV		EAX,CR0
   103 00000072 C3                              		RET
   104 00000073                                 
   105 00000073                                 _store_cr0:		; void store_cr0(int cr0);
   106 00000073 8B 44 24 04                     		MOV		EAX,[ESP+4]
   107 00000077 0F 22 C0                        		MOV		CR0,EAX
   108 0000007A C3                              		RET
   109 0000007B                                 		
   110 0000007B                                 _asm_inthandler21:
   111 0000007B 06                              		PUSH	ES
   112 0000007C 1E                              		PUSH	DS
   113 0000007D 60                              		PUSHAD
   114 0000007E 89 E0                           		MOV		EAX,ESP
   115 00000080 50                              		PUSH	EAX
   116 00000081 66 8C D0                        		MOV		AX,SS
   117 00000084 8E D8                           		MOV		DS,AX
   118 00000086 8E C0                           		MOV		ES,AX
   119 00000088 E8 [00000000]                   		CALL	_inthandler21
   120 0000008D 58                              		POP		EAX
   121 0000008E 61                              		POPAD
   122 0000008F 1F                              		POP		DS
   123 00000090 07                              		POP		ES
   124 00000091 CF                              		IRETD
   125 00000092                                 
   126 00000092                                 _asm_inthandler27:
   127 00000092 06                              		PUSH	ES
   128 00000093 1E                              		PUSH	DS
   129 00000094 60                              		PUSHAD
   130 00000095 89 E0                           		MOV		EAX,ESP
   131 00000097 50                              		PUSH	EAX
   132 00000098 66 8C D0                        		MOV		AX,SS
   133 0000009B 8E D8                           		MOV		DS,AX
   134 0000009D 8E C0                           		MOV		ES,AX
   135 0000009F E8 [00000000]                   		CALL	_inthandler27
   136 000000A4 58                              		POP		EAX
   137 000000A5 61                              		POPAD
   138 000000A6 1F                              		POP		DS
   139 000000A7 07                              		POP		ES
   140 000000A8 CF                              		IRETD
   141 000000A9                                 
   142 000000A9                                 _asm_inthandler2c:
   143 000000A9 06                              		PUSH	ES
   144 000000AA 1E                              		PUSH	DS
   145 000000AB 60                              		PUSHAD
   146 000000AC 89 E0                           		MOV		EAX,ESP
   147 000000AE 50                              		PUSH	EAX
   148 000000AF 66 8C D0                        		MOV		AX,SS
   149 000000B2 8E D8                           		MOV		DS,AX
   150 000000B4 8E C0                           		MOV		ES,AX
   151 000000B6 E8 [00000000]                   		CALL	_inthandler2c
   152 000000BB 58                              		POP		EAX
   153 000000BC 61                              		POPAD
   154 000000BD 1F                              		POP		DS
   155 000000BE 07                              		POP		ES
   156 000000BF CF                              		IRETD
   157 000000C0                                 
   158 000000C0                                 _memtest_sub:	; unsigned int memtest_sub(unsigned int start, unsigned int end)
   159 000000C0 57                              		PUSH	EDI						; （由于还要使用EBX, ESI, EDI）
   160 000000C1 56                              		PUSH	ESI
   161 000000C2 53                              		PUSH	EBX
   162 000000C3 BE AA55AA55                     		MOV		ESI,0xaa55aa55			; pat0 = 0xaa55aa55;
   163 000000C8 BF 55AA55AA                     		MOV		EDI,0x55aa55aa			; pat1 = 0x55aa55aa;
   164 000000CD 8B 44 24 10                     		MOV		EAX,[ESP+12+4]			; i = start;
   165 000000D1                                 mts_loop:
   166 000000D1 89 C3                           		MOV		EBX,EAX
   167 000000D3 81 C3 00000FFC                  		ADD		EBX,0xffc				; p = i + 0xffc;
   168 000000D9 8B 13                           		MOV		EDX,[EBX]				; old = *p;
   169 000000DB 89 33                           		MOV		[EBX],ESI				; *p = pat0;
   170 000000DD 83 33 FF                        		XOR		DWORD [EBX],0xffffffff	; *p ^= 0xffffffff;
   171 000000E0 3B 3B                           		CMP		EDI,[EBX]				; if (*p != pat1) goto fin;
   172 000000E2 75 18                           		JNE		mts_fin
   173 000000E4 83 33 FF                        		XOR		DWORD [EBX],0xffffffff	; *p ^= 0xffffffff;
   174 000000E7 3B 33                           		CMP		ESI,[EBX]				; if (*p != pat0) goto fin;
   175 000000E9 75 11                           		JNE		mts_fin
   176 000000EB 89 13                           		MOV		[EBX],EDX				; *p = old;
   177 000000ED 05 00001000                     		ADD		EAX,0x1000				; i += 0x1000;
   178 000000F2 3B 44 24 14                     		CMP		EAX,[ESP+12+8]			; if (i <= end) goto mts_loop;
   179 000000F6 76 D9                           		JBE		mts_loop
   180 000000F8 5B                              		POP		EBX
   181 000000F9 5E                              		POP		ESI
   182 000000FA 5F                              		POP		EDI
   183 000000FB C3                              		RET
   184 000000FC                                 mts_fin:
   185 000000FC 89 13                           		MOV		[EBX],EDX				; *p = old;
   186 000000FE 5B                              		POP		EBX
   187 000000FF 5E                              		POP		ESI
   188 00000100 5F                              		POP		EDI
   189 00000101 C3                              		RET
